Building DAG of jobs...
Using shell: /usr/bin/bash
Provided cores: 16
Rules claiming more threads will be scaled down.
Job stats:
job             count    min threads    max threads
------------  -------  -------------  -------------
all                 1              1              1
count_matrix        3              1              1
total               4              1              1

Select jobs to execute...

[Fri Jul 30 17:29:14 2021]
rule count_matrix:
    input: /data/taoyuhuan/RNAseq/reference/gtf/reference_genes.txt
    output: /data/taoyuhuan/RNAseq/test_RNAseq/output/count_matrix/count_matrix_hg38_long_rmdup.txt
    jobid: 38
    wildcards: output_dir=/data/taoyuhuan/RNAseq/test_RNAseq/output, count_level=hg38_long_rmdup
    resources: tmpdir=/tmp


[Fri Jul 30 17:29:14 2021]
rule count_matrix:
    input: /data/taoyuhuan/RNAseq/reference/gtf/reference_genes.txt
    output: /data/taoyuhuan/RNAseq/test_RNAseq/output/count_matrix/count_matrix_hg38_long.txt
    jobid: 37
    wildcards: output_dir=/data/taoyuhuan/RNAseq/test_RNAseq/output, count_level=hg38_long
    resources: tmpdir=/tmp


[Fri Jul 30 17:29:14 2021]
rule count_matrix:
    input: /data/taoyuhuan/RNAseq/reference/gtf/reference_genes.txt
    output: /data/taoyuhuan/RNAseq/test_RNAseq/output/count_matrix/count_matrix_intron_spanning.txt
    jobid: 39
    wildcards: output_dir=/data/taoyuhuan/RNAseq/test_RNAseq/output, count_level=intron_spanning
    resources: tmpdir=/tmp

[Fri Jul 30 17:29:14 2021]
Error in rule count_matrix:
    jobid: 38
    output: /data/taoyuhuan/RNAseq/test_RNAseq/output/count_matrix/count_matrix_hg38_long_rmdup.txt
    shell:
        
		sh /data/taoyuhuan/RNAseq/tools/count_matrix.sh /data/taoyuhuan/RNAseq/test_RNAseq/output/counts/hg38_long_rmdup /data/taoyuhuan/RNAseq/test_RNAseq/output/log/count_matrix/rownames_hg38_long_rmdup /data/taoyuhuan/RNAseq/test_RNAseq/output/log/count_matrix/counts_hg38_long_rmdup /data/taoyuhuan/RNAseq/reference/gtf/reference_genes.txt /data/taoyuhuan/RNAseq/test_RNAseq/output/count_matrix/count_matrix_hg38_long_rmdup.txt
		
        (one of the commands exited with non-zero exit code; note that snakemake uses bash strict mode!)

[Fri Jul 30 17:29:14 2021]
Error in rule count_matrix:
    jobid: 37
    output: /data/taoyuhuan/RNAseq/test_RNAseq/output/count_matrix/count_matrix_hg38_long.txt
    shell:
        
		sh /data/taoyuhuan/RNAseq/tools/count_matrix.sh /data/taoyuhuan/RNAseq/test_RNAseq/output/counts/hg38_long /data/taoyuhuan/RNAseq/test_RNAseq/output/log/count_matrix/rownames_hg38_long /data/taoyuhuan/RNAseq/test_RNAseq/output/log/count_matrix/counts_hg38_long /data/taoyuhuan/RNAseq/reference/gtf/reference_genes.txt /data/taoyuhuan/RNAseq/test_RNAseq/output/count_matrix/count_matrix_hg38_long.txt
		
        (one of the commands exited with non-zero exit code; note that snakemake uses bash strict mode!)

[Fri Jul 30 17:29:14 2021]
Error in rule count_matrix:
    jobid: 39
    output: /data/taoyuhuan/RNAseq/test_RNAseq/output/count_matrix/count_matrix_intron_spanning.txt
    shell:
        
		sh /data/taoyuhuan/RNAseq/tools/count_matrix.sh /data/taoyuhuan/RNAseq/test_RNAseq/output/counts/intron_spanning /data/taoyuhuan/RNAseq/test_RNAseq/output/log/count_matrix/rownames_intron_spanning /data/taoyuhuan/RNAseq/test_RNAseq/output/log/count_matrix/counts_intron_spanning /data/taoyuhuan/RNAseq/reference/gtf/reference_genes.txt /data/taoyuhuan/RNAseq/test_RNAseq/output/count_matrix/count_matrix_intron_spanning.txt
		
        (one of the commands exited with non-zero exit code; note that snakemake uses bash strict mode!)

Shutting down, this might take some time.
Exiting because a job execution failed. Look above for error message
Complete log: /data/taoyuhuan/RNAseq/test_RNAseq/.snakemake/log/2021-07-30T172913.929019.snakemake.log
