Building DAG of jobs...
Using shell: /usr/bin/bash
Provided cores: 4
Rules claiming more threads will be scaled down.
Job stats:
job            count    min threads    max threads
-----------  -------  -------------  -------------
all                1              1              1
cutadapt_pe        1              1              1
total              2              1              1

Select jobs to execute...

[Mon Jul 26 17:20:55 2021]
rule cutadapt_pe:
    input: /data/taoyuhuan/RNAseq/test_RNAseq/fastq/CRC-2418488_test_neg_1.fastq.gz, /data/taoyuhuan/RNAseq/test_RNAseq/fastq/CRC-2418488_test_neg_2.fastq.gz
    output: /data/taoyuhuan/RNAseq/test_RNAseq/output/cutadapt/CRC-2418488_test_neg_1.fastq.gz, /data/taoyuhuan/RNAseq/test_RNAseq/output/cutadapt/CRC-2418488_test_neg_2.fastq.gz
    log: /data/taoyuhuan/RNAseq/test_RNAseq/output/log/CRC-2418488_test_neg_cutadaptor.log
    jobid: 1
    wildcards: output_dir=/data/taoyuhuan/RNAseq/test_RNAseq/output, sample_id=CRC-2418488_test_neg
    resources: tmpdir=/tmp

[Mon Jul 26 17:20:58 2021]
Finished job 1.
1 of 2 steps (50%) done
Select jobs to execute...

[Mon Jul 26 17:20:58 2021]
localrule all:
    input: /data/taoyuhuan/RNAseq/test_RNAseq/output/cutadapt/CRC-2418488_test_neg_1.fastq.gz, /data/taoyuhuan/RNAseq/test_RNAseq/output/cutadapt/CRC-2418488_test_neg_2.fastq.gz
    jobid: 0
    resources: tmpdir=/tmp

[Mon Jul 26 17:20:58 2021]
Finished job 0.
2 of 2 steps (100%) done
Complete log: /data/taoyuhuan/RNAseq/test_RNAseq/.snakemake/log/2021-07-26T172054.845799.snakemake.log
