Building DAG of jobs...
Using shell: /usr/bin/bash
Provided cores: 16
Rules claiming more threads will be scaled down.
Job stats:
job                                     count    min threads    max threads
------------------------------------  -------  -------------  -------------
all                                         1              1              1
count_bam_intron_spanning_read_pairs        2              1              1
count_bam_read_pairs                        2              1              1
genomic_region                              1              1              1
get_Intron_spanning                         2              1              1
map_circRNA                                 1              1              1
map_hg38_long                               1              1              1
remove_duplicates                           2              1              1
samtools_stats                              2              1              1
samtools_stats_intron_spanning              2              1              1
samtools_stats_rmdup                        2              1              1
sort_bam_by_name                            2              1              1
total                                      20              1              1

Select jobs to execute...

[Tue Jul 27 23:29:07 2021]
rule map_hg38_long:
    input: /data/taoyuhuan/RNAseq/test_RNAseq/output/unmapped/CRC-2276341_test_neg/rRNA_1.fastq.gz, /data/taoyuhuan/RNAseq/test_RNAseq/output/unmapped/CRC-2276341_test_neg/rRNA_2.fastq.gz
    output: /data/taoyuhuan/RNAseq/test_RNAseq/output/bam/CRC-2276341_test_neg/hg38_long.bam, /data/taoyuhuan/RNAseq/test_RNAseq/output/unmapped/CRC-2276341_test_neg/hg38_long_1.fastq.gz, /data/taoyuhuan/RNAseq/test_RNAseq/output/unmapped/CRC-2276341_test_neg/hg38_long_2.fastq.gz, /data/taoyuhuan/RNAseq/test_RNAseq/output/log/CRC-2276341_test_neg/mapping_star/hg38_long/Log.final.out
    jobid: 13
    wildcards: output_dir=/data/taoyuhuan/RNAseq/test_RNAseq/output, sample_id=CRC-2276341_test_neg
    resources: tmpdir=/tmp

[Tue Jul 27 23:29:07 2021]
rule get_Intron_spanning:
    input: /data/taoyuhuan/RNAseq/test_RNAseq/output/bam/CRC-2418488_test_neg/hg38_long_rmdup.bam
    output: /data/taoyuhuan/RNAseq/test_RNAseq/output/bam/CRC-2418488_test_neg/hg38_long_intron_spanning.bam
    jobid: 27
    wildcards: output_dir=/data/taoyuhuan/RNAseq/test_RNAseq/output, sample_id=CRC-2418488_test_neg
    resources: tmpdir=/tmp

[Tue Jul 27 23:30:57 2021]
Error in rule get_Intron_spanning:
    jobid: 27
    output: /data/taoyuhuan/RNAseq/test_RNAseq/output/bam/CRC-2418488_test_neg/hg38_long_intron_spanning.bam
    shell:
        
		/data/taoyuhuan/RNAseq/tools/gatk-4.1.9.0/gatk SplitNCigarReads --java-options -Xmx4G 		--input /data/taoyuhuan/RNAseq/test_RNAseq/output/bam/CRC-2418488_test_neg/hg38_long_rmdup.bam 		--output /data/taoyuhuan/RNAseq/test_RNAseq/output/bam/CRC-2418488_test_neg/hg38_long_intron_spanning.bam 		-R /data/taoyuhuan/RNAseq/reference/fasta/hg38.fa
		
        (one of the commands exited with non-zero exit code; note that snakemake uses bash strict mode!)

Removing output files of failed job get_Intron_spanning since they might be corrupted:
/data/taoyuhuan/RNAseq/test_RNAseq/output/bam/CRC-2418488_test_neg/hg38_long_intron_spanning.bam
[Tue Jul 27 23:33:10 2021]
Finished job 13.
1 of 20 steps (5%) done
Shutting down, this might take some time.
Exiting because a job execution failed. Look above for error message
Complete log: /data/taoyuhuan/RNAseq/test_RNAseq/.snakemake/log/2021-07-27T232857.027951.snakemake.log
