Building DAG of jobs...
Using shell: /usr/bin/bash
Provided cores: 16
Rules claiming more threads will be scaled down.
Job stats:
job                                     count    min threads    max threads
------------------------------------  -------  -------------  -------------
add_ReadGroup                               2              1              1
all                                         1              1              1
count_bam_intron_spanning_read_pairs        2              1              1
count_bam_read_pairs                       10              1              1
count_clean_fastq_read_pairs                4              1              1
count_raw_fastq_read_pairs                  2              1              1
cutadapt_pe                                 2              1              1
genomic_region                              2              1              1
get_Intron_spanning                         2              1              1
map_circRNA                                 2              1              1
map_hg38_long                               2              1              1
map_rRNA                                    2              1              1
map_spikein_long                            2              1              1
map_univec                                  2              1              1
remove_duplicates                           6              1              1
samtools_stats                             10              1              1
samtools_stats_intron_spanning              2              1              1
samtools_stats_rmdup                        6              1              1
sort_bam_by_name                            6              1              1
trimGC                                      2              1              1
total                                      69              1              1

Select jobs to execute...

[Wed Jul 28 01:06:21 2021]
rule cutadapt_pe:
    input: /data/taoyuhuan/RNAseq/test_RNAseq/fastq/CRC-2276341_test_neg_1.fastq.gz, /data/taoyuhuan/RNAseq/test_RNAseq/fastq/CRC-2276341_test_neg_2.fastq.gz
    output: /data/taoyuhuan/RNAseq/test_RNAseq/output/cutadapt/CRC-2276341_test_neg_1.fastq.gz, /data/taoyuhuan/RNAseq/test_RNAseq/output/cutadapt/CRC-2276341_test_neg_2.fastq.gz
    log: /data/taoyuhuan/RNAseq/test_RNAseq/output/log/CRC-2276341_test_neg/cutadaptor.log
    jobid: 2
    wildcards: output_dir=/data/taoyuhuan/RNAseq/test_RNAseq/output, sample_id=CRC-2276341_test_neg
    resources: tmpdir=/tmp


[Wed Jul 28 01:06:21 2021]
rule cutadapt_pe:
    input: /data/taoyuhuan/RNAseq/test_RNAseq/fastq/CRC-2418488_test_neg_1.fastq.gz, /data/taoyuhuan/RNAseq/test_RNAseq/fastq/CRC-2418488_test_neg_2.fastq.gz
    output: /data/taoyuhuan/RNAseq/test_RNAseq/output/cutadapt/CRC-2418488_test_neg_1.fastq.gz, /data/taoyuhuan/RNAseq/test_RNAseq/output/cutadapt/CRC-2418488_test_neg_2.fastq.gz
    log: /data/taoyuhuan/RNAseq/test_RNAseq/output/log/CRC-2418488_test_neg/cutadaptor.log
    jobid: 1
    wildcards: output_dir=/data/taoyuhuan/RNAseq/test_RNAseq/output, sample_id=CRC-2418488_test_neg
    resources: tmpdir=/tmp


[Wed Jul 28 01:06:21 2021]
rule count_raw_fastq_read_pairs:
    input: /data/taoyuhuan/RNAseq/test_RNAseq/fastq/CRC-2276341_test_neg_1.fastq.gz
    output: /data/taoyuhuan/RNAseq/test_RNAseq/output/log/CRC-2276341_test_neg/read_pair/raw.txt
    jobid: 36
    wildcards: output_dir=/data/taoyuhuan/RNAseq/test_RNAseq/output, sample_id=CRC-2276341_test_neg
    resources: tmpdir=/tmp


[Wed Jul 28 01:06:21 2021]
rule count_raw_fastq_read_pairs:
    input: /data/taoyuhuan/RNAseq/test_RNAseq/fastq/CRC-2418488_test_neg_1.fastq.gz
    output: /data/taoyuhuan/RNAseq/test_RNAseq/output/log/CRC-2418488_test_neg/read_pair/raw.txt
    jobid: 35
    wildcards: output_dir=/data/taoyuhuan/RNAseq/test_RNAseq/output, sample_id=CRC-2418488_test_neg
    resources: tmpdir=/tmp

[Wed Jul 28 01:06:21 2021]
Finished job 35.
1 of 69 steps (1%) done
[Wed Jul 28 01:06:21 2021]
Finished job 36.
2 of 69 steps (3%) done
[Wed Jul 28 01:06:29 2021]
Finished job 2.
3 of 69 steps (4%) done
Select jobs to execute...

[Wed Jul 28 01:06:29 2021]
rule trimGC:
    input: /data/taoyuhuan/RNAseq/test_RNAseq/output/cutadapt/CRC-2276341_test_neg_1.fastq.gz, /data/taoyuhuan/RNAseq/test_RNAseq/output/cutadapt/CRC-2276341_test_neg_2.fastq.gz
    output: /data/taoyuhuan/RNAseq/test_RNAseq/output/trimGC/CRC-2276341_test_neg_1.fastq.gz, /data/taoyuhuan/RNAseq/test_RNAseq/output/trimGC/CRC-2276341_test_neg_2.fastq.gz
    log: /data/taoyuhuan/RNAseq/test_RNAseq/output/log/CRC-2276341_test_neg/trimGC.log
    jobid: 4
    wildcards: output_dir=/data/taoyuhuan/RNAseq/test_RNAseq/output, sample_id=CRC-2276341_test_neg
    resources: tmpdir=/tmp


[Wed Jul 28 01:06:29 2021]
rule count_clean_fastq_read_pairs:
    input: /data/taoyuhuan/RNAseq/test_RNAseq/output/cutadapt/CRC-2276341_test_neg_1.fastq.gz
    output: /data/taoyuhuan/RNAseq/test_RNAseq/output/log/CRC-2276341_test_neg/read_pair/cutadapt.txt
    jobid: 33
    wildcards: output_dir=/data/taoyuhuan/RNAseq/test_RNAseq/output, sample_id=CRC-2276341_test_neg, clean_level=cutadapt
    resources: tmpdir=/tmp

[Wed Jul 28 01:06:29 2021]
Finished job 1.
4 of 69 steps (6%) done
Select jobs to execute...

[Wed Jul 28 01:06:29 2021]
rule count_clean_fastq_read_pairs:
    input: /data/taoyuhuan/RNAseq/test_RNAseq/output/cutadapt/CRC-2418488_test_neg_1.fastq.gz
    output: /data/taoyuhuan/RNAseq/test_RNAseq/output/log/CRC-2418488_test_neg/read_pair/cutadapt.txt
    jobid: 31
    wildcards: output_dir=/data/taoyuhuan/RNAseq/test_RNAseq/output, sample_id=CRC-2418488_test_neg, clean_level=cutadapt
    resources: tmpdir=/tmp


[Wed Jul 28 01:06:29 2021]
rule trimGC:
    input: /data/taoyuhuan/RNAseq/test_RNAseq/output/cutadapt/CRC-2418488_test_neg_1.fastq.gz, /data/taoyuhuan/RNAseq/test_RNAseq/output/cutadapt/CRC-2418488_test_neg_2.fastq.gz
    output: /data/taoyuhuan/RNAseq/test_RNAseq/output/trimGC/CRC-2418488_test_neg_1.fastq.gz, /data/taoyuhuan/RNAseq/test_RNAseq/output/trimGC/CRC-2418488_test_neg_2.fastq.gz
    log: /data/taoyuhuan/RNAseq/test_RNAseq/output/log/CRC-2418488_test_neg/trimGC.log
    jobid: 3
    wildcards: output_dir=/data/taoyuhuan/RNAseq/test_RNAseq/output, sample_id=CRC-2418488_test_neg
    resources: tmpdir=/tmp

[Wed Jul 28 01:06:29 2021]
Finished job 33.
5 of 69 steps (7%) done
[Wed Jul 28 01:06:29 2021]
Finished job 31.
6 of 69 steps (9%) done
[Wed Jul 28 01:07:04 2021]
Finished job 4.
7 of 69 steps (10%) done
Select jobs to execute...

[Wed Jul 28 01:07:04 2021]
rule map_spikein_long:
    input: /data/taoyuhuan/RNAseq/test_RNAseq/output/trimGC/CRC-2276341_test_neg_1.fastq.gz, /data/taoyuhuan/RNAseq/test_RNAseq/output/trimGC/CRC-2276341_test_neg_2.fastq.gz
    output: /data/taoyuhuan/RNAseq/test_RNAseq/output/bam/CRC-2276341_test_neg/spikein_long.bam, /data/taoyuhuan/RNAseq/test_RNAseq/output/unmapped/CRC-2276341_test_neg/spikein_long_1.fastq.gz, /data/taoyuhuan/RNAseq/test_RNAseq/output/unmapped/CRC-2276341_test_neg/spikein_long_2.fastq.gz
    log: /data/taoyuhuan/RNAseq/test_RNAseq/output/log/CRC-2276341_test_neg/mapping_star/spikein_long/mapping.log
    jobid: 10
    wildcards: output_dir=/data/taoyuhuan/RNAseq/test_RNAseq/output, sample_id=CRC-2276341_test_neg
    resources: tmpdir=/tmp

[Wed Jul 28 01:07:04 2021]
rule count_clean_fastq_read_pairs:
    input: /data/taoyuhuan/RNAseq/test_RNAseq/output/trimGC/CRC-2276341_test_neg_1.fastq.gz
    output: /data/taoyuhuan/RNAseq/test_RNAseq/output/log/CRC-2276341_test_neg/read_pair/trimGC.txt
    jobid: 34
    wildcards: output_dir=/data/taoyuhuan/RNAseq/test_RNAseq/output, sample_id=CRC-2276341_test_neg, clean_level=trimGC
    resources: tmpdir=/tmp

[Wed Jul 28 01:07:04 2021]
Finished job 34.
8 of 69 steps (12%) done
[Wed Jul 28 01:07:08 2021]
Finished job 3.
9 of 69 steps (13%) done
Select jobs to execute...

[Wed Jul 28 01:07:08 2021]
rule map_spikein_long:
    input: /data/taoyuhuan/RNAseq/test_RNAseq/output/trimGC/CRC-2418488_test_neg_1.fastq.gz, /data/taoyuhuan/RNAseq/test_RNAseq/output/trimGC/CRC-2418488_test_neg_2.fastq.gz
    output: /data/taoyuhuan/RNAseq/test_RNAseq/output/bam/CRC-2418488_test_neg/spikein_long.bam, /data/taoyuhuan/RNAseq/test_RNAseq/output/unmapped/CRC-2418488_test_neg/spikein_long_1.fastq.gz, /data/taoyuhuan/RNAseq/test_RNAseq/output/unmapped/CRC-2418488_test_neg/spikein_long_2.fastq.gz
    log: /data/taoyuhuan/RNAseq/test_RNAseq/output/log/CRC-2418488_test_neg/mapping_star/spikein_long/mapping.log
    jobid: 5
    wildcards: output_dir=/data/taoyuhuan/RNAseq/test_RNAseq/output, sample_id=CRC-2418488_test_neg
    resources: tmpdir=/tmp

[Wed Jul 28 01:07:08 2021]
rule count_clean_fastq_read_pairs:
    input: /data/taoyuhuan/RNAseq/test_RNAseq/output/trimGC/CRC-2418488_test_neg_1.fastq.gz
    output: /data/taoyuhuan/RNAseq/test_RNAseq/output/log/CRC-2418488_test_neg/read_pair/trimGC.txt
    jobid: 32
    wildcards: output_dir=/data/taoyuhuan/RNAseq/test_RNAseq/output, sample_id=CRC-2418488_test_neg, clean_level=trimGC
    resources: tmpdir=/tmp

[Wed Jul 28 01:07:08 2021]
Finished job 32.
10 of 69 steps (14%) done
[Wed Jul 28 01:07:49 2021]
Finished job 10.
11 of 69 steps (16%) done
Select jobs to execute...

[Wed Jul 28 01:07:49 2021]
rule samtools_stats:
    input: /data/taoyuhuan/RNAseq/test_RNAseq/output/bam/CRC-2276341_test_neg/spikein_long.bam
    output: /data/taoyuhuan/RNAseq/test_RNAseq/output/log/CRC-2276341_test_neg/samtool_stats/spikein_long.txt
    jobid: 42
    wildcards: output_dir=/data/taoyuhuan/RNAseq/test_RNAseq/output, sample_id=CRC-2276341_test_neg, map_step=spikein_long
    resources: tmpdir=/tmp


[Wed Jul 28 01:07:49 2021]
rule map_univec:
    input: /data/taoyuhuan/RNAseq/test_RNAseq/output/unmapped/CRC-2276341_test_neg/spikein_long_1.fastq.gz, /data/taoyuhuan/RNAseq/test_RNAseq/output/unmapped/CRC-2276341_test_neg/spikein_long_2.fastq.gz
    output: /data/taoyuhuan/RNAseq/test_RNAseq/output/bam/CRC-2276341_test_neg/univec.bam, /data/taoyuhuan/RNAseq/test_RNAseq/output/unmapped/CRC-2276341_test_neg/univec_1.fastq.gz, /data/taoyuhuan/RNAseq/test_RNAseq/output/unmapped/CRC-2276341_test_neg/univec_2.fastq.gz
    log: /data/taoyuhuan/RNAseq/test_RNAseq/output/log/CRC-2276341_test_neg/mapping_star/univec/mapping.log
    jobid: 11
    wildcards: output_dir=/data/taoyuhuan/RNAseq/test_RNAseq/output, sample_id=CRC-2276341_test_neg
    resources: tmpdir=/tmp

[Wed Jul 28 01:07:49 2021]
Finished job 42.
12 of 69 steps (17%) done
Select jobs to execute...

[Wed Jul 28 01:07:49 2021]
rule count_bam_read_pairs:
    input: /data/taoyuhuan/RNAseq/test_RNAseq/output/log/CRC-2276341_test_neg/samtool_stats/spikein_long.txt
    output: /data/taoyuhuan/RNAseq/test_RNAseq/output/log/CRC-2276341_test_neg/read_pair/spikein_long.txt
    jobid: 60
    wildcards: output_dir=/data/taoyuhuan/RNAseq/test_RNAseq/output, sample_id=CRC-2276341_test_neg, map_step=spikein_long
    resources: tmpdir=/tmp

[Wed Jul 28 01:07:49 2021]
Finished job 60.
13 of 69 steps (19%) done
[Wed Jul 28 01:07:53 2021]
Finished job 5.
14 of 69 steps (20%) done
Select jobs to execute...

[Wed Jul 28 01:07:53 2021]
rule map_univec:
    input: /data/taoyuhuan/RNAseq/test_RNAseq/output/unmapped/CRC-2418488_test_neg/spikein_long_1.fastq.gz, /data/taoyuhuan/RNAseq/test_RNAseq/output/unmapped/CRC-2418488_test_neg/spikein_long_2.fastq.gz
    output: /data/taoyuhuan/RNAseq/test_RNAseq/output/bam/CRC-2418488_test_neg/univec.bam, /data/taoyuhuan/RNAseq/test_RNAseq/output/unmapped/CRC-2418488_test_neg/univec_1.fastq.gz, /data/taoyuhuan/RNAseq/test_RNAseq/output/unmapped/CRC-2418488_test_neg/univec_2.fastq.gz
    log: /data/taoyuhuan/RNAseq/test_RNAseq/output/log/CRC-2418488_test_neg/mapping_star/univec/mapping.log
    jobid: 6
    wildcards: output_dir=/data/taoyuhuan/RNAseq/test_RNAseq/output, sample_id=CRC-2418488_test_neg
    resources: tmpdir=/tmp

[Wed Jul 28 01:07:53 2021]
rule samtools_stats:
    input: /data/taoyuhuan/RNAseq/test_RNAseq/output/bam/CRC-2418488_test_neg/spikein_long.bam
    output: /data/taoyuhuan/RNAseq/test_RNAseq/output/log/CRC-2418488_test_neg/samtool_stats/spikein_long.txt
    jobid: 37
    wildcards: output_dir=/data/taoyuhuan/RNAseq/test_RNAseq/output, sample_id=CRC-2418488_test_neg, map_step=spikein_long
    resources: tmpdir=/tmp

[Wed Jul 28 01:07:53 2021]
Finished job 37.
15 of 69 steps (22%) done
Select jobs to execute...

[Wed Jul 28 01:07:53 2021]
rule count_bam_read_pairs:
    input: /data/taoyuhuan/RNAseq/test_RNAseq/output/log/CRC-2418488_test_neg/samtool_stats/spikein_long.txt
    output: /data/taoyuhuan/RNAseq/test_RNAseq/output/log/CRC-2418488_test_neg/read_pair/spikein_long.txt
    jobid: 55
    wildcards: output_dir=/data/taoyuhuan/RNAseq/test_RNAseq/output, sample_id=CRC-2418488_test_neg, map_step=spikein_long
    resources: tmpdir=/tmp

[Wed Jul 28 01:07:53 2021]
Finished job 55.
16 of 69 steps (23%) done
[Wed Jul 28 01:08:38 2021]
Finished job 6.
17 of 69 steps (25%) done
Select jobs to execute...

[Wed Jul 28 01:08:38 2021]
rule samtools_stats:
    input: /data/taoyuhuan/RNAseq/test_RNAseq/output/bam/CRC-2418488_test_neg/univec.bam
    output: /data/taoyuhuan/RNAseq/test_RNAseq/output/log/CRC-2418488_test_neg/samtool_stats/univec.txt
    jobid: 38
    wildcards: output_dir=/data/taoyuhuan/RNAseq/test_RNAseq/output, sample_id=CRC-2418488_test_neg, map_step=univec
    resources: tmpdir=/tmp


[Wed Jul 28 01:08:38 2021]
rule map_rRNA:
    input: /data/taoyuhuan/RNAseq/test_RNAseq/output/unmapped/CRC-2418488_test_neg/univec_1.fastq.gz, /data/taoyuhuan/RNAseq/test_RNAseq/output/unmapped/CRC-2418488_test_neg/univec_2.fastq.gz
    output: /data/taoyuhuan/RNAseq/test_RNAseq/output/bam/CRC-2418488_test_neg/rRNA.bam, /data/taoyuhuan/RNAseq/test_RNAseq/output/unmapped/CRC-2418488_test_neg/rRNA_1.fastq.gz, /data/taoyuhuan/RNAseq/test_RNAseq/output/unmapped/CRC-2418488_test_neg/rRNA_2.fastq.gz
    log: /data/taoyuhuan/RNAseq/test_RNAseq/output/log/CRC-2418488_test_neg/mapping_star/rRNA/mapping.out
    jobid: 7
    wildcards: output_dir=/data/taoyuhuan/RNAseq/test_RNAseq/output, sample_id=CRC-2418488_test_neg
    resources: tmpdir=/tmp

[Wed Jul 28 01:08:38 2021]
Finished job 38.
18 of 69 steps (26%) done
[Wed Jul 28 01:08:38 2021]
Finished job 11.
19 of 69 steps (28%) done
Select jobs to execute...

[Wed Jul 28 01:08:38 2021]
rule map_rRNA:
    input: /data/taoyuhuan/RNAseq/test_RNAseq/output/unmapped/CRC-2276341_test_neg/univec_1.fastq.gz, /data/taoyuhuan/RNAseq/test_RNAseq/output/unmapped/CRC-2276341_test_neg/univec_2.fastq.gz
    output: /data/taoyuhuan/RNAseq/test_RNAseq/output/bam/CRC-2276341_test_neg/rRNA.bam, /data/taoyuhuan/RNAseq/test_RNAseq/output/unmapped/CRC-2276341_test_neg/rRNA_1.fastq.gz, /data/taoyuhuan/RNAseq/test_RNAseq/output/unmapped/CRC-2276341_test_neg/rRNA_2.fastq.gz
    log: /data/taoyuhuan/RNAseq/test_RNAseq/output/log/CRC-2276341_test_neg/mapping_star/rRNA/mapping.out
    jobid: 12
    wildcards: output_dir=/data/taoyuhuan/RNAseq/test_RNAseq/output, sample_id=CRC-2276341_test_neg
    resources: tmpdir=/tmp

[Wed Jul 28 01:08:38 2021]
rule samtools_stats:
    input: /data/taoyuhuan/RNAseq/test_RNAseq/output/bam/CRC-2276341_test_neg/univec.bam
    output: /data/taoyuhuan/RNAseq/test_RNAseq/output/log/CRC-2276341_test_neg/samtool_stats/univec.txt
    jobid: 43
    wildcards: output_dir=/data/taoyuhuan/RNAseq/test_RNAseq/output, sample_id=CRC-2276341_test_neg, map_step=univec
    resources: tmpdir=/tmp


[Wed Jul 28 01:08:38 2021]
rule count_bam_read_pairs:
    input: /data/taoyuhuan/RNAseq/test_RNAseq/output/log/CRC-2418488_test_neg/samtool_stats/univec.txt
    output: /data/taoyuhuan/RNAseq/test_RNAseq/output/log/CRC-2418488_test_neg/read_pair/univec.txt
    jobid: 56
    wildcards: output_dir=/data/taoyuhuan/RNAseq/test_RNAseq/output, sample_id=CRC-2418488_test_neg, map_step=univec
    resources: tmpdir=/tmp

[Wed Jul 28 01:08:38 2021]
Finished job 56.
20 of 69 steps (29%) done
[Wed Jul 28 01:08:38 2021]
Finished job 43.
21 of 69 steps (30%) done
Select jobs to execute...

[Wed Jul 28 01:08:38 2021]
rule count_bam_read_pairs:
    input: /data/taoyuhuan/RNAseq/test_RNAseq/output/log/CRC-2276341_test_neg/samtool_stats/univec.txt
    output: /data/taoyuhuan/RNAseq/test_RNAseq/output/log/CRC-2276341_test_neg/read_pair/univec.txt
    jobid: 61
    wildcards: output_dir=/data/taoyuhuan/RNAseq/test_RNAseq/output, sample_id=CRC-2276341_test_neg, map_step=univec
    resources: tmpdir=/tmp

[Wed Jul 28 01:08:38 2021]
Finished job 61.
22 of 69 steps (32%) done
[Wed Jul 28 01:09:30 2021]
Finished job 7.
23 of 69 steps (33%) done
[Wed Jul 28 01:09:31 2021]
Finished job 12.
24 of 69 steps (35%) done
Select jobs to execute...

[Wed Jul 28 01:09:32 2021]
rule samtools_stats:
    input: /data/taoyuhuan/RNAseq/test_RNAseq/output/bam/CRC-2418488_test_neg/rRNA.bam
    output: /data/taoyuhuan/RNAseq/test_RNAseq/output/log/CRC-2418488_test_neg/samtool_stats/rRNA.txt
    jobid: 39
    wildcards: output_dir=/data/taoyuhuan/RNAseq/test_RNAseq/output, sample_id=CRC-2418488_test_neg, map_step=rRNA
    resources: tmpdir=/tmp


[Wed Jul 28 01:09:32 2021]
rule sort_bam_by_name:
    input: /data/taoyuhuan/RNAseq/test_RNAseq/output/bam/CRC-2418488_test_neg/rRNA.bam
    output: /data/taoyuhuan/RNAseq/test_RNAseq/output/bam/CRC-2418488_test_neg/rRNA_sortbyName.bam
    log: /data/taoyuhuan/RNAseq/test_RNAseq/output/log/CRC-2418488_test_neg/samtools_sort/rRNA_sortbynName.log
    jobid: 15
    wildcards: output_dir=/data/taoyuhuan/RNAseq/test_RNAseq/output, sample_id=CRC-2418488_test_neg, map_step_sortbyName=rRNA
    resources: tmpdir=/tmp


[Wed Jul 28 01:09:32 2021]
rule map_hg38_long:
    input: /data/taoyuhuan/RNAseq/test_RNAseq/output/unmapped/CRC-2276341_test_neg/rRNA_1.fastq.gz, /data/taoyuhuan/RNAseq/test_RNAseq/output/unmapped/CRC-2276341_test_neg/rRNA_2.fastq.gz
    output: /data/taoyuhuan/RNAseq/test_RNAseq/output/bam/CRC-2276341_test_neg/hg38_long.bam, /data/taoyuhuan/RNAseq/test_RNAseq/output/unmapped/CRC-2276341_test_neg/hg38_long_1.fastq.gz, /data/taoyuhuan/RNAseq/test_RNAseq/output/unmapped/CRC-2276341_test_neg/hg38_long_2.fastq.gz
    log: /data/taoyuhuan/RNAseq/test_RNAseq/output/log/CRC-2276341_test_neg/mapping_star/hg38_long/mapping.log
    jobid: 13
    wildcards: output_dir=/data/taoyuhuan/RNAseq/test_RNAseq/output, sample_id=CRC-2276341_test_neg
    resources: tmpdir=/tmp

[Wed Jul 28 01:09:32 2021]
rule sort_bam_by_name:
    input: /data/taoyuhuan/RNAseq/test_RNAseq/output/bam/CRC-2276341_test_neg/rRNA.bam
    output: /data/taoyuhuan/RNAseq/test_RNAseq/output/bam/CRC-2276341_test_neg/rRNA_sortbyName.bam
    log: /data/taoyuhuan/RNAseq/test_RNAseq/output/log/CRC-2276341_test_neg/samtools_sort/rRNA_sortbynName.log
    jobid: 18
    wildcards: output_dir=/data/taoyuhuan/RNAseq/test_RNAseq/output, sample_id=CRC-2276341_test_neg, map_step_sortbyName=rRNA
    resources: tmpdir=/tmp

[Wed Jul 28 01:09:32 2021]
Finished job 39.
25 of 69 steps (36%) done

[Wed Jul 28 01:09:32 2021]
rule map_hg38_long:
    input: /data/taoyuhuan/RNAseq/test_RNAseq/output/unmapped/CRC-2418488_test_neg/rRNA_1.fastq.gz, /data/taoyuhuan/RNAseq/test_RNAseq/output/unmapped/CRC-2418488_test_neg/rRNA_2.fastq.gz
    output: /data/taoyuhuan/RNAseq/test_RNAseq/output/bam/CRC-2418488_test_neg/hg38_long.bam, /data/taoyuhuan/RNAseq/test_RNAseq/output/unmapped/CRC-2418488_test_neg/hg38_long_1.fastq.gz, /data/taoyuhuan/RNAseq/test_RNAseq/output/unmapped/CRC-2418488_test_neg/hg38_long_2.fastq.gz
    log: /data/taoyuhuan/RNAseq/test_RNAseq/output/log/CRC-2418488_test_neg/mapping_star/hg38_long/mapping.log
    jobid: 8
    wildcards: output_dir=/data/taoyuhuan/RNAseq/test_RNAseq/output, sample_id=CRC-2418488_test_neg
    resources: tmpdir=/tmp

[Wed Jul 28 01:09:32 2021]
[Wed Jul 28 01:09:32 2021]
Finished job 15.
rule samtools_stats:
    input: /data/taoyuhuan/RNAseq/test_RNAseq/output/bam/CRC-2276341_test_neg/rRNA.bam
    output: /data/taoyuhuan/RNAseq/test_RNAseq/output/log/CRC-2276341_test_neg/samtool_stats/rRNA.txt
    jobid: 44
    wildcards: output_dir=/data/taoyuhuan/RNAseq/test_RNAseq/output, sample_id=CRC-2276341_test_neg, map_step=rRNA
    resources: tmpdir=/tmp
26 of 69 steps (38%) done

Select jobs to execute...

[Wed Jul 28 01:09:32 2021]
rule count_bam_read_pairs:
    input: /data/taoyuhuan/RNAseq/test_RNAseq/output/log/CRC-2418488_test_neg/samtool_stats/rRNA.txt
    output: /data/taoyuhuan/RNAseq/test_RNAseq/output/log/CRC-2418488_test_neg/read_pair/rRNA.txt
    jobid: 57
    wildcards: output_dir=/data/taoyuhuan/RNAseq/test_RNAseq/output, sample_id=CRC-2418488_test_neg, map_step=rRNA
    resources: tmpdir=/tmp


[Wed Jul 28 01:09:32 2021]
[Wed Jul 28 01:09:32 2021]
rule remove_duplicates:
    input: /data/taoyuhuan/RNAseq/test_RNAseq/output/bam/CRC-2418488_test_neg/rRNA_sortbyName.bam
    output: /data/taoyuhuan/RNAseq/test_RNAseq/output/bam/CRC-2418488_test_neg/rRNA_rmdup.bam, /data/taoyuhuan/RNAseq/test_RNAseq/output/log/CRC-2418488_test_neg/remove_duplicate/rRNA_rmdup
    log: /data/taoyuhuan/RNAseq/test_RNAseq/output/log/CRC-2418488_test_neg/picard_rmdup/rRNA_remove_duplicates.log
    jobid: 21
    wildcards: output_dir=/data/taoyuhuan/RNAseq/test_RNAseq/output, sample_id=CRC-2418488_test_neg, map_step_sortbyName=rRNA
    resources: tmpdir=/tmp
Finished job 44.

27 of 69 steps (39%) done
[Wed Jul 28 01:09:32 2021]
Finished job 18.
28 of 69 steps (41%) done
[Wed Jul 28 01:09:32 2021]
Finished job 57.
29 of 69 steps (42%) done
Select jobs to execute...

[Wed Jul 28 01:09:32 2021]
rule remove_duplicates:
    input: /data/taoyuhuan/RNAseq/test_RNAseq/output/bam/CRC-2276341_test_neg/rRNA_sortbyName.bam
    output: /data/taoyuhuan/RNAseq/test_RNAseq/output/bam/CRC-2276341_test_neg/rRNA_rmdup.bam, /data/taoyuhuan/RNAseq/test_RNAseq/output/log/CRC-2276341_test_neg/remove_duplicate/rRNA_rmdup
    log: /data/taoyuhuan/RNAseq/test_RNAseq/output/log/CRC-2276341_test_neg/picard_rmdup/rRNA_remove_duplicates.log
    jobid: 24
    wildcards: output_dir=/data/taoyuhuan/RNAseq/test_RNAseq/output, sample_id=CRC-2276341_test_neg, map_step_sortbyName=rRNA
    resources: tmpdir=/tmp


[Wed Jul 28 01:09:32 2021]
rule count_bam_read_pairs:
    input: /data/taoyuhuan/RNAseq/test_RNAseq/output/log/CRC-2276341_test_neg/samtool_stats/rRNA.txt
    output: /data/taoyuhuan/RNAseq/test_RNAseq/output/log/CRC-2276341_test_neg/read_pair/rRNA.txt
    jobid: 62
    wildcards: output_dir=/data/taoyuhuan/RNAseq/test_RNAseq/output, sample_id=CRC-2276341_test_neg, map_step=rRNA
    resources: tmpdir=/tmp

[Wed Jul 28 01:09:32 2021]
Finished job 62.
30 of 69 steps (43%) done
[Wed Jul 28 01:09:40 2021]
Finished job 21.
31 of 69 steps (45%) done
[Wed Jul 28 01:09:41 2021]
Finished job 24.
32 of 69 steps (46%) done
Select jobs to execute...

[Wed Jul 28 01:09:42 2021]
rule samtools_stats_rmdup:
    input: /data/taoyuhuan/RNAseq/test_RNAseq/output/bam/CRC-2418488_test_neg/rRNA_rmdup.bam
    output: /data/taoyuhuan/RNAseq/test_RNAseq/output/log/CRC-2418488_test_neg/samtool_stats/rRNA_rmdup.txt
    jobid: 47
    wildcards: output_dir=/data/taoyuhuan/RNAseq/test_RNAseq/output, sample_id=CRC-2418488_test_neg, map_step_rmdup=rRNA
    resources: tmpdir=/tmp


[Wed Jul 28 01:09:43 2021]
rule samtools_stats_rmdup:
    input: /data/taoyuhuan/RNAseq/test_RNAseq/output/bam/CRC-2276341_test_neg/rRNA_rmdup.bam
    output: /data/taoyuhuan/RNAseq/test_RNAseq/output/log/CRC-2276341_test_neg/samtool_stats/rRNA_rmdup.txt
    jobid: 50
    wildcards: output_dir=/data/taoyuhuan/RNAseq/test_RNAseq/output, sample_id=CRC-2276341_test_neg, map_step_rmdup=rRNA
    resources: tmpdir=/tmp

[Wed Jul 28 01:09:44 2021]
Finished job 47.
33 of 69 steps (48%) done
[Wed Jul 28 01:09:45 2021]
Finished job 50.
34 of 69 steps (49%) done
[Wed Jul 28 01:12:43 2021]
Finished job 13.
35 of 69 steps (51%) done
Select jobs to execute...

[Wed Jul 28 01:12:44 2021]
rule samtools_stats:
    input: /data/taoyuhuan/RNAseq/test_RNAseq/output/bam/CRC-2276341_test_neg/hg38_long.bam
    output: /data/taoyuhuan/RNAseq/test_RNAseq/output/log/CRC-2276341_test_neg/samtool_stats/hg38_long.txt
    jobid: 45
    wildcards: output_dir=/data/taoyuhuan/RNAseq/test_RNAseq/output, sample_id=CRC-2276341_test_neg, map_step=hg38_long
    resources: tmpdir=/tmp


[Wed Jul 28 01:12:44 2021]
rule map_circRNA:
    input: /data/taoyuhuan/RNAseq/test_RNAseq/output/unmapped/CRC-2276341_test_neg/hg38_long_1.fastq.gz, /data/taoyuhuan/RNAseq/test_RNAseq/output/unmapped/CRC-2276341_test_neg/hg38_long_2.fastq.gz
    output: /data/taoyuhuan/RNAseq/test_RNAseq/output/bam/CRC-2276341_test_neg/circRNA.bam, /data/taoyuhuan/RNAseq/test_RNAseq/output/unmapped/CRC-2276341_test_neg/circRNA_1.fastq.gz, /data/taoyuhuan/RNAseq/test_RNAseq/output/unmapped/CRC-2276341_test_neg/circRNA_2.fastq.gz
    log: /data/taoyuhuan/RNAseq/test_RNAseq/output/log/CRC-2276341_test_neg/mapping_star/circRNA/mapping.log
    jobid: 14
    wildcards: output_dir=/data/taoyuhuan/RNAseq/test_RNAseq/output, sample_id=CRC-2276341_test_neg
    resources: tmpdir=/tmp

[Wed Jul 28 01:12:44 2021]
rule sort_bam_by_name:
    input: /data/taoyuhuan/RNAseq/test_RNAseq/output/bam/CRC-2276341_test_neg/hg38_long.bam
    output: /data/taoyuhuan/RNAseq/test_RNAseq/output/bam/CRC-2276341_test_neg/hg38_long_sortbyName.bam
    log: /data/taoyuhuan/RNAseq/test_RNAseq/output/log/CRC-2276341_test_neg/samtools_sort/hg38_long_sortbynName.log
    jobid: 19
    wildcards: output_dir=/data/taoyuhuan/RNAseq/test_RNAseq/output, sample_id=CRC-2276341_test_neg, map_step_sortbyName=hg38_long
    resources: tmpdir=/tmp


[Wed Jul 28 01:12:44 2021]
rule genomic_region:
    input: /data/taoyuhuan/RNAseq/test_RNAseq/output/bam/CRC-2276341_test_neg/hg38_long.bam
    output: /data/taoyuhuan/RNAseq/test_RNAseq/output/log/CRC-2276341_test_neg/genome_region
    log: /data/taoyuhuan/RNAseq/test_RNAseq/output/log/CRC-2276341_test_neg/genomic_region/genomic_region.log
    jobid: 68
    wildcards: output_dir=/data/taoyuhuan/RNAseq/test_RNAseq/output, sample_id=CRC-2276341_test_neg
    resources: tmpdir=/tmp

[Wed Jul 28 01:12:44 2021]
Error in rule samtools_stats:
[Wed Jul 28 01:12:44 2021]
    jobid: 45
Error in rule sort_bam_by_name:
    output: /data/taoyuhuan/RNAseq/test_RNAseq/output/log/CRC-2276341_test_neg/samtool_stats/hg38_long.txt
    jobid: 19
    shell:
        
		samtools stats /data/taoyuhuan/RNAseq/test_RNAseq/output/bam/CRC-2276341_test_neg/hg38_long.bam > /data/taoyuhuan/RNAseq/test_RNAseq/output/log/CRC-2276341_test_neg/samtool_stats/hg38_long.txt
		
        (one of the commands exited with non-zero exit code; note that snakemake uses bash strict mode!)
    output: /data/taoyuhuan/RNAseq/test_RNAseq/output/bam/CRC-2276341_test_neg/hg38_long_sortbyName.bam

    log: /data/taoyuhuan/RNAseq/test_RNAseq/output/log/CRC-2276341_test_neg/samtools_sort/hg38_long_sortbynName.log (check log file(s) for error message)
Removing output files of failed job samtools_stats since they might be corrupted:
/data/taoyuhuan/RNAseq/test_RNAseq/output/log/CRC-2276341_test_neg/samtool_stats/hg38_long.txt
    shell:
        
		samtools sort -n -T /data/taoyuhuan/RNAseq/test_RNAseq/temp -o /data/taoyuhuan/RNAseq/test_RNAseq/output/bam/CRC-2276341_test_neg/hg38_long_sortbyName.bam /data/taoyuhuan/RNAseq/test_RNAseq/output/bam/CRC-2276341_test_neg/hg38_long.bam > /data/taoyuhuan/RNAseq/test_RNAseq/output/log/CRC-2276341_test_neg/samtools_sort/hg38_long_sortbynName.log 2>&1
		
        (one of the commands exited with non-zero exit code; note that snakemake uses bash strict mode!)

[Wed Jul 28 01:12:53 2021]
Finished job 8.
36 of 69 steps (52%) done
[Wed Jul 28 01:12:55 2021]
Finished job 68.
37 of 69 steps (54%) done
[Wed Jul 28 01:13:10 2021]
Finished job 14.
38 of 69 steps (55%) done
Shutting down, this might take some time.
Exiting because a job execution failed. Look above for error message
Complete log: /data/taoyuhuan/RNAseq/test_RNAseq/.snakemake/log/2021-07-28T010620.637250.snakemake.log
