Building DAG of jobs...
Using shell: /usr/bin/bash
Provided cores: 16
Rules claiming more threads will be scaled down.
Job stats:
job               count    min threads    max threads
--------------  -------  -------------  -------------
all                   1              1              1
genomic_region        2              1              1
total                 3              1              1

Select jobs to execute...

[Tue Jul 27 17:49:36 2021]
rule genomic_region:
    input: /data/taoyuhuan/RNAseq/test_RNAseq/output/bam/CRC-2276341_test_neg/hg38_long.bam
    output: /data/taoyuhuan/RNAseq/test_RNAseq/output/log/CRC-2276341_test_neg/genome_region
    jobid: 44
    wildcards: output_dir=/data/taoyuhuan/RNAseq/test_RNAseq/output, sample_id=CRC-2276341_test_neg
    resources: tmpdir=/tmp


[Tue Jul 27 17:49:36 2021]
rule genomic_region:
    input: /data/taoyuhuan/RNAseq/test_RNAseq/output/bam/CRC-2418488_test_neg/hg38_long.bam
    output: /data/taoyuhuan/RNAseq/test_RNAseq/output/log/CRC-2418488_test_neg/genome_region
    jobid: 43
    wildcards: output_dir=/data/taoyuhuan/RNAseq/test_RNAseq/output, sample_id=CRC-2418488_test_neg
    resources: tmpdir=/tmp

ImproperOutputException in line 279 of /data/taoyuhuan/RNAseq/test_RNAseq/RNAseq.snakefile:
Outputs of incorrect type (directories when expecting files or vice versa). Output directories must be flagged with directory(). for rule genomic_region:
/data/taoyuhuan/RNAseq/test_RNAseq/output/log/CRC-2418488_test_neg/genome_region
Removing output files of failed job genomic_region since they might be corrupted:
/data/taoyuhuan/RNAseq/test_RNAseq/output/log/CRC-2418488_test_neg/genome_region
Skipped removing non-empty directory /data/taoyuhuan/RNAseq/test_RNAseq/output/log/CRC-2418488_test_neg/genome_region
ImproperOutputException in line 279 of /data/taoyuhuan/RNAseq/test_RNAseq/RNAseq.snakefile:
Outputs of incorrect type (directories when expecting files or vice versa). Output directories must be flagged with directory(). for rule genomic_region:
/data/taoyuhuan/RNAseq/test_RNAseq/output/log/CRC-2276341_test_neg/genome_region
Removing output files of failed job genomic_region since they might be corrupted:
/data/taoyuhuan/RNAseq/test_RNAseq/output/log/CRC-2276341_test_neg/genome_region
Skipped removing non-empty directory /data/taoyuhuan/RNAseq/test_RNAseq/output/log/CRC-2276341_test_neg/genome_region
Shutting down, this might take some time.
Exiting because a job execution failed. Look above for error message
Complete log: /data/taoyuhuan/RNAseq/test_RNAseq/.snakemake/log/2021-07-27T174935.597170.snakemake.log
