Building DAG of jobs...
Using shell: /usr/bin/bash
Provided cluster nodes: 999
Job stats:
job                                     count    min threads    max threads
------------------------------------  -------  -------------  -------------
add_ReadGroup                               1              1              1
all                                         1              1              1
count_bam_intron_spanning_read_pairs        1              1              1
count_bam_read_pairs                        5              1              1
count_bam_rmdup_read_pairs                  3              1              1
count_clean_fastq_read_pairs                2              1              1
count_raw_fastq_read_pairs                  1              1              1
cutadapt_pe                                 1              1              1
featurecounts                               1              1              1
featurecounts_intron_spanning               1              1              1
featurecounts_rmdup                         1              1              1
genomic_region                              1              1              1
get_Intron_spanning                         1              1              1
map_circRNA                                 1              1              1
map_hg38_long                               1              1              1
map_rRNA                                    1              1              1
map_spikein_long                            1              1              1
map_univec                                  1              1              1
remove_duplicates                           3              1              1
samtools_stats                              5              1              1
samtools_stats_intron_spanning              1              1              1
samtools_stats_rmdup                        3              1              1
sort_bam_by_name                            3              1              1
trimGC                                      1              1              1
total                                      41              1              1

Select jobs to execute...

[Wed Jul 28 15:38:47 2021]
rule cutadapt_pe:
    input: /data/taoyuhuan/RNAseq/test_RNAseq/fastq/CRC-2418488_test_neg_1.fastq.gz, /data/taoyuhuan/RNAseq/test_RNAseq/fastq/CRC-2418488_test_neg_2.fastq.gz
    output: /data/taoyuhuan/RNAseq/test_RNAseq/output/cutadapt/CRC-2418488_test_neg_1.fastq.gz, /data/taoyuhuan/RNAseq/test_RNAseq/output/cutadapt/CRC-2418488_test_neg_2.fastq.gz
    log: /data/taoyuhuan/RNAseq/test_RNAseq/output/log/CRC-2418488_test_neg/cutadaptor.log
    jobid: 1
    wildcards: output_dir=/data/taoyuhuan/RNAseq/test_RNAseq/output, sample_id=CRC-2418488_test_neg
    resources: tmpdir=/tmp

Submitted job 1 with external jobid 'Submitted batch job 83846'.

[Wed Jul 28 15:38:47 2021]
rule count_raw_fastq_read_pairs:
    input: /data/taoyuhuan/RNAseq/test_RNAseq/fastq/CRC-2418488_test_neg_1.fastq.gz
    output: /data/taoyuhuan/RNAseq/test_RNAseq/output/log/CRC-2418488_test_neg/read_pair/raw.txt
    jobid: 21
    wildcards: output_dir=/data/taoyuhuan/RNAseq/test_RNAseq/output, sample_id=CRC-2418488_test_neg
    resources: tmpdir=/tmp

Submitted job 21 with external jobid 'Submitted batch job 83847'.
[Wed Jul 28 15:38:57 2021]
Error in rule cutadapt_pe:
    jobid: 1
    output: /data/taoyuhuan/RNAseq/test_RNAseq/output/cutadapt/CRC-2418488_test_neg_1.fastq.gz, /data/taoyuhuan/RNAseq/test_RNAseq/output/cutadapt/CRC-2418488_test_neg_2.fastq.gz
    log: /data/taoyuhuan/RNAseq/test_RNAseq/output/log/CRC-2418488_test_neg/cutadaptor.log (check log file(s) for error message)
    shell:
        
		cutadapt --pair-filter any -j 4 -q 30,30 -a AGATCGGAAGAGCACACGTCTGAACTCCAGTCA -A AGATCGGAAGAGCGTCGTGTAGGGAAAGAGTGT 		--trim-n -m 16 -o /data/taoyuhuan/RNAseq/test_RNAseq/output/cutadapt/CRC-2418488_test_neg_1.fastq.gz -p /data/taoyuhuan/RNAseq/test_RNAseq/output/cutadapt/CRC-2418488_test_neg_2.fastq.gz 		/data/taoyuhuan/RNAseq/test_RNAseq/fastq/CRC-2418488_test_neg_1.fastq.gz /data/taoyuhuan/RNAseq/test_RNAseq/fastq/CRC-2418488_test_neg_2.fastq.gz > /data/taoyuhuan/RNAseq/test_RNAseq/output/log/CRC-2418488_test_neg/cutadaptor.log 2>&1
		
        (one of the commands exited with non-zero exit code; note that snakemake uses bash strict mode!)
    cluster_jobid: Submitted batch job 83846

Error executing rule cutadapt_pe on cluster (jobid: 1, external: Submitted batch job 83846, jobscript: /data/taoyuhuan/RNAseq/test_RNAseq/.snakemake/tmp.lwwe97xx/snakejob.cutadapt_pe.1.sh). For error details see the cluster log and the log files of the involved rule(s).
[Wed Jul 28 15:38:57 2021]
Error in rule count_raw_fastq_read_pairs:
    jobid: 21
    output: /data/taoyuhuan/RNAseq/test_RNAseq/output/log/CRC-2418488_test_neg/read_pair/raw.txt
    shell:
        
		pigz -p 4 -d -c /data/taoyuhuan/RNAseq/test_RNAseq/fastq/CRC-2418488_test_neg_1.fastq.gz | wc -l | awk '{print int($0/4)}' > /data/taoyuhuan/RNAseq/test_RNAseq/output/log/CRC-2418488_test_neg/read_pair/raw.txt
		
        (one of the commands exited with non-zero exit code; note that snakemake uses bash strict mode!)
    cluster_jobid: Submitted batch job 83847

Error executing rule count_raw_fastq_read_pairs on cluster (jobid: 21, external: Submitted batch job 83847, jobscript: /data/taoyuhuan/RNAseq/test_RNAseq/.snakemake/tmp.lwwe97xx/snakejob.count_raw_fastq_read_pairs.21.sh). For error details see the cluster log and the log files of the involved rule(s).
Shutting down, this might take some time.
Exiting because a job execution failed. Look above for error message
Complete log: /data/taoyuhuan/RNAseq/test_RNAseq/.snakemake/log/2021-07-28T153845.679266.snakemake.log
