Building DAG of jobs...
Using shell: /usr/bin/bash
Provided cores: 16
Rules claiming more threads will be scaled down.
Job stats:
job                 count    min threads    max threads
----------------  -------  -------------  -------------
all                     1              1              1
cutadapt_pe             2              1              1
map_circRNA             2              1              1
map_hg38_long           2              1              1
map_rRNA                2              1              1
map_spikein_long        2              1              1
map_univec              2              1              1
trimGC                  2              1              1
total                  15              1              1

Select jobs to execute...

[Mon Jul 26 22:37:28 2021]
rule cutadapt_pe:
    input: /data/taoyuhuan/RNAseq/test_RNAseq/fastq/CRC-2276341_test_neg_1.fastq.gz, /data/taoyuhuan/RNAseq/test_RNAseq/fastq/CRC-2276341_test_neg_2.fastq.gz
    output: /data/taoyuhuan/RNAseq/test_RNAseq/output/cutadapt/CRC-2276341_test_neg_1.fastq.gz, /data/taoyuhuan/RNAseq/test_RNAseq/output/cutadapt/CRC-2276341_test_neg_2.fastq.gz
    log: /data/taoyuhuan/RNAseq/test_RNAseq/output/log/CRC-2276341_test_neg_cutadaptor.log
    jobid: 2
    wildcards: output_dir=/data/taoyuhuan/RNAseq/test_RNAseq/output, sample_id=CRC-2276341_test_neg
    resources: tmpdir=/tmp


[Mon Jul 26 22:37:28 2021]
rule cutadapt_pe:
    input: /data/taoyuhuan/RNAseq/test_RNAseq/fastq/CRC-2418488_test_neg_1.fastq.gz, /data/taoyuhuan/RNAseq/test_RNAseq/fastq/CRC-2418488_test_neg_2.fastq.gz
    output: /data/taoyuhuan/RNAseq/test_RNAseq/output/cutadapt/CRC-2418488_test_neg_1.fastq.gz, /data/taoyuhuan/RNAseq/test_RNAseq/output/cutadapt/CRC-2418488_test_neg_2.fastq.gz
    log: /data/taoyuhuan/RNAseq/test_RNAseq/output/log/CRC-2418488_test_neg_cutadaptor.log
    jobid: 1
    wildcards: output_dir=/data/taoyuhuan/RNAseq/test_RNAseq/output, sample_id=CRC-2418488_test_neg
    resources: tmpdir=/tmp

[Mon Jul 26 22:37:30 2021]
Finished job 2.
1 of 15 steps (7%) done
[Mon Jul 26 22:37:31 2021]
Finished job 1.
2 of 15 steps (13%) done
Select jobs to execute...

[Mon Jul 26 22:37:31 2021]
rule trimGC:
    input: /data/taoyuhuan/RNAseq/test_RNAseq/output/cutadapt/CRC-2276341_test_neg_1.fastq.gz, /data/taoyuhuan/RNAseq/test_RNAseq/output/cutadapt/CRC-2276341_test_neg_2.fastq.gz
    output: /data/taoyuhuan/RNAseq/test_RNAseq/output/trimGC/CRC-2276341_test_neg_1.fastq.gz, /data/taoyuhuan/RNAseq/test_RNAseq/output/trimGC/CRC-2276341_test_neg_2.fastq.gz
    log: /data/taoyuhuan/RNAseq/test_RNAseq/output/log/CRC-2276341_test_neg_trimGC.log
    jobid: 4
    wildcards: output_dir=/data/taoyuhuan/RNAseq/test_RNAseq/output, sample_id=CRC-2276341_test_neg
    resources: tmpdir=/tmp


[Mon Jul 26 22:37:31 2021]
rule trimGC:
    input: /data/taoyuhuan/RNAseq/test_RNAseq/output/cutadapt/CRC-2418488_test_neg_1.fastq.gz, /data/taoyuhuan/RNAseq/test_RNAseq/output/cutadapt/CRC-2418488_test_neg_2.fastq.gz
    output: /data/taoyuhuan/RNAseq/test_RNAseq/output/trimGC/CRC-2418488_test_neg_1.fastq.gz, /data/taoyuhuan/RNAseq/test_RNAseq/output/trimGC/CRC-2418488_test_neg_2.fastq.gz
    log: /data/taoyuhuan/RNAseq/test_RNAseq/output/log/CRC-2418488_test_neg_trimGC.log
    jobid: 3
    wildcards: output_dir=/data/taoyuhuan/RNAseq/test_RNAseq/output, sample_id=CRC-2418488_test_neg
    resources: tmpdir=/tmp

[Mon Jul 26 22:38:10 2021]
Finished job 4.
3 of 15 steps (20%) done
Select jobs to execute...

[Mon Jul 26 22:38:10 2021]
rule map_spikein_long:
    input: /data/taoyuhuan/RNAseq/test_RNAseq/output/trimGC/CRC-2276341_test_neg_1.fastq.gz, /data/taoyuhuan/RNAseq/test_RNAseq/output/trimGC/CRC-2276341_test_neg_2.fastq.gz
    output: /data/taoyuhuan/RNAseq/test_RNAseq/output/bam/CRC-2276341_test_neg/spikein_long.bam, /data/taoyuhuan/RNAseq/test_RNAseq/output/unmapped/CRC-2276341_test_neg/spikein_long_1.fastq.gz, /data/taoyuhuan/RNAseq/test_RNAseq/output/unmapped/CRC-2276341_test_neg/spikein_long_2.fastq.gz, /data/taoyuhuan/RNAseq/test_RNAseq/output/mapping_star/CRC-2276341_test_neg/spikein_long/Log.final.out
    jobid: 10
    wildcards: output_dir=/data/taoyuhuan/RNAseq/test_RNAseq/output, sample_id=CRC-2276341_test_neg
    resources: tmpdir=/tmp

[Mon Jul 26 22:38:14 2021]
Finished job 3.
4 of 15 steps (27%) done
Select jobs to execute...

[Mon Jul 26 22:38:14 2021]
rule map_spikein_long:
    input: /data/taoyuhuan/RNAseq/test_RNAseq/output/trimGC/CRC-2418488_test_neg_1.fastq.gz, /data/taoyuhuan/RNAseq/test_RNAseq/output/trimGC/CRC-2418488_test_neg_2.fastq.gz
    output: /data/taoyuhuan/RNAseq/test_RNAseq/output/bam/CRC-2418488_test_neg/spikein_long.bam, /data/taoyuhuan/RNAseq/test_RNAseq/output/unmapped/CRC-2418488_test_neg/spikein_long_1.fastq.gz, /data/taoyuhuan/RNAseq/test_RNAseq/output/unmapped/CRC-2418488_test_neg/spikein_long_2.fastq.gz, /data/taoyuhuan/RNAseq/test_RNAseq/output/mapping_star/CRC-2418488_test_neg/spikein_long/Log.final.out
    jobid: 5
    wildcards: output_dir=/data/taoyuhuan/RNAseq/test_RNAseq/output, sample_id=CRC-2418488_test_neg
    resources: tmpdir=/tmp

[Mon Jul 26 22:39:37 2021]
Finished job 10.
5 of 15 steps (33%) done
Select jobs to execute...
[Mon Jul 26 22:39:38 2021]
Finished job 5.
6 of 15 steps (40%) done

[Mon Jul 26 22:39:38 2021]
rule map_univec:
    input: /data/taoyuhuan/RNAseq/test_RNAseq/output/unmapped/CRC-2276341_test_neg/spikein_long_1.fastq.gz, /data/taoyuhuan/RNAseq/test_RNAseq/output/unmapped/CRC-2276341_test_neg/spikein_long_2.fastq.gz
    output: /data/taoyuhuan/RNAseq/test_RNAseq/output/bam/CRC-2276341_test_neg/univec.bam, /data/taoyuhuan/RNAseq/test_RNAseq/output/unmapped/CRC-2276341_test_neg/univec_1.fastq.gz, /data/taoyuhuan/RNAseq/test_RNAseq/output/unmapped/CRC-2276341_test_neg/univec_2.fastq.gz, /data/taoyuhuan/RNAseq/test_RNAseq/output/mapping_star/CRC-2276341_test_neg/univec/Log.final.out
    jobid: 11
    wildcards: output_dir=/data/taoyuhuan/RNAseq/test_RNAseq/output, sample_id=CRC-2276341_test_neg
    resources: tmpdir=/tmp

Select jobs to execute...

[Mon Jul 26 22:39:38 2021]
rule map_univec:
    input: /data/taoyuhuan/RNAseq/test_RNAseq/output/unmapped/CRC-2418488_test_neg/spikein_long_1.fastq.gz, /data/taoyuhuan/RNAseq/test_RNAseq/output/unmapped/CRC-2418488_test_neg/spikein_long_2.fastq.gz
    output: /data/taoyuhuan/RNAseq/test_RNAseq/output/bam/CRC-2418488_test_neg/univec.bam, /data/taoyuhuan/RNAseq/test_RNAseq/output/unmapped/CRC-2418488_test_neg/univec_1.fastq.gz, /data/taoyuhuan/RNAseq/test_RNAseq/output/unmapped/CRC-2418488_test_neg/univec_2.fastq.gz, /data/taoyuhuan/RNAseq/test_RNAseq/output/mapping_star/CRC-2418488_test_neg/univec/Log.final.out
    jobid: 6
    wildcards: output_dir=/data/taoyuhuan/RNAseq/test_RNAseq/output, sample_id=CRC-2418488_test_neg
    resources: tmpdir=/tmp

[Mon Jul 26 22:40:57 2021]
Finished job 6.
7 of 15 steps (47%) done
Select jobs to execute...

[Mon Jul 26 22:40:57 2021]
rule map_rRNA:
    input: /data/taoyuhuan/RNAseq/test_RNAseq/output/unmapped/CRC-2418488_test_neg/univec_1.fastq.gz, /data/taoyuhuan/RNAseq/test_RNAseq/output/unmapped/CRC-2418488_test_neg/univec_2.fastq.gz
    output: /data/taoyuhuan/RNAseq/test_RNAseq/output/bam/CRC-2418488_test_neg/rRNA.bam, /data/taoyuhuan/RNAseq/test_RNAseq/output/unmapped/CRC-2418488_test_neg/rRNA_1.fastq.gz, /data/taoyuhuan/RNAseq/test_RNAseq/output/unmapped/CRC-2418488_test_neg/rRNA_2.fastq.gz, /data/taoyuhuan/RNAseq/test_RNAseq/output/mapping_star/CRC-2418488_test_neg/rRNA/Log.final.out
    jobid: 7
    wildcards: output_dir=/data/taoyuhuan/RNAseq/test_RNAseq/output, sample_id=CRC-2418488_test_neg
    resources: tmpdir=/tmp

[Mon Jul 26 22:40:59 2021]
Finished job 11.
8 of 15 steps (53%) done
Select jobs to execute...

[Mon Jul 26 22:40:59 2021]
rule map_rRNA:
    input: /data/taoyuhuan/RNAseq/test_RNAseq/output/unmapped/CRC-2276341_test_neg/univec_1.fastq.gz, /data/taoyuhuan/RNAseq/test_RNAseq/output/unmapped/CRC-2276341_test_neg/univec_2.fastq.gz
    output: /data/taoyuhuan/RNAseq/test_RNAseq/output/bam/CRC-2276341_test_neg/rRNA.bam, /data/taoyuhuan/RNAseq/test_RNAseq/output/unmapped/CRC-2276341_test_neg/rRNA_1.fastq.gz, /data/taoyuhuan/RNAseq/test_RNAseq/output/unmapped/CRC-2276341_test_neg/rRNA_2.fastq.gz, /data/taoyuhuan/RNAseq/test_RNAseq/output/mapping_star/CRC-2276341_test_neg/rRNA/Log.final.out
    jobid: 12
    wildcards: output_dir=/data/taoyuhuan/RNAseq/test_RNAseq/output, sample_id=CRC-2276341_test_neg
    resources: tmpdir=/tmp

[Mon Jul 26 22:42:00 2021]
Finished job 12.
9 of 15 steps (60%) done
[Mon Jul 26 22:42:00 2021]
Finished job 7.
10 of 15 steps (67%) done
Select jobs to execute...

[Mon Jul 26 22:42:00 2021]
rule map_hg38_long:
    input: /data/taoyuhuan/RNAseq/test_RNAseq/output/unmapped/CRC-2276341_test_neg/rRNA_1.fastq.gz, /data/taoyuhuan/RNAseq/test_RNAseq/output/unmapped/CRC-2276341_test_neg/rRNA_2.fastq.gz
    output: /data/taoyuhuan/RNAseq/test_RNAseq/output/bam/CRC-2276341_test_neg/hg38_long.bam, /data/taoyuhuan/RNAseq/test_RNAseq/output/unmapped/CRC-2276341_test_neg/hg38_long_1.fastq.gz, /data/taoyuhuan/RNAseq/test_RNAseq/output/unmapped/CRC-2276341_test_neg/hg38_long_2.fastq.gz, /data/taoyuhuan/RNAseq/test_RNAseq/output/mapping_star/CRC-2276341_test_neg/hg38_long/Log.final.out
    jobid: 13
    wildcards: output_dir=/data/taoyuhuan/RNAseq/test_RNAseq/output, sample_id=CRC-2276341_test_neg
    resources: tmpdir=/tmp

[Mon Jul 26 22:42:00 2021]
rule map_hg38_long:
    input: /data/taoyuhuan/RNAseq/test_RNAseq/output/unmapped/CRC-2418488_test_neg/rRNA_1.fastq.gz, /data/taoyuhuan/RNAseq/test_RNAseq/output/unmapped/CRC-2418488_test_neg/rRNA_2.fastq.gz
    output: /data/taoyuhuan/RNAseq/test_RNAseq/output/bam/CRC-2418488_test_neg/hg38_long.bam, /data/taoyuhuan/RNAseq/test_RNAseq/output/unmapped/CRC-2418488_test_neg/hg38_long_1.fastq.gz, /data/taoyuhuan/RNAseq/test_RNAseq/output/unmapped/CRC-2418488_test_neg/hg38_long_2.fastq.gz, /data/taoyuhuan/RNAseq/test_RNAseq/output/mapping_star/CRC-2418488_test_neg/hg38_long/Log.final.out
    jobid: 8
    wildcards: output_dir=/data/taoyuhuan/RNAseq/test_RNAseq/output, sample_id=CRC-2418488_test_neg
    resources: tmpdir=/tmp

[Mon Jul 26 22:47:31 2021]
Finished job 13.
11 of 15 steps (73%) done
Shutting down, this might take some time.
Exiting because a job execution failed. Look above for error message
Complete log: /data/taoyuhuan/RNAseq/test_RNAseq/.snakemake/log/2021-07-26T223724.063948.snakemake.log
