Building DAG of jobs...
Job stats:
job                             count    min threads    max threads
----------------------------  -------  -------------  -------------
all                                 1              1              1
count_bam_read_pairs               10              1              1
count_clean_fastq_read_pairs        4              1              1
count_raw_fastq_read_pairs          2              1              1
map_circRNA                         2              1              1
map_hg38_long                       2              1              1
map_rRNA                            2              1              1
map_spikein_long                    2              1              1
map_univec                          2              1              1
remove_duplicates                   6              1              1
samtools_stats                     10              1              1
samtools_stats_rmdup                6              1              1
sort_bam_by_name                    6              1              1
total                              55              1              1


[Tue Jul 27 16:24:13 2021]
rule map_spikein_long:
    input: /data/taoyuhuan/RNAseq/test_RNAseq/output/trimGC/CRC-2276341_test_neg_1.fastq.gz, /data/taoyuhuan/RNAseq/test_RNAseq/output/trimGC/CRC-2276341_test_neg_2.fastq.gz
    output: /data/taoyuhuan/RNAseq/test_RNAseq/output/bam/CRC-2276341_test_neg/spikein_long.bam, /data/taoyuhuan/RNAseq/test_RNAseq/output/unmapped/CRC-2276341_test_neg/spikein_long_1.fastq.gz, /data/taoyuhuan/RNAseq/test_RNAseq/output/unmapped/CRC-2276341_test_neg/spikein_long_2.fastq.gz, /data/taoyuhuan/RNAseq/test_RNAseq/output/log/CRC-2276341_test_neg/mapping_star/spikein_long/Log.final.out
    jobid: 10
    wildcards: output_dir=/data/taoyuhuan/RNAseq/test_RNAseq/output, sample_id=CRC-2276341_test_neg
    resources: tmpdir=/tmp

[Tue Jul 27 16:24:13 2021]
rule count_clean_fastq_read_pairs:
    input: /data/taoyuhuan/RNAseq/test_RNAseq/output/cutadapt/CRC-2276341_test_neg_1.fastq.gz
    output: /data/taoyuhuan/RNAseq/test_RNAseq/output/log/read_pair/CRC-2276341_test_neg/cutadapt.txt
    jobid: 29
    wildcards: output_dir=/data/taoyuhuan/RNAseq/test_RNAseq/output, sample_id=CRC-2276341_test_neg, clean_level=cutadapt
    resources: tmpdir=/tmp

RuleException in line 243 of /data/taoyuhuan/RNAseq/test_RNAseq/RNAseq.snakefile:
NameError: The name 'print int($0/4)' is unknown in this context. Please make sure that you defined that variable. Also note that braces not used for variable access have to be escaped by repeating them, i.e. {{print $1}}
