Building DAG of jobs...
Using shell: /usr/bin/bash
Provided cores: 16
Rules claiming more threads will be scaled down.
Job stats:
job                 count    min threads    max threads
----------------  -------  -------------  -------------
all                     1              1              1
cutadapt_pe             2              1              1
map_circRNA             2              1              1
map_hg38_long           2              1              1
map_rRNA                2              1              1
map_spikein_long        2              1              1
map_univec              2              1              1
trimGC                  2              1              1
total                  15              1              1

Select jobs to execute...

[Tue Jul 27 14:42:05 2021]
rule cutadapt_pe:
    input: /data/taoyuhuan/RNAseq/test_RNAseq/fastq/CRC-2418488_test_neg_1.fastq.gz, /data/taoyuhuan/RNAseq/test_RNAseq/fastq/CRC-2418488_test_neg_2.fastq.gz
    output: /data/taoyuhuan/RNAseq/test_RNAseq/output/cutadapt/CRC-2418488_test_neg_1.fastq.gz, /data/taoyuhuan/RNAseq/test_RNAseq/output/cutadapt/CRC-2418488_test_neg_2.fastq.gz
    log: /data/taoyuhuan/RNAseq/test_RNAseq/output/log/CRC-2418488_test_neg/cutadaptor.log
    jobid: 1
    wildcards: output_dir=/data/taoyuhuan/RNAseq/test_RNAseq/output, sample_id=CRC-2418488_test_neg
    resources: tmpdir=/tmp


[Tue Jul 27 14:42:06 2021]
rule cutadapt_pe:
    input: /data/taoyuhuan/RNAseq/test_RNAseq/fastq/CRC-2276341_test_neg_1.fastq.gz, /data/taoyuhuan/RNAseq/test_RNAseq/fastq/CRC-2276341_test_neg_2.fastq.gz
    output: /data/taoyuhuan/RNAseq/test_RNAseq/output/cutadapt/CRC-2276341_test_neg_1.fastq.gz, /data/taoyuhuan/RNAseq/test_RNAseq/output/cutadapt/CRC-2276341_test_neg_2.fastq.gz
    log: /data/taoyuhuan/RNAseq/test_RNAseq/output/log/CRC-2276341_test_neg/cutadaptor.log
    jobid: 2
    wildcards: output_dir=/data/taoyuhuan/RNAseq/test_RNAseq/output, sample_id=CRC-2276341_test_neg
    resources: tmpdir=/tmp

[Tue Jul 27 14:42:10 2021]
Finished job 2.
1 of 15 steps (7%) done
[Tue Jul 27 14:42:10 2021]
Finished job 1.
2 of 15 steps (13%) done
Select jobs to execute...

[Tue Jul 27 14:42:10 2021]
rule trimGC:
    input: /data/taoyuhuan/RNAseq/test_RNAseq/output/cutadapt/CRC-2276341_test_neg_1.fastq.gz, /data/taoyuhuan/RNAseq/test_RNAseq/output/cutadapt/CRC-2276341_test_neg_2.fastq.gz
    output: /data/taoyuhuan/RNAseq/test_RNAseq/output/trimGC/CRC-2276341_test_neg_1.fastq.gz, /data/taoyuhuan/RNAseq/test_RNAseq/output/trimGC/CRC-2276341_test_neg_2.fastq.gz
    log: /data/taoyuhuan/RNAseq/test_RNAseq/output/log/CRC-2276341_test_neg/trimGC.log
    jobid: 4
    wildcards: output_dir=/data/taoyuhuan/RNAseq/test_RNAseq/output, sample_id=CRC-2276341_test_neg
    resources: tmpdir=/tmp


[Tue Jul 27 14:42:10 2021]
rule trimGC:
    input: /data/taoyuhuan/RNAseq/test_RNAseq/output/cutadapt/CRC-2418488_test_neg_1.fastq.gz, /data/taoyuhuan/RNAseq/test_RNAseq/output/cutadapt/CRC-2418488_test_neg_2.fastq.gz
    output: /data/taoyuhuan/RNAseq/test_RNAseq/output/trimGC/CRC-2418488_test_neg_1.fastq.gz, /data/taoyuhuan/RNAseq/test_RNAseq/output/trimGC/CRC-2418488_test_neg_2.fastq.gz
    log: /data/taoyuhuan/RNAseq/test_RNAseq/output/log/CRC-2418488_test_neg/trimGC.log
    jobid: 3
    wildcards: output_dir=/data/taoyuhuan/RNAseq/test_RNAseq/output, sample_id=CRC-2418488_test_neg
    resources: tmpdir=/tmp

[Tue Jul 27 14:42:45 2021]
Finished job 4.
3 of 15 steps (20%) done
Select jobs to execute...

[Tue Jul 27 14:42:45 2021]
rule map_spikein_long:
    input: /data/taoyuhuan/RNAseq/test_RNAseq/output/trimGC/CRC-2276341_test_neg_1.fastq.gz, /data/taoyuhuan/RNAseq/test_RNAseq/output/trimGC/CRC-2276341_test_neg_2.fastq.gz
    output: /data/taoyuhuan/RNAseq/test_RNAseq/output/bam/CRC-2276341_test_neg/spikein_long.bam, /data/taoyuhuan/RNAseq/test_RNAseq/output/unmapped/CRC-2276341_test_neg/spikein_long_1.fastq.gz, /data/taoyuhuan/RNAseq/test_RNAseq/output/unmapped/CRC-2276341_test_neg/spikein_long_2.fastq.gz, /data/taoyuhuan/RNAseq/test_RNAseq/output/log/CRC-2276341_test_neg/mapping_star/spikein_long/Log.final.out
    jobid: 10
    wildcards: output_dir=/data/taoyuhuan/RNAseq/test_RNAseq/output, sample_id=CRC-2276341_test_neg
    resources: tmpdir=/tmp

[Tue Jul 27 14:42:49 2021]
Finished job 3.
4 of 15 steps (27%) done
Select jobs to execute...

[Tue Jul 27 14:42:49 2021]
rule map_spikein_long:
    input: /data/taoyuhuan/RNAseq/test_RNAseq/output/trimGC/CRC-2418488_test_neg_1.fastq.gz, /data/taoyuhuan/RNAseq/test_RNAseq/output/trimGC/CRC-2418488_test_neg_2.fastq.gz
    output: /data/taoyuhuan/RNAseq/test_RNAseq/output/bam/CRC-2418488_test_neg/spikein_long.bam, /data/taoyuhuan/RNAseq/test_RNAseq/output/unmapped/CRC-2418488_test_neg/spikein_long_1.fastq.gz, /data/taoyuhuan/RNAseq/test_RNAseq/output/unmapped/CRC-2418488_test_neg/spikein_long_2.fastq.gz, /data/taoyuhuan/RNAseq/test_RNAseq/output/log/CRC-2418488_test_neg/mapping_star/spikein_long/Log.final.out
    jobid: 5
    wildcards: output_dir=/data/taoyuhuan/RNAseq/test_RNAseq/output, sample_id=CRC-2418488_test_neg
    resources: tmpdir=/tmp

Terminating processes on user request, this might take some time.
Complete log: /data/taoyuhuan/RNAseq/test_RNAseq/.snakemake/log/2021-07-27T144202.816645.snakemake.log
