Building DAG of jobs...
Using shell: /usr/bin/bash
Provided cores: 16
Rules claiming more threads will be scaled down.
Job stats:
job                                     count    min threads    max threads
------------------------------------  -------  -------------  -------------
all                                         1              1              1
count_bam_intron_spanning_read_pairs        2              1              1
count_bam_read_pairs                       10              1              1
count_clean_fastq_read_pairs                4              1              1
count_raw_fastq_read_pairs                  2              1              1
cutadapt_pe                                 2              1              1
genomic_region                              2              1              1
get_Intron_spanning                         2              1              1
map_circRNA                                 2              1              1
map_hg38_long                               2              1              1
map_rRNA                                    2              1              1
map_spikein_long                            2              1              1
map_univec                                  2              1              1
remove_duplicates                           6              1              1
samtools_stats                             10              1              1
samtools_stats_intron_spanning              2              1              1
samtools_stats_rmdup                        6              1              1
sort_bam_by_name                            6              1              1
trimGC                                      2              1              1
total                                      67              1              1

Select jobs to execute...

[Tue Jul 27 21:27:34 2021]
rule cutadapt_pe:
    input: /data/taoyuhuan/RNAseq/test_RNAseq/fastq/CRC-2276341_test_neg_1.fastq.gz, /data/taoyuhuan/RNAseq/test_RNAseq/fastq/CRC-2276341_test_neg_2.fastq.gz
    output: /data/taoyuhuan/RNAseq/test_RNAseq/output/cutadapt/CRC-2276341_test_neg_1.fastq.gz, /data/taoyuhuan/RNAseq/test_RNAseq/output/cutadapt/CRC-2276341_test_neg_2.fastq.gz
    log: /data/taoyuhuan/RNAseq/test_RNAseq/output/log/CRC-2276341_test_neg/cutadaptor.log
    jobid: 2
    wildcards: output_dir=/data/taoyuhuan/RNAseq/test_RNAseq/output, sample_id=CRC-2276341_test_neg
    resources: tmpdir=/tmp


[Tue Jul 27 21:27:35 2021]
rule cutadapt_pe:
    input: /data/taoyuhuan/RNAseq/test_RNAseq/fastq/CRC-2418488_test_neg_1.fastq.gz, /data/taoyuhuan/RNAseq/test_RNAseq/fastq/CRC-2418488_test_neg_2.fastq.gz
    output: /data/taoyuhuan/RNAseq/test_RNAseq/output/cutadapt/CRC-2418488_test_neg_1.fastq.gz, /data/taoyuhuan/RNAseq/test_RNAseq/output/cutadapt/CRC-2418488_test_neg_2.fastq.gz
    log: /data/taoyuhuan/RNAseq/test_RNAseq/output/log/CRC-2418488_test_neg/cutadaptor.log
    jobid: 1
    wildcards: output_dir=/data/taoyuhuan/RNAseq/test_RNAseq/output, sample_id=CRC-2418488_test_neg
    resources: tmpdir=/tmp


[Tue Jul 27 21:27:36 2021]
rule count_raw_fastq_read_pairs:
    input: /data/taoyuhuan/RNAseq/test_RNAseq/fastq/CRC-2276341_test_neg_1.fastq.gz
    output: /data/taoyuhuan/RNAseq/test_RNAseq/output/log/CRC-2276341_test_neg/read_pair/raw.txt
    jobid: 34
    wildcards: output_dir=/data/taoyuhuan/RNAseq/test_RNAseq/output, sample_id=CRC-2276341_test_neg
    resources: tmpdir=/tmp


[Tue Jul 27 21:27:36 2021]
rule count_raw_fastq_read_pairs:
    input: /data/taoyuhuan/RNAseq/test_RNAseq/fastq/CRC-2418488_test_neg_1.fastq.gz
    output: /data/taoyuhuan/RNAseq/test_RNAseq/output/log/CRC-2418488_test_neg/read_pair/raw.txt
    jobid: 33
    wildcards: output_dir=/data/taoyuhuan/RNAseq/test_RNAseq/output, sample_id=CRC-2418488_test_neg
    resources: tmpdir=/tmp

[Tue Jul 27 21:27:37 2021]
Finished job 34.
1 of 67 steps (1%) done
[Tue Jul 27 21:27:37 2021]
Finished job 33.
2 of 67 steps (3%) done
[Tue Jul 27 21:28:00 2021]
Finished job 2.
3 of 67 steps (4%) done
[Tue Jul 27 21:28:01 2021]
Finished job 1.
4 of 67 steps (6%) done
Select jobs to execute...

[Tue Jul 27 21:28:01 2021]
rule count_clean_fastq_read_pairs:
    input: /data/taoyuhuan/RNAseq/test_RNAseq/output/cutadapt/CRC-2418488_test_neg_1.fastq.gz
    output: /data/taoyuhuan/RNAseq/test_RNAseq/output/log/CRC-2418488_test_neg/read_pair/cutadapt.txt
    jobid: 29
    wildcards: output_dir=/data/taoyuhuan/RNAseq/test_RNAseq/output, sample_id=CRC-2418488_test_neg, clean_level=cutadapt
    resources: tmpdir=/tmp


[Tue Jul 27 21:28:02 2021]
rule trimGC:
    input: /data/taoyuhuan/RNAseq/test_RNAseq/output/cutadapt/CRC-2418488_test_neg_1.fastq.gz, /data/taoyuhuan/RNAseq/test_RNAseq/output/cutadapt/CRC-2418488_test_neg_2.fastq.gz
    output: /data/taoyuhuan/RNAseq/test_RNAseq/output/trimGC/CRC-2418488_test_neg_1.fastq.gz, /data/taoyuhuan/RNAseq/test_RNAseq/output/trimGC/CRC-2418488_test_neg_2.fastq.gz
    log: /data/taoyuhuan/RNAseq/test_RNAseq/output/log/CRC-2418488_test_neg/trimGC.log
    jobid: 3
    wildcards: output_dir=/data/taoyuhuan/RNAseq/test_RNAseq/output, sample_id=CRC-2418488_test_neg
    resources: tmpdir=/tmp


[Tue Jul 27 21:28:03 2021]
rule trimGC:
    input: /data/taoyuhuan/RNAseq/test_RNAseq/output/cutadapt/CRC-2276341_test_neg_1.fastq.gz, /data/taoyuhuan/RNAseq/test_RNAseq/output/cutadapt/CRC-2276341_test_neg_2.fastq.gz
    output: /data/taoyuhuan/RNAseq/test_RNAseq/output/trimGC/CRC-2276341_test_neg_1.fastq.gz, /data/taoyuhuan/RNAseq/test_RNAseq/output/trimGC/CRC-2276341_test_neg_2.fastq.gz
    log: /data/taoyuhuan/RNAseq/test_RNAseq/output/log/CRC-2276341_test_neg/trimGC.log
    jobid: 4
    wildcards: output_dir=/data/taoyuhuan/RNAseq/test_RNAseq/output, sample_id=CRC-2276341_test_neg
    resources: tmpdir=/tmp

[Tue Jul 27 21:28:03 2021]
Finished job 29.
5 of 67 steps (7%) done

[Tue Jul 27 21:28:03 2021]
rule count_clean_fastq_read_pairs:
    input: /data/taoyuhuan/RNAseq/test_RNAseq/output/cutadapt/CRC-2276341_test_neg_1.fastq.gz
    output: /data/taoyuhuan/RNAseq/test_RNAseq/output/log/CRC-2276341_test_neg/read_pair/cutadapt.txt
    jobid: 31
    wildcards: output_dir=/data/taoyuhuan/RNAseq/test_RNAseq/output, sample_id=CRC-2276341_test_neg, clean_level=cutadapt
    resources: tmpdir=/tmp

[Tue Jul 27 21:28:04 2021]
Finished job 31.
6 of 67 steps (9%) done
[Tue Jul 27 21:28:42 2021]
Finished job 4.
7 of 67 steps (10%) done
Select jobs to execute...

[Tue Jul 27 21:28:43 2021]
rule count_clean_fastq_read_pairs:
    input: /data/taoyuhuan/RNAseq/test_RNAseq/output/trimGC/CRC-2276341_test_neg_1.fastq.gz
    output: /data/taoyuhuan/RNAseq/test_RNAseq/output/log/CRC-2276341_test_neg/read_pair/trimGC.txt
    jobid: 32
    wildcards: output_dir=/data/taoyuhuan/RNAseq/test_RNAseq/output, sample_id=CRC-2276341_test_neg, clean_level=trimGC
    resources: tmpdir=/tmp


[Tue Jul 27 21:28:44 2021]
rule map_spikein_long:
    input: /data/taoyuhuan/RNAseq/test_RNAseq/output/trimGC/CRC-2276341_test_neg_1.fastq.gz, /data/taoyuhuan/RNAseq/test_RNAseq/output/trimGC/CRC-2276341_test_neg_2.fastq.gz
    output: /data/taoyuhuan/RNAseq/test_RNAseq/output/bam/CRC-2276341_test_neg/spikein_long.bam, /data/taoyuhuan/RNAseq/test_RNAseq/output/unmapped/CRC-2276341_test_neg/spikein_long_1.fastq.gz, /data/taoyuhuan/RNAseq/test_RNAseq/output/unmapped/CRC-2276341_test_neg/spikein_long_2.fastq.gz, /data/taoyuhuan/RNAseq/test_RNAseq/output/log/CRC-2276341_test_neg/mapping_star/spikein_long/Log.final.out
    jobid: 10
    wildcards: output_dir=/data/taoyuhuan/RNAseq/test_RNAseq/output, sample_id=CRC-2276341_test_neg
    resources: tmpdir=/tmp

[Tue Jul 27 21:28:45 2021]
Finished job 32.
8 of 67 steps (12%) done
[Tue Jul 27 21:28:46 2021]
Finished job 3.
9 of 67 steps (13%) done
Select jobs to execute...

[Tue Jul 27 21:28:47 2021]
rule count_clean_fastq_read_pairs:
    input: /data/taoyuhuan/RNAseq/test_RNAseq/output/trimGC/CRC-2418488_test_neg_1.fastq.gz
    output: /data/taoyuhuan/RNAseq/test_RNAseq/output/log/CRC-2418488_test_neg/read_pair/trimGC.txt
    jobid: 30
    wildcards: output_dir=/data/taoyuhuan/RNAseq/test_RNAseq/output, sample_id=CRC-2418488_test_neg, clean_level=trimGC
    resources: tmpdir=/tmp


[Tue Jul 27 21:28:47 2021]
rule map_spikein_long:
    input: /data/taoyuhuan/RNAseq/test_RNAseq/output/trimGC/CRC-2418488_test_neg_1.fastq.gz, /data/taoyuhuan/RNAseq/test_RNAseq/output/trimGC/CRC-2418488_test_neg_2.fastq.gz
    output: /data/taoyuhuan/RNAseq/test_RNAseq/output/bam/CRC-2418488_test_neg/spikein_long.bam, /data/taoyuhuan/RNAseq/test_RNAseq/output/unmapped/CRC-2418488_test_neg/spikein_long_1.fastq.gz, /data/taoyuhuan/RNAseq/test_RNAseq/output/unmapped/CRC-2418488_test_neg/spikein_long_2.fastq.gz, /data/taoyuhuan/RNAseq/test_RNAseq/output/log/CRC-2418488_test_neg/mapping_star/spikein_long/Log.final.out
    jobid: 5
    wildcards: output_dir=/data/taoyuhuan/RNAseq/test_RNAseq/output, sample_id=CRC-2418488_test_neg
    resources: tmpdir=/tmp

[Tue Jul 27 21:28:48 2021]
Finished job 30.
10 of 67 steps (15%) done
[Tue Jul 27 21:30:10 2021]
Finished job 5.
11 of 67 steps (16%) done
Select jobs to execute...
[Tue Jul 27 21:30:10 2021]
Finished job 10.
12 of 67 steps (18%) done

[Tue Jul 27 21:30:11 2021]
rule map_univec:
    input: /data/taoyuhuan/RNAseq/test_RNAseq/output/unmapped/CRC-2418488_test_neg/spikein_long_1.fastq.gz, /data/taoyuhuan/RNAseq/test_RNAseq/output/unmapped/CRC-2418488_test_neg/spikein_long_2.fastq.gz
    output: /data/taoyuhuan/RNAseq/test_RNAseq/output/bam/CRC-2418488_test_neg/univec.bam, /data/taoyuhuan/RNAseq/test_RNAseq/output/unmapped/CRC-2418488_test_neg/univec_1.fastq.gz, /data/taoyuhuan/RNAseq/test_RNAseq/output/unmapped/CRC-2418488_test_neg/univec_2.fastq.gz, /data/taoyuhuan/RNAseq/test_RNAseq/output/log/CRC-2418488_test_neg/mapping_star/univec/Log.final.out
    jobid: 6
    wildcards: output_dir=/data/taoyuhuan/RNAseq/test_RNAseq/output, sample_id=CRC-2418488_test_neg
    resources: tmpdir=/tmp

[Tue Jul 27 21:30:11 2021]
rule samtools_stats:
    input: /data/taoyuhuan/RNAseq/test_RNAseq/output/bam/CRC-2418488_test_neg/spikein_long.bam
    output: /data/taoyuhuan/RNAseq/test_RNAseq/output/log/CRC-2418488_test_neg/samtool_stats/spikein_long.txt
    jobid: 35
    wildcards: output_dir=/data/taoyuhuan/RNAseq/test_RNAseq/output, sample_id=CRC-2418488_test_neg, map_step=spikein_long
    resources: tmpdir=/tmp

Select jobs to execute...

[Tue Jul 27 21:30:11 2021]
rule samtools_stats:
    input: /data/taoyuhuan/RNAseq/test_RNAseq/output/bam/CRC-2276341_test_neg/spikein_long.bam
    output: /data/taoyuhuan/RNAseq/test_RNAseq/output/log/CRC-2276341_test_neg/samtool_stats/spikein_long.txt
    jobid: 40
    wildcards: output_dir=/data/taoyuhuan/RNAseq/test_RNAseq/output, sample_id=CRC-2276341_test_neg, map_step=spikein_long
    resources: tmpdir=/tmp


[Tue Jul 27 21:30:11 2021]
rule map_univec:
    input: /data/taoyuhuan/RNAseq/test_RNAseq/output/unmapped/CRC-2276341_test_neg/spikein_long_1.fastq.gz, /data/taoyuhuan/RNAseq/test_RNAseq/output/unmapped/CRC-2276341_test_neg/spikein_long_2.fastq.gz
    output: /data/taoyuhuan/RNAseq/test_RNAseq/output/bam/CRC-2276341_test_neg/univec.bam, /data/taoyuhuan/RNAseq/test_RNAseq/output/unmapped/CRC-2276341_test_neg/univec_1.fastq.gz, /data/taoyuhuan/RNAseq/test_RNAseq/output/unmapped/CRC-2276341_test_neg/univec_2.fastq.gz, /data/taoyuhuan/RNAseq/test_RNAseq/output/log/CRC-2276341_test_neg/mapping_star/univec/Log.final.out
    jobid: 11
    wildcards: output_dir=/data/taoyuhuan/RNAseq/test_RNAseq/output, sample_id=CRC-2276341_test_neg
    resources: tmpdir=/tmp

[Tue Jul 27 21:30:11 2021]
Finished job 35.
13 of 67 steps (19%) done
[Tue Jul 27 21:30:11 2021]
Finished job 40.
14 of 67 steps (21%) done
Select jobs to execute...

[Tue Jul 27 21:30:11 2021]
rule count_bam_read_pairs:
    input: /data/taoyuhuan/RNAseq/test_RNAseq/output/log/CRC-2276341_test_neg/samtool_stats/spikein_long.txt
    output: /data/taoyuhuan/RNAseq/test_RNAseq/output/log/CRC-2276341_test_neg/read_pair/spikein_long.txt
    jobid: 58
    wildcards: output_dir=/data/taoyuhuan/RNAseq/test_RNAseq/output, sample_id=CRC-2276341_test_neg, map_step=spikein_long
    resources: tmpdir=/tmp


[Tue Jul 27 21:30:11 2021]
rule count_bam_read_pairs:
    input: /data/taoyuhuan/RNAseq/test_RNAseq/output/log/CRC-2418488_test_neg/samtool_stats/spikein_long.txt
    output: /data/taoyuhuan/RNAseq/test_RNAseq/output/log/CRC-2418488_test_neg/read_pair/spikein_long.txt
    jobid: 53
    wildcards: output_dir=/data/taoyuhuan/RNAseq/test_RNAseq/output, sample_id=CRC-2418488_test_neg, map_step=spikein_long
    resources: tmpdir=/tmp

[Tue Jul 27 21:30:11 2021]
Finished job 58.
15 of 67 steps (22%) done
[Tue Jul 27 21:30:11 2021]
Finished job 53.
16 of 67 steps (24%) done
[Tue Jul 27 21:31:43 2021]
Finished job 6.
17 of 67 steps (25%) done
[Tue Jul 27 21:31:43 2021]
Finished job 11.
18 of 67 steps (27%) done
Select jobs to execute...

[Tue Jul 27 21:31:43 2021]
rule samtools_stats:
    input: /data/taoyuhuan/RNAseq/test_RNAseq/output/bam/CRC-2276341_test_neg/univec.bam
    output: /data/taoyuhuan/RNAseq/test_RNAseq/output/log/CRC-2276341_test_neg/samtool_stats/univec.txt
    jobid: 41
    wildcards: output_dir=/data/taoyuhuan/RNAseq/test_RNAseq/output, sample_id=CRC-2276341_test_neg, map_step=univec
    resources: tmpdir=/tmp


[Tue Jul 27 21:31:43 2021]
rule map_rRNA:
    input: /data/taoyuhuan/RNAseq/test_RNAseq/output/unmapped/CRC-2276341_test_neg/univec_1.fastq.gz, /data/taoyuhuan/RNAseq/test_RNAseq/output/unmapped/CRC-2276341_test_neg/univec_2.fastq.gz
    output: /data/taoyuhuan/RNAseq/test_RNAseq/output/bam/CRC-2276341_test_neg/rRNA.bam, /data/taoyuhuan/RNAseq/test_RNAseq/output/unmapped/CRC-2276341_test_neg/rRNA_1.fastq.gz, /data/taoyuhuan/RNAseq/test_RNAseq/output/unmapped/CRC-2276341_test_neg/rRNA_2.fastq.gz, /data/taoyuhuan/RNAseq/test_RNAseq/output/log/CRC-2276341_test_neg/mapping_star/rRNA/Log.final.out
    jobid: 12
    wildcards: output_dir=/data/taoyuhuan/RNAseq/test_RNAseq/output, sample_id=CRC-2276341_test_neg
    resources: tmpdir=/tmp

[Tue Jul 27 21:31:44 2021]
rule samtools_stats:
    input: /data/taoyuhuan/RNAseq/test_RNAseq/output/bam/CRC-2418488_test_neg/univec.bam
    output: /data/taoyuhuan/RNAseq/test_RNAseq/output/log/CRC-2418488_test_neg/samtool_stats/univec.txt
    jobid: 36
    wildcards: output_dir=/data/taoyuhuan/RNAseq/test_RNAseq/output, sample_id=CRC-2418488_test_neg, map_step=univec
    resources: tmpdir=/tmp

[Tue Jul 27 21:31:44 2021]
Finished job 41.
19 of 67 steps (28%) done

[Tue Jul 27 21:31:44 2021]
rule map_rRNA:
    input: /data/taoyuhuan/RNAseq/test_RNAseq/output/unmapped/CRC-2418488_test_neg/univec_1.fastq.gz, /data/taoyuhuan/RNAseq/test_RNAseq/output/unmapped/CRC-2418488_test_neg/univec_2.fastq.gz
    output: /data/taoyuhuan/RNAseq/test_RNAseq/output/bam/CRC-2418488_test_neg/rRNA.bam, /data/taoyuhuan/RNAseq/test_RNAseq/output/unmapped/CRC-2418488_test_neg/rRNA_1.fastq.gz, /data/taoyuhuan/RNAseq/test_RNAseq/output/unmapped/CRC-2418488_test_neg/rRNA_2.fastq.gz, /data/taoyuhuan/RNAseq/test_RNAseq/output/log/CRC-2418488_test_neg/mapping_star/rRNA/Log.final.out
    jobid: 7
    wildcards: output_dir=/data/taoyuhuan/RNAseq/test_RNAseq/output, sample_id=CRC-2418488_test_neg
    resources: tmpdir=/tmp

[Tue Jul 27 21:31:44 2021]
Finished job 36.
20 of 67 steps (30%) done
Select jobs to execute...

[Tue Jul 27 21:31:44 2021]
rule count_bam_read_pairs:
    input: /data/taoyuhuan/RNAseq/test_RNAseq/output/log/CRC-2418488_test_neg/samtool_stats/univec.txt
    output: /data/taoyuhuan/RNAseq/test_RNAseq/output/log/CRC-2418488_test_neg/read_pair/univec.txt
    jobid: 54
    wildcards: output_dir=/data/taoyuhuan/RNAseq/test_RNAseq/output, sample_id=CRC-2418488_test_neg, map_step=univec
    resources: tmpdir=/tmp


[Tue Jul 27 21:31:44 2021]
rule count_bam_read_pairs:
    input: /data/taoyuhuan/RNAseq/test_RNAseq/output/log/CRC-2276341_test_neg/samtool_stats/univec.txt
    output: /data/taoyuhuan/RNAseq/test_RNAseq/output/log/CRC-2276341_test_neg/read_pair/univec.txt
    jobid: 59
    wildcards: output_dir=/data/taoyuhuan/RNAseq/test_RNAseq/output, sample_id=CRC-2276341_test_neg, map_step=univec
    resources: tmpdir=/tmp

[Tue Jul 27 21:31:44 2021]
Finished job 54.
21 of 67 steps (31%) done
[Tue Jul 27 21:31:45 2021]
Finished job 59.
22 of 67 steps (33%) done
[Tue Jul 27 21:33:04 2021]
Finished job 12.
23 of 67 steps (34%) done
Select jobs to execute...
[Tue Jul 27 21:33:04 2021]
Finished job 7.
24 of 67 steps (36%) done

[Tue Jul 27 21:33:04 2021]
rule samtools_stats:
    input: /data/taoyuhuan/RNAseq/test_RNAseq/output/bam/CRC-2276341_test_neg/rRNA.bam
    output: /data/taoyuhuan/RNAseq/test_RNAseq/output/log/CRC-2276341_test_neg/samtool_stats/rRNA.txt
    jobid: 42
    wildcards: output_dir=/data/taoyuhuan/RNAseq/test_RNAseq/output, sample_id=CRC-2276341_test_neg, map_step=rRNA
    resources: tmpdir=/tmp


[Tue Jul 27 21:33:04 2021]
rule map_hg38_long:
    input: /data/taoyuhuan/RNAseq/test_RNAseq/output/unmapped/CRC-2276341_test_neg/rRNA_1.fastq.gz, /data/taoyuhuan/RNAseq/test_RNAseq/output/unmapped/CRC-2276341_test_neg/rRNA_2.fastq.gz
    output: /data/taoyuhuan/RNAseq/test_RNAseq/output/bam/CRC-2276341_test_neg/hg38_long.bam, /data/taoyuhuan/RNAseq/test_RNAseq/output/unmapped/CRC-2276341_test_neg/hg38_long_1.fastq.gz, /data/taoyuhuan/RNAseq/test_RNAseq/output/unmapped/CRC-2276341_test_neg/hg38_long_2.fastq.gz, /data/taoyuhuan/RNAseq/test_RNAseq/output/log/CRC-2276341_test_neg/mapping_star/hg38_long/Log.final.out
    jobid: 13
    wildcards: output_dir=/data/taoyuhuan/RNAseq/test_RNAseq/output, sample_id=CRC-2276341_test_neg
    resources: tmpdir=/tmp

[Tue Jul 27 21:33:04 2021]
rule sort_bam_by_name:
    input: /data/taoyuhuan/RNAseq/test_RNAseq/output/bam/CRC-2276341_test_neg/rRNA.bam
    output: /data/taoyuhuan/RNAseq/test_RNAseq/output/bam/CRC-2276341_test_neg/rRNA_sortbyName.bam
    jobid: 18
    wildcards: output_dir=/data/taoyuhuan/RNAseq/test_RNAseq/output, sample_id=CRC-2276341_test_neg, map_step_sortbyName=rRNA
    resources: tmpdir=/tmp

[Tue Jul 27 21:33:05 2021]
Finished job 42.
25 of 67 steps (37%) done
Select jobs to execute...
[Tue Jul 27 21:33:05 2021]
Finished job 18.
26 of 67 steps (39%) done

[Tue Jul 27 21:33:05 2021]
rule count_bam_read_pairs:
    input: /data/taoyuhuan/RNAseq/test_RNAseq/output/log/CRC-2276341_test_neg/samtool_stats/rRNA.txt
    output: /data/taoyuhuan/RNAseq/test_RNAseq/output/log/CRC-2276341_test_neg/read_pair/rRNA.txt
    jobid: 60
    wildcards: output_dir=/data/taoyuhuan/RNAseq/test_RNAseq/output, sample_id=CRC-2276341_test_neg, map_step=rRNA
    resources: tmpdir=/tmp


[Tue Jul 27 21:33:05 2021]
rule sort_bam_by_name:
    input: /data/taoyuhuan/RNAseq/test_RNAseq/output/bam/CRC-2418488_test_neg/rRNA.bam
    output: /data/taoyuhuan/RNAseq/test_RNAseq/output/bam/CRC-2418488_test_neg/rRNA_sortbyName.bam
    jobid: 15
    wildcards: output_dir=/data/taoyuhuan/RNAseq/test_RNAseq/output, sample_id=CRC-2418488_test_neg, map_step_sortbyName=rRNA
    resources: tmpdir=/tmp


[Tue Jul 27 21:33:05 2021]
rule map_hg38_long:
    input: /data/taoyuhuan/RNAseq/test_RNAseq/output/unmapped/CRC-2418488_test_neg/rRNA_1.fastq.gz, /data/taoyuhuan/RNAseq/test_RNAseq/output/unmapped/CRC-2418488_test_neg/rRNA_2.fastq.gz
    output: /data/taoyuhuan/RNAseq/test_RNAseq/output/bam/CRC-2418488_test_neg/hg38_long.bam, /data/taoyuhuan/RNAseq/test_RNAseq/output/unmapped/CRC-2418488_test_neg/hg38_long_1.fastq.gz, /data/taoyuhuan/RNAseq/test_RNAseq/output/unmapped/CRC-2418488_test_neg/hg38_long_2.fastq.gz, /data/taoyuhuan/RNAseq/test_RNAseq/output/log/CRC-2418488_test_neg/mapping_star/hg38_long/Log.final.out
    jobid: 8
    wildcards: output_dir=/data/taoyuhuan/RNAseq/test_RNAseq/output, sample_id=CRC-2418488_test_neg
    resources: tmpdir=/tmp

[Tue Jul 27 21:33:05 2021]
Finished job 60.
27 of 67 steps (40%) done

[Tue Jul 27 21:33:05 2021]
rule samtools_stats:
    input: /data/taoyuhuan/RNAseq/test_RNAseq/output/bam/CRC-2418488_test_neg/rRNA.bam
    output: /data/taoyuhuan/RNAseq/test_RNAseq/output/log/CRC-2418488_test_neg/samtool_stats/rRNA.txt
    jobid: 37
    wildcards: output_dir=/data/taoyuhuan/RNAseq/test_RNAseq/output, sample_id=CRC-2418488_test_neg, map_step=rRNA
    resources: tmpdir=/tmp

[Tue Jul 27 21:33:05 2021]
Finished job 15.
28 of 67 steps (42%) done
Select jobs to execute...
[Tue Jul 27 21:33:06 2021]
Finished job 37.
29 of 67 steps (43%) done

[Tue Jul 27 21:33:06 2021]
rule remove_duplicates:
    input: /data/taoyuhuan/RNAseq/test_RNAseq/output/bam/CRC-2276341_test_neg/rRNA_sortbyName.bam
    output: /data/taoyuhuan/RNAseq/test_RNAseq/output/bam/CRC-2276341_test_neg/rRNA_rmdup.bam, /data/taoyuhuan/RNAseq/test_RNAseq/output/log/CRC-2276341_test_neg/remove_duplicate/rRNA_rmdup
    jobid: 24
    wildcards: output_dir=/data/taoyuhuan/RNAseq/test_RNAseq/output, sample_id=CRC-2276341_test_neg, map_step_sortbyName=rRNA
    resources: tmpdir=/tmp


[Tue Jul 27 21:33:06 2021]
rule remove_duplicates:
    input: /data/taoyuhuan/RNAseq/test_RNAseq/output/bam/CRC-2418488_test_neg/rRNA_sortbyName.bam
    output: /data/taoyuhuan/RNAseq/test_RNAseq/output/bam/CRC-2418488_test_neg/rRNA_rmdup.bam, /data/taoyuhuan/RNAseq/test_RNAseq/output/log/CRC-2418488_test_neg/remove_duplicate/rRNA_rmdup
    jobid: 21
    wildcards: output_dir=/data/taoyuhuan/RNAseq/test_RNAseq/output, sample_id=CRC-2418488_test_neg, map_step_sortbyName=rRNA
    resources: tmpdir=/tmp

Select jobs to execute...

[Tue Jul 27 21:33:06 2021]
rule count_bam_read_pairs:
    input: /data/taoyuhuan/RNAseq/test_RNAseq/output/log/CRC-2418488_test_neg/samtool_stats/rRNA.txt
    output: /data/taoyuhuan/RNAseq/test_RNAseq/output/log/CRC-2418488_test_neg/read_pair/rRNA.txt
    jobid: 55
    wildcards: output_dir=/data/taoyuhuan/RNAseq/test_RNAseq/output, sample_id=CRC-2418488_test_neg, map_step=rRNA
    resources: tmpdir=/tmp

[Tue Jul 27 21:33:06 2021]
Finished job 55.
30 of 67 steps (45%) done
[Tue Jul 27 21:33:12 2021]
Finished job 21.
31 of 67 steps (46%) done
[Tue Jul 27 21:33:13 2021]
Finished job 24.
32 of 67 steps (48%) done
Select jobs to execute...

[Tue Jul 27 21:33:13 2021]
rule samtools_stats_rmdup:
    input: /data/taoyuhuan/RNAseq/test_RNAseq/output/bam/CRC-2418488_test_neg/rRNA_rmdup.bam
    output: /data/taoyuhuan/RNAseq/test_RNAseq/output/log/CRC-2418488_test_neg/samtool_stats/rRNA_rmdup.txt
    jobid: 45
    wildcards: output_dir=/data/taoyuhuan/RNAseq/test_RNAseq/output, sample_id=CRC-2418488_test_neg, map_step_rmdup=rRNA
    resources: tmpdir=/tmp


[Tue Jul 27 21:33:13 2021]
rule samtools_stats_rmdup:
    input: /data/taoyuhuan/RNAseq/test_RNAseq/output/bam/CRC-2276341_test_neg/rRNA_rmdup.bam
    output: /data/taoyuhuan/RNAseq/test_RNAseq/output/log/CRC-2276341_test_neg/samtool_stats/rRNA_rmdup.txt
    jobid: 48
    wildcards: output_dir=/data/taoyuhuan/RNAseq/test_RNAseq/output, sample_id=CRC-2276341_test_neg, map_step_rmdup=rRNA
    resources: tmpdir=/tmp

[Tue Jul 27 21:33:13 2021]
Finished job 45.
33 of 67 steps (49%) done
[Tue Jul 27 21:33:14 2021]
Finished job 48.
34 of 67 steps (51%) done
[Tue Jul 27 21:38:24 2021]
Finished job 8.
35 of 67 steps (52%) done
Select jobs to execute...

[Tue Jul 27 21:38:27 2021]
rule samtools_stats:
    input: /data/taoyuhuan/RNAseq/test_RNAseq/output/bam/CRC-2418488_test_neg/hg38_long.bam
    output: /data/taoyuhuan/RNAseq/test_RNAseq/output/log/CRC-2418488_test_neg/samtool_stats/hg38_long.txt
    jobid: 38
    wildcards: output_dir=/data/taoyuhuan/RNAseq/test_RNAseq/output, sample_id=CRC-2418488_test_neg, map_step=hg38_long
    resources: tmpdir=/tmp


[Tue Jul 27 21:38:27 2021]
rule map_circRNA:
    input: /data/taoyuhuan/RNAseq/test_RNAseq/output/unmapped/CRC-2418488_test_neg/hg38_long_1.fastq.gz, /data/taoyuhuan/RNAseq/test_RNAseq/output/unmapped/CRC-2418488_test_neg/hg38_long_2.fastq.gz
    output: /data/taoyuhuan/RNAseq/test_RNAseq/output/bam/CRC-2418488_test_neg/circRNA.bam, /data/taoyuhuan/RNAseq/test_RNAseq/output/unmapped/CRC-2418488_test_neg/circRNA_1.fastq.gz, /data/taoyuhuan/RNAseq/test_RNAseq/output/unmapped/CRC-2418488_test_neg/circRNA_2.fastq.gz, /data/taoyuhuan/RNAseq/test_RNAseq/output/log/CRC-2418488_test_neg/mapping_star/circRNA/Log.final.out
    jobid: 9
    wildcards: output_dir=/data/taoyuhuan/RNAseq/test_RNAseq/output, sample_id=CRC-2418488_test_neg
    resources: tmpdir=/tmp

[Tue Jul 27 21:38:28 2021]
rule genomic_region:
    input: /data/taoyuhuan/RNAseq/test_RNAseq/output/bam/CRC-2418488_test_neg/hg38_long.bam
    output: /data/taoyuhuan/RNAseq/test_RNAseq/output/log/CRC-2418488_test_neg/genome_region
    jobid: 65
    wildcards: output_dir=/data/taoyuhuan/RNAseq/test_RNAseq/output, sample_id=CRC-2418488_test_neg
    resources: tmpdir=/tmp


[Tue Jul 27 21:38:28 2021]
rule sort_bam_by_name:
    input: /data/taoyuhuan/RNAseq/test_RNAseq/output/bam/CRC-2418488_test_neg/hg38_long.bam
    output: /data/taoyuhuan/RNAseq/test_RNAseq/output/bam/CRC-2418488_test_neg/hg38_long_sortbyName.bam
    jobid: 16
    wildcards: output_dir=/data/taoyuhuan/RNAseq/test_RNAseq/output, sample_id=CRC-2418488_test_neg, map_step_sortbyName=hg38_long
    resources: tmpdir=/tmp

[Tue Jul 27 21:38:31 2021]
Finished job 38.
36 of 67 steps (54%) done
Select jobs to execute...

[Tue Jul 27 21:38:31 2021]
rule count_bam_read_pairs:
    input: /data/taoyuhuan/RNAseq/test_RNAseq/output/log/CRC-2418488_test_neg/samtool_stats/hg38_long.txt
    output: /data/taoyuhuan/RNAseq/test_RNAseq/output/log/CRC-2418488_test_neg/read_pair/hg38_long.txt
    jobid: 56
    wildcards: output_dir=/data/taoyuhuan/RNAseq/test_RNAseq/output, sample_id=CRC-2418488_test_neg, map_step=hg38_long
    resources: tmpdir=/tmp

[Tue Jul 27 21:38:31 2021]
Finished job 56.
37 of 67 steps (55%) done
[Tue Jul 27 21:38:32 2021]
Finished job 16.
38 of 67 steps (57%) done
Select jobs to execute...

[Tue Jul 27 21:38:33 2021]
rule remove_duplicates:
    input: /data/taoyuhuan/RNAseq/test_RNAseq/output/bam/CRC-2418488_test_neg/hg38_long_sortbyName.bam
    output: /data/taoyuhuan/RNAseq/test_RNAseq/output/bam/CRC-2418488_test_neg/hg38_long_rmdup.bam, /data/taoyuhuan/RNAseq/test_RNAseq/output/log/CRC-2418488_test_neg/remove_duplicate/hg38_long_rmdup
    jobid: 22
    wildcards: output_dir=/data/taoyuhuan/RNAseq/test_RNAseq/output, sample_id=CRC-2418488_test_neg, map_step_sortbyName=hg38_long
    resources: tmpdir=/tmp

[Tue Jul 27 21:38:46 2021]
Finished job 22.
39 of 67 steps (58%) done
Select jobs to execute...

[Tue Jul 27 21:38:47 2021]
rule samtools_stats_rmdup:
    input: /data/taoyuhuan/RNAseq/test_RNAseq/output/bam/CRC-2418488_test_neg/hg38_long_rmdup.bam
    output: /data/taoyuhuan/RNAseq/test_RNAseq/output/log/CRC-2418488_test_neg/samtool_stats/hg38_long_rmdup.txt
    jobid: 46
    wildcards: output_dir=/data/taoyuhuan/RNAseq/test_RNAseq/output, sample_id=CRC-2418488_test_neg, map_step_rmdup=hg38_long
    resources: tmpdir=/tmp


[Tue Jul 27 21:38:47 2021]
rule get_Intron_spanning:
    input: /data/taoyuhuan/RNAseq/test_RNAseq/output/bam/CRC-2418488_test_neg/hg38_long_rmdup.bam
    output: /data/taoyuhuan/RNAseq/test_RNAseq/output/bam/CRC-2418488_test_neg/hg38_long_intron_spanning.bam
    jobid: 27
    wildcards: output_dir=/data/taoyuhuan/RNAseq/test_RNAseq/output, sample_id=CRC-2418488_test_neg
    resources: tmpdir=/tmp

[Tue Jul 27 21:38:50 2021]
Finished job 46.
40 of 67 steps (60%) done
[Tue Jul 27 21:40:26 2021]
Finished job 65.
41 of 67 steps (61%) done
[Tue Jul 27 21:40:34 2021]
Finished job 9.
42 of 67 steps (63%) done
Select jobs to execute...

[Tue Jul 27 21:40:35 2021]
rule samtools_stats:
    input: /data/taoyuhuan/RNAseq/test_RNAseq/output/bam/CRC-2418488_test_neg/circRNA.bam
    output: /data/taoyuhuan/RNAseq/test_RNAseq/output/log/CRC-2418488_test_neg/samtool_stats/circRNA.txt
    jobid: 39
    wildcards: output_dir=/data/taoyuhuan/RNAseq/test_RNAseq/output, sample_id=CRC-2418488_test_neg, map_step=circRNA
    resources: tmpdir=/tmp


[Tue Jul 27 21:40:35 2021]
rule sort_bam_by_name:
    input: /data/taoyuhuan/RNAseq/test_RNAseq/output/bam/CRC-2418488_test_neg/circRNA.bam
    output: /data/taoyuhuan/RNAseq/test_RNAseq/output/bam/CRC-2418488_test_neg/circRNA_sortbyName.bam
    jobid: 17
    wildcards: output_dir=/data/taoyuhuan/RNAseq/test_RNAseq/output, sample_id=CRC-2418488_test_neg, map_step_sortbyName=circRNA
    resources: tmpdir=/tmp

[Tue Jul 27 21:40:35 2021]
Finished job 39.
43 of 67 steps (64%) done
Select jobs to execute...

[Tue Jul 27 21:40:35 2021]
rule count_bam_read_pairs:
    input: /data/taoyuhuan/RNAseq/test_RNAseq/output/log/CRC-2418488_test_neg/samtool_stats/circRNA.txt
    output: /data/taoyuhuan/RNAseq/test_RNAseq/output/log/CRC-2418488_test_neg/read_pair/circRNA.txt
    jobid: 57
    wildcards: output_dir=/data/taoyuhuan/RNAseq/test_RNAseq/output, sample_id=CRC-2418488_test_neg, map_step=circRNA
    resources: tmpdir=/tmp

[Tue Jul 27 21:40:35 2021]
Finished job 57.
44 of 67 steps (66%) done
[Tue Jul 27 21:40:35 2021]
Finished job 17.
45 of 67 steps (67%) done
Select jobs to execute...

[Tue Jul 27 21:40:35 2021]
rule remove_duplicates:
    input: /data/taoyuhuan/RNAseq/test_RNAseq/output/bam/CRC-2418488_test_neg/circRNA_sortbyName.bam
    output: /data/taoyuhuan/RNAseq/test_RNAseq/output/bam/CRC-2418488_test_neg/circRNA_rmdup.bam, /data/taoyuhuan/RNAseq/test_RNAseq/output/log/CRC-2418488_test_neg/remove_duplicate/circRNA_rmdup
    jobid: 23
    wildcards: output_dir=/data/taoyuhuan/RNAseq/test_RNAseq/output, sample_id=CRC-2418488_test_neg, map_step_sortbyName=circRNA
    resources: tmpdir=/tmp

[Tue Jul 27 21:40:43 2021]
Finished job 23.
46 of 67 steps (69%) done
Select jobs to execute...

[Tue Jul 27 21:40:43 2021]
rule samtools_stats_rmdup:
    input: /data/taoyuhuan/RNAseq/test_RNAseq/output/bam/CRC-2418488_test_neg/circRNA_rmdup.bam
    output: /data/taoyuhuan/RNAseq/test_RNAseq/output/log/CRC-2418488_test_neg/samtool_stats/circRNA_rmdup.txt
    jobid: 47
    wildcards: output_dir=/data/taoyuhuan/RNAseq/test_RNAseq/output, sample_id=CRC-2418488_test_neg, map_step_rmdup=circRNA
    resources: tmpdir=/tmp

[Tue Jul 27 21:40:44 2021]
Finished job 47.
47 of 67 steps (70%) done
[Tue Jul 27 21:42:18 2021]
Error in rule get_Intron_spanning:
    jobid: 27
    output: /data/taoyuhuan/RNAseq/test_RNAseq/output/bam/CRC-2418488_test_neg/hg38_long_intron_spanning.bam
    shell:
        
		/data/taoyuhuan/RNAseq/tools/gatk-4.1.9.0/gatk SplitNCigarReads --java-options -Xmx4G 		--input /data/taoyuhuan/RNAseq/test_RNAseq/output/bam/CRC-2418488_test_neg/hg38_long_rmdup.bam 		--output /data/taoyuhuan/RNAseq/test_RNAseq/output/bam/CRC-2418488_test_neg/hg38_long_intron_spanning.bam 		-R /data/taoyuhuan/RNAseq/reference/fasta/hg38.fa
		
        (one of the commands exited with non-zero exit code; note that snakemake uses bash strict mode!)

Removing output files of failed job get_Intron_spanning since they might be corrupted:
/data/taoyuhuan/RNAseq/test_RNAseq/output/bam/CRC-2418488_test_neg/hg38_long_intron_spanning.bam
Shutting down, this might take some time.
Exiting because a job execution failed. Look above for error message
Complete log: /data/taoyuhuan/RNAseq/test_RNAseq/.snakemake/log/2021-07-27T212714.714838.snakemake.log
