Building DAG of jobs...
Using shell: /usr/bin/bash
Provided cores: 16
Rules claiming more threads will be scaled down.
Job stats:
job             count    min threads    max threads
------------  -------  -------------  -------------
all                 1              1              1
count_matrix        2              1              1
total               3              1              1

Select jobs to execute...

[Fri Jul 30 19:02:53 2021]
rule count_matrix:
    input: /data/taoyuhuan/RNAseq/reference/gtf/reference_genes.txt
    output: /data/taoyuhuan/RNAseq/test_RNAseq/output/count_matrix/hg38_long_rmdup
    jobid: 38
    wildcards: output_dir=/data/taoyuhuan/RNAseq/test_RNAseq/output, count_level=hg38_long_rmdup
    resources: tmpdir=/tmp


[Fri Jul 30 19:02:53 2021]
rule count_matrix:
    input: /data/taoyuhuan/RNAseq/reference/gtf/reference_genes.txt
    output: /data/taoyuhuan/RNAseq/test_RNAseq/output/count_matrix/intron_spanning
    jobid: 39
    wildcards: output_dir=/data/taoyuhuan/RNAseq/test_RNAseq/output, count_level=intron_spanning
    resources: tmpdir=/tmp

[Fri Jul 30 19:02:54 2021]
Finished job 38.
1 of 3 steps (33%) done
[Fri Jul 30 19:02:54 2021]
Finished job 39.
2 of 3 steps (67%) done
Select jobs to execute...

[Fri Jul 30 19:02:54 2021]
localrule all:
    input: /data/taoyuhuan/RNAseq/test_RNAseq/output/cutadapt/CRC-2418488_test_neg_1.fastq.gz, /data/taoyuhuan/RNAseq/test_RNAseq/output/cutadapt/CRC-2418488_test_neg_2.fastq.gz, /data/taoyuhuan/RNAseq/test_RNAseq/output/cutadapt/CRC-2276341_test_neg_1.fastq.gz, /data/taoyuhuan/RNAseq/test_RNAseq/output/cutadapt/CRC-2276341_test_neg_2.fastq.gz, /data/taoyuhuan/RNAseq/test_RNAseq/output/trimGC/CRC-2418488_test_neg_1.fastq.gz, /data/taoyuhuan/RNAseq/test_RNAseq/output/trimGC/CRC-2418488_test_neg_2.fastq.gz, /data/taoyuhuan/RNAseq/test_RNAseq/output/trimGC/CRC-2276341_test_neg_1.fastq.gz, /data/taoyuhuan/RNAseq/test_RNAseq/output/trimGC/CRC-2276341_test_neg_2.fastq.gz, /data/taoyuhuan/RNAseq/test_RNAseq/output/bam/CRC-2418488_test_neg/spikein_long.bam, /data/taoyuhuan/RNAseq/test_RNAseq/output/bam/CRC-2418488_test_neg/univec.bam, /data/taoyuhuan/RNAseq/test_RNAseq/output/bam/CRC-2418488_test_neg/rRNA.bam, /data/taoyuhuan/RNAseq/test_RNAseq/output/bam/CRC-2418488_test_neg/hg38_long.bam, /data/taoyuhuan/RNAseq/test_RNAseq/output/bam/CRC-2418488_test_neg/circRNA.bam, /data/taoyuhuan/RNAseq/test_RNAseq/output/bam/CRC-2276341_test_neg/spikein_long.bam, /data/taoyuhuan/RNAseq/test_RNAseq/output/bam/CRC-2276341_test_neg/univec.bam, /data/taoyuhuan/RNAseq/test_RNAseq/output/bam/CRC-2276341_test_neg/rRNA.bam, /data/taoyuhuan/RNAseq/test_RNAseq/output/bam/CRC-2276341_test_neg/hg38_long.bam, /data/taoyuhuan/RNAseq/test_RNAseq/output/bam/CRC-2276341_test_neg/circRNA.bam, /data/taoyuhuan/RNAseq/test_RNAseq/output/bam/CRC-2418488_test_neg/rRNA_sortbyName.bam, /data/taoyuhuan/RNAseq/test_RNAseq/output/bam/CRC-2418488_test_neg/hg38_long_sortbyName.bam, /data/taoyuhuan/RNAseq/test_RNAseq/output/bam/CRC-2418488_test_neg/circRNA_sortbyName.bam, /data/taoyuhuan/RNAseq/test_RNAseq/output/bam/CRC-2276341_test_neg/rRNA_sortbyName.bam, /data/taoyuhuan/RNAseq/test_RNAseq/output/bam/CRC-2276341_test_neg/hg38_long_sortbyName.bam, /data/taoyuhuan/RNAseq/test_RNAseq/output/bam/CRC-2276341_test_neg/circRNA_sortbyName.bam, /data/taoyuhuan/RNAseq/test_RNAseq/output/bam/CRC-2418488_test_neg/rRNA_rmdup.bam, /data/taoyuhuan/RNAseq/test_RNAseq/output/bam/CRC-2418488_test_neg/hg38_long_rmdup.bam, /data/taoyuhuan/RNAseq/test_RNAseq/output/bam/CRC-2418488_test_neg/circRNA_rmdup.bam, /data/taoyuhuan/RNAseq/test_RNAseq/output/bam/CRC-2276341_test_neg/rRNA_rmdup.bam, /data/taoyuhuan/RNAseq/test_RNAseq/output/bam/CRC-2276341_test_neg/hg38_long_rmdup.bam, /data/taoyuhuan/RNAseq/test_RNAseq/output/bam/CRC-2276341_test_neg/circRNA_rmdup.bam, /data/taoyuhuan/RNAseq/test_RNAseq/output/bam/CRC-2418488_test_neg/hg38_long_rmdup_RG.bam, /data/taoyuhuan/RNAseq/test_RNAseq/output/bam/CRC-2276341_test_neg/hg38_long_rmdup_RG.bam, /data/taoyuhuan/RNAseq/test_RNAseq/output/bam/CRC-2418488_test_neg/hg38_long_intron_spanning.bam, /data/taoyuhuan/RNAseq/test_RNAseq/output/bam/CRC-2276341_test_neg/hg38_long_intron_spanning.bam, /data/taoyuhuan/RNAseq/test_RNAseq/output/unmapped/CRC-2418488_test_neg/spikein_long_1.fastq.gz, /data/taoyuhuan/RNAseq/test_RNAseq/output/unmapped/CRC-2418488_test_neg/spikein_long_2.fastq.gz, /data/taoyuhuan/RNAseq/test_RNAseq/output/unmapped/CRC-2418488_test_neg/univec_1.fastq.gz, /data/taoyuhuan/RNAseq/test_RNAseq/output/unmapped/CRC-2418488_test_neg/univec_2.fastq.gz, /data/taoyuhuan/RNAseq/test_RNAseq/output/unmapped/CRC-2418488_test_neg/rRNA_1.fastq.gz, /data/taoyuhuan/RNAseq/test_RNAseq/output/unmapped/CRC-2418488_test_neg/rRNA_2.fastq.gz, /data/taoyuhuan/RNAseq/test_RNAseq/output/unmapped/CRC-2418488_test_neg/hg38_long_1.fastq.gz, /data/taoyuhuan/RNAseq/test_RNAseq/output/unmapped/CRC-2418488_test_neg/hg38_long_2.fastq.gz, /data/taoyuhuan/RNAseq/test_RNAseq/output/unmapped/CRC-2418488_test_neg/circRNA_1.fastq.gz, /data/taoyuhuan/RNAseq/test_RNAseq/output/unmapped/CRC-2418488_test_neg/circRNA_2.fastq.gz, /data/taoyuhuan/RNAseq/test_RNAseq/output/unmapped/CRC-2276341_test_neg/spikein_long_1.fastq.gz, /data/taoyuhuan/RNAseq/test_RNAseq/output/unmapped/CRC-2276341_test_neg/spikein_long_2.fastq.gz, /data/taoyuhuan/RNAseq/test_RNAseq/output/unmapped/CRC-2276341_test_neg/univec_1.fastq.gz, /data/taoyuhuan/RNAseq/test_RNAseq/output/unmapped/CRC-2276341_test_neg/univec_2.fastq.gz, /data/taoyuhuan/RNAseq/test_RNAseq/output/unmapped/CRC-2276341_test_neg/rRNA_1.fastq.gz, /data/taoyuhuan/RNAseq/test_RNAseq/output/unmapped/CRC-2276341_test_neg/rRNA_2.fastq.gz, /data/taoyuhuan/RNAseq/test_RNAseq/output/unmapped/CRC-2276341_test_neg/hg38_long_1.fastq.gz, /data/taoyuhuan/RNAseq/test_RNAseq/output/unmapped/CRC-2276341_test_neg/hg38_long_2.fastq.gz, /data/taoyuhuan/RNAseq/test_RNAseq/output/unmapped/CRC-2276341_test_neg/circRNA_1.fastq.gz, /data/taoyuhuan/RNAseq/test_RNAseq/output/unmapped/CRC-2276341_test_neg/circRNA_2.fastq.gz, /data/taoyuhuan/RNAseq/test_RNAseq/output/counts/hg38_long/CRC-2418488_test_neg/featurecount, /data/taoyuhuan/RNAseq/test_RNAseq/output/counts/hg38_long/CRC-2276341_test_neg/featurecount, /data/taoyuhuan/RNAseq/test_RNAseq/output/counts/hg38_long_rmdup/CRC-2418488_test_neg/featurecount, /data/taoyuhuan/RNAseq/test_RNAseq/output/counts/hg38_long_rmdup/CRC-2276341_test_neg/featurecount, /data/taoyuhuan/RNAseq/test_RNAseq/output/counts/intron_spanning/CRC-2418488_test_neg/featurecount, /data/taoyuhuan/RNAseq/test_RNAseq/output/counts/intron_spanning/CRC-2276341_test_neg/featurecount, /data/taoyuhuan/RNAseq/test_RNAseq/output/counts/hg38_long/CRC-2418488_test_neg/featurecount.summary, /data/taoyuhuan/RNAseq/test_RNAseq/output/counts/hg38_long/CRC-2276341_test_neg/featurecount.summary, /data/taoyuhuan/RNAseq/test_RNAseq/output/counts/hg38_long_rmdup/CRC-2418488_test_neg/featurecount.summary, /data/taoyuhuan/RNAseq/test_RNAseq/output/counts/hg38_long_rmdup/CRC-2276341_test_neg/featurecount.summary, /data/taoyuhuan/RNAseq/test_RNAseq/output/counts/intron_spanning/CRC-2418488_test_neg/featurecount.summary, /data/taoyuhuan/RNAseq/test_RNAseq/output/counts/intron_spanning/CRC-2276341_test_neg/featurecount.summary, /data/taoyuhuan/RNAseq/test_RNAseq/output/count_matrix/hg38_long, /data/taoyuhuan/RNAseq/test_RNAseq/output/count_matrix/hg38_long_rmdup, /data/taoyuhuan/RNAseq/test_RNAseq/output/count_matrix/intron_spanning, /data/taoyuhuan/RNAseq/test_RNAseq/output/log/CRC-2418488_test_neg/read_pair/cutadapt.txt, /data/taoyuhuan/RNAseq/test_RNAseq/output/log/CRC-2418488_test_neg/read_pair/trimGC.txt, /data/taoyuhuan/RNAseq/test_RNAseq/output/log/CRC-2276341_test_neg/read_pair/cutadapt.txt, /data/taoyuhuan/RNAseq/test_RNAseq/output/log/CRC-2276341_test_neg/read_pair/trimGC.txt, /data/taoyuhuan/RNAseq/test_RNAseq/output/log/CRC-2418488_test_neg/read_pair/raw.txt, /data/taoyuhuan/RNAseq/test_RNAseq/output/log/CRC-2276341_test_neg/read_pair/raw.txt, /data/taoyuhuan/RNAseq/test_RNAseq/output/log/CRC-2418488_test_neg/samtool_stats/spikein_long.txt, /data/taoyuhuan/RNAseq/test_RNAseq/output/log/CRC-2418488_test_neg/samtool_stats/univec.txt, /data/taoyuhuan/RNAseq/test_RNAseq/output/log/CRC-2418488_test_neg/samtool_stats/rRNA.txt, /data/taoyuhuan/RNAseq/test_RNAseq/output/log/CRC-2418488_test_neg/samtool_stats/hg38_long.txt, /data/taoyuhuan/RNAseq/test_RNAseq/output/log/CRC-2418488_test_neg/samtool_stats/circRNA.txt, /data/taoyuhuan/RNAseq/test_RNAseq/output/log/CRC-2276341_test_neg/samtool_stats/spikein_long.txt, /data/taoyuhuan/RNAseq/test_RNAseq/output/log/CRC-2276341_test_neg/samtool_stats/univec.txt, /data/taoyuhuan/RNAseq/test_RNAseq/output/log/CRC-2276341_test_neg/samtool_stats/rRNA.txt, /data/taoyuhuan/RNAseq/test_RNAseq/output/log/CRC-2276341_test_neg/samtool_stats/hg38_long.txt, /data/taoyuhuan/RNAseq/test_RNAseq/output/log/CRC-2276341_test_neg/samtool_stats/circRNA.txt, /data/taoyuhuan/RNAseq/test_RNAseq/output/log/CRC-2418488_test_neg/samtool_stats/rRNA_rmdup.txt, /data/taoyuhuan/RNAseq/test_RNAseq/output/log/CRC-2418488_test_neg/samtool_stats/hg38_long_rmdup.txt, /data/taoyuhuan/RNAseq/test_RNAseq/output/log/CRC-2418488_test_neg/samtool_stats/circRNA_rmdup.txt, /data/taoyuhuan/RNAseq/test_RNAseq/output/log/CRC-2276341_test_neg/samtool_stats/rRNA_rmdup.txt, /data/taoyuhuan/RNAseq/test_RNAseq/output/log/CRC-2276341_test_neg/samtool_stats/hg38_long_rmdup.txt, /data/taoyuhuan/RNAseq/test_RNAseq/output/log/CRC-2276341_test_neg/samtool_stats/circRNA_rmdup.txt, /data/taoyuhuan/RNAseq/test_RNAseq/output/log/CRC-2418488_test_neg/samtool_stats/hg38_long_intron_spanning.txt, /data/taoyuhuan/RNAseq/test_RNAseq/output/log/CRC-2276341_test_neg/samtool_stats/hg38_long_intron_spanning.txt, /data/taoyuhuan/RNAseq/test_RNAseq/output/log/CRC-2418488_test_neg/read_pair/spikein_long.txt, /data/taoyuhuan/RNAseq/test_RNAseq/output/log/CRC-2418488_test_neg/read_pair/univec.txt, /data/taoyuhuan/RNAseq/test_RNAseq/output/log/CRC-2418488_test_neg/read_pair/rRNA.txt, /data/taoyuhuan/RNAseq/test_RNAseq/output/log/CRC-2418488_test_neg/read_pair/hg38_long.txt, /data/taoyuhuan/RNAseq/test_RNAseq/output/log/CRC-2418488_test_neg/read_pair/circRNA.txt, /data/taoyuhuan/RNAseq/test_RNAseq/output/log/CRC-2276341_test_neg/read_pair/spikein_long.txt, /data/taoyuhuan/RNAseq/test_RNAseq/output/log/CRC-2276341_test_neg/read_pair/univec.txt, /data/taoyuhuan/RNAseq/test_RNAseq/output/log/CRC-2276341_test_neg/read_pair/rRNA.txt, /data/taoyuhuan/RNAseq/test_RNAseq/output/log/CRC-2276341_test_neg/read_pair/hg38_long.txt, /data/taoyuhuan/RNAseq/test_RNAseq/output/log/CRC-2276341_test_neg/read_pair/circRNA.txt, /data/taoyuhuan/RNAseq/test_RNAseq/output/log/CRC-2418488_test_neg/read_pair/rRNA_rmdup.txt, /data/taoyuhuan/RNAseq/test_RNAseq/output/log/CRC-2418488_test_neg/read_pair/hg38_long_rmdup.txt, /data/taoyuhuan/RNAseq/test_RNAseq/output/log/CRC-2418488_test_neg/read_pair/circRNA_rmdup.txt, /data/taoyuhuan/RNAseq/test_RNAseq/output/log/CRC-2276341_test_neg/read_pair/rRNA_rmdup.txt, /data/taoyuhuan/RNAseq/test_RNAseq/output/log/CRC-2276341_test_neg/read_pair/hg38_long_rmdup.txt, /data/taoyuhuan/RNAseq/test_RNAseq/output/log/CRC-2276341_test_neg/read_pair/circRNA_rmdup.txt, /data/taoyuhuan/RNAseq/test_RNAseq/output/log/CRC-2418488_test_neg/read_pair/hg38_long_intron_spanning.txt, /data/taoyuhuan/RNAseq/test_RNAseq/output/log/CRC-2276341_test_neg/read_pair/hg38_long_intron_spanning.txt, /data/taoyuhuan/RNAseq/test_RNAseq/output/log/CRC-2418488_test_neg/genomic_region, /data/taoyuhuan/RNAseq/test_RNAseq/output/log/CRC-2276341_test_neg/genomic_region
    jobid: 0
    resources: tmpdir=/tmp

[Fri Jul 30 19:02:54 2021]
Finished job 0.
3 of 3 steps (100%) done
Complete log: /data/taoyuhuan/RNAseq/test_RNAseq/.snakemake/log/2021-07-30T190252.410272.snakemake.log
