Building DAG of jobs...
Using shell: /usr/bin/bash
Provided cluster nodes: 2
Job stats:
job                                     count    min threads    max threads
------------------------------------  -------  -------------  -------------
add_ReadGroup                               1              1              1
all                                         1              1              1
count_bam_intron_spanning_read_pairs        1              1              1
count_bam_read_pairs                        5              1              1
count_bam_rmdup_read_pairs                  3              1              1
count_clean_fastq_read_pairs                2              1              1
count_raw_fastq_read_pairs                  1              1              1
cutadapt_pe                                 1              1              1
featurecounts                               1              1              1
featurecounts_intron_spanning               1              1              1
featurecounts_rmdup                         1              1              1
genomic_region                              1              1              1
get_Intron_spanning                         1              1              1
map_circRNA                                 1              1              1
map_hg38_long                               1              1              1
map_rRNA                                    1              1              1
map_spikein_long                            1              1              1
map_univec                                  1              1              1
remove_duplicates                           3              1              1
samtools_stats                              5              1              1
samtools_stats_intron_spanning              1              1              1
samtools_stats_rmdup                        3              1              1
sort_bam_by_name                            3              1              1
trimGC                                      1              1              1
total                                      41              1              1

Select jobs to execute...

[Wed Jul 28 15:50:13 2021]
rule cutadapt_pe:
    input: /data/taoyuhuan/RNAseq/test_RNAseq/fastq/CRC-2418488_test_neg_1.fastq.gz, /data/taoyuhuan/RNAseq/test_RNAseq/fastq/CRC-2418488_test_neg_2.fastq.gz
    output: /data/taoyuhuan/RNAseq/test_RNAseq/output/cutadapt/CRC-2418488_test_neg_1.fastq.gz, /data/taoyuhuan/RNAseq/test_RNAseq/output/cutadapt/CRC-2418488_test_neg_2.fastq.gz
    log: /data/taoyuhuan/RNAseq/test_RNAseq/output/log/CRC-2418488_test_neg/cutadaptor.log
    jobid: 1
    wildcards: output_dir=/data/taoyuhuan/RNAseq/test_RNAseq/output, sample_id=CRC-2418488_test_neg
    resources: tmpdir=/tmp

Submitted job 1 with external jobid 'Submitted batch job 83848'.

[Wed Jul 28 15:50:13 2021]
rule count_raw_fastq_read_pairs:
    input: /data/taoyuhuan/RNAseq/test_RNAseq/fastq/CRC-2418488_test_neg_1.fastq.gz
    output: /data/taoyuhuan/RNAseq/test_RNAseq/output/log/CRC-2418488_test_neg/read_pair/raw.txt
    jobid: 21
    wildcards: output_dir=/data/taoyuhuan/RNAseq/test_RNAseq/output, sample_id=CRC-2418488_test_neg
    resources: tmpdir=/tmp

Submitted job 21 with external jobid 'Submitted batch job 83849'.
[Wed Jul 28 15:50:23 2021]
Finished job 1.
1 of 41 steps (2%) done
Select jobs to execute...
[Wed Jul 28 15:50:23 2021]
Finished job 21.
2 of 41 steps (5%) done

[Wed Jul 28 15:50:23 2021]
rule trimGC:
    input: /data/taoyuhuan/RNAseq/test_RNAseq/output/cutadapt/CRC-2418488_test_neg_1.fastq.gz, /data/taoyuhuan/RNAseq/test_RNAseq/output/cutadapt/CRC-2418488_test_neg_2.fastq.gz
    output: /data/taoyuhuan/RNAseq/test_RNAseq/output/trimGC/CRC-2418488_test_neg_1.fastq.gz, /data/taoyuhuan/RNAseq/test_RNAseq/output/trimGC/CRC-2418488_test_neg_2.fastq.gz
    log: /data/taoyuhuan/RNAseq/test_RNAseq/output/log/CRC-2418488_test_neg/trimGC.log
    jobid: 2
    wildcards: output_dir=/data/taoyuhuan/RNAseq/test_RNAseq/output, sample_id=CRC-2418488_test_neg
    resources: tmpdir=/tmp

Submitted job 2 with external jobid 'Submitted batch job 83850'.
Select jobs to execute...

[Wed Jul 28 15:50:23 2021]
rule count_clean_fastq_read_pairs:
    input: /data/taoyuhuan/RNAseq/test_RNAseq/output/cutadapt/CRC-2418488_test_neg_1.fastq.gz
    output: /data/taoyuhuan/RNAseq/test_RNAseq/output/log/CRC-2418488_test_neg/read_pair/cutadapt.txt
    jobid: 19
    wildcards: output_dir=/data/taoyuhuan/RNAseq/test_RNAseq/output, sample_id=CRC-2418488_test_neg, clean_level=cutadapt
    resources: tmpdir=/tmp

Submitted job 19 with external jobid 'Submitted batch job 83851'.
Waiting at most 20 seconds for missing files.
MissingOutputException in line 412 of /data/taoyuhuan/RNAseq/test_RNAseq/RNAseq.snakefile:
Job Missing files after 20 seconds:

This might be due to filesystem latency. If that is the case, consider to increase the wait time with --latency-wait.
Job id: 19 completed successfully, but some output files are missing. 19
Removing output files of failed job count_clean_fastq_read_pairs since they might be corrupted:
/data/taoyuhuan/RNAseq/test_RNAseq/output/log/CRC-2418488_test_neg/read_pair/cutadapt.txt
[Wed Jul 28 15:52:04 2021]
Finished job 2.
3 of 41 steps (7%) done
Shutting down, this might take some time.
Exiting because a job execution failed. Look above for error message
Complete log: /data/taoyuhuan/RNAseq/test_RNAseq/.snakemake/log/2021-07-28T155013.047708.snakemake.log
