Building DAG of jobs...
Using shell: /usr/bin/bash
Provided cluster nodes: 2
Job stats:
job                                     count    min threads    max threads
------------------------------------  -------  -------------  -------------
add_ReadGroup                               2              1              1
all                                         1              1              1
count_bam_intron_spanning_read_pairs        2              1              1
count_bam_read_pairs                       10              1              1
count_bam_rmdup_read_pairs                  6              1              1
count_clean_fastq_read_pairs                4              1              1
count_raw_fastq_read_pairs                  2              1              1
cutadapt_pe                                 2              1              1
featurecounts                               2              1              1
featurecounts_intron_spanning               2              1              1
featurecounts_rmdup                         2              1              1
genomic_region                              2              1              1
get_Intron_spanning                         2              1              1
map_circRNA                                 2              1              1
map_hg38_long                               2              1              1
map_rRNA                                    2              1              1
map_spikein_long                            2              1              1
map_univec                                  2              1              1
remove_duplicates                           6              1              1
samtools_stats                             10              1              1
samtools_stats_intron_spanning              2              1              1
samtools_stats_rmdup                        6              1              1
sort_bam_by_name                            6              1              1
trimGC                                      2              1              1
total                                      81              1              1

Select jobs to execute...

[Wed Jul 28 17:52:46 2021]
rule cutadapt_pe:
    input: /data/taoyuhuan/RNAseq/test_RNAseq/fastq/CRC-2418488_test_neg_1.fastq.gz, /data/taoyuhuan/RNAseq/test_RNAseq/fastq/CRC-2418488_test_neg_2.fastq.gz
    output: /data/taoyuhuan/RNAseq/test_RNAseq/output/cutadapt/CRC-2418488_test_neg_1.fastq.gz, /data/taoyuhuan/RNAseq/test_RNAseq/output/cutadapt/CRC-2418488_test_neg_2.fastq.gz
    log: /data/taoyuhuan/RNAseq/test_RNAseq/output/log/CRC-2418488_test_neg/cutadaptor.log
    jobid: 1
    wildcards: output_dir=/data/taoyuhuan/RNAseq/test_RNAseq/output, sample_id=CRC-2418488_test_neg
    resources: tmpdir=/tmp

Submitted job 1 with external jobid 'Submitted batch job 83887'.

[Wed Jul 28 17:52:46 2021]
rule count_raw_fastq_read_pairs:
    input: /data/taoyuhuan/RNAseq/test_RNAseq/fastq/CRC-2418488_test_neg_1.fastq.gz
    output: /data/taoyuhuan/RNAseq/test_RNAseq/output/log/CRC-2418488_test_neg/read_pair/raw.txt
    jobid: 41
    wildcards: output_dir=/data/taoyuhuan/RNAseq/test_RNAseq/output, sample_id=CRC-2418488_test_neg
    resources: tmpdir=/tmp

Submitted job 41 with external jobid 'Submitted batch job 83888'.
Waiting at most 60 seconds for missing files.
[Wed Jul 28 17:52:59 2021]
Finished job 1.
1 of 81 steps (1%) done
Select jobs to execute...
Waiting at most 60 seconds for missing files.
[Wed Jul 28 17:53:16 2021]
Finished job 41.
2 of 81 steps (2%) done

[Wed Jul 28 17:53:16 2021]
rule count_clean_fastq_read_pairs:
    input: /data/taoyuhuan/RNAseq/test_RNAseq/output/cutadapt/CRC-2418488_test_neg_1.fastq.gz
    output: /data/taoyuhuan/RNAseq/test_RNAseq/output/log/CRC-2418488_test_neg/read_pair/cutadapt.txt
    jobid: 37
    wildcards: output_dir=/data/taoyuhuan/RNAseq/test_RNAseq/output, sample_id=CRC-2418488_test_neg, clean_level=cutadapt
    resources: tmpdir=/tmp

Submitted job 37 with external jobid 'Submitted batch job 83889'.
Select jobs to execute...

[Wed Jul 28 17:53:16 2021]
rule trimGC:
    input: /data/taoyuhuan/RNAseq/test_RNAseq/output/cutadapt/CRC-2418488_test_neg_1.fastq.gz, /data/taoyuhuan/RNAseq/test_RNAseq/output/cutadapt/CRC-2418488_test_neg_2.fastq.gz
    output: /data/taoyuhuan/RNAseq/test_RNAseq/output/trimGC/CRC-2418488_test_neg_1.fastq.gz, /data/taoyuhuan/RNAseq/test_RNAseq/output/trimGC/CRC-2418488_test_neg_2.fastq.gz
    log: /data/taoyuhuan/RNAseq/test_RNAseq/output/log/CRC-2418488_test_neg/trimGC.log
    jobid: 3
    wildcards: output_dir=/data/taoyuhuan/RNAseq/test_RNAseq/output, sample_id=CRC-2418488_test_neg
    resources: tmpdir=/tmp

Submitted job 3 with external jobid 'Submitted batch job 83890'.
Waiting at most 60 seconds for missing files.
[Wed Jul 28 17:53:46 2021]
Finished job 37.
3 of 81 steps (4%) done
Select jobs to execute...

[Wed Jul 28 17:53:46 2021]
rule cutadapt_pe:
    input: /data/taoyuhuan/RNAseq/test_RNAseq/fastq/CRC-2276341_test_neg_1.fastq.gz, /data/taoyuhuan/RNAseq/test_RNAseq/fastq/CRC-2276341_test_neg_2.fastq.gz
    output: /data/taoyuhuan/RNAseq/test_RNAseq/output/cutadapt/CRC-2276341_test_neg_1.fastq.gz, /data/taoyuhuan/RNAseq/test_RNAseq/output/cutadapt/CRC-2276341_test_neg_2.fastq.gz
    log: /data/taoyuhuan/RNAseq/test_RNAseq/output/log/CRC-2276341_test_neg/cutadaptor.log
    jobid: 2
    wildcards: output_dir=/data/taoyuhuan/RNAseq/test_RNAseq/output, sample_id=CRC-2276341_test_neg
    resources: tmpdir=/tmp

Submitted job 2 with external jobid 'Submitted batch job 83891'.
Waiting at most 60 seconds for missing files.
[Wed Jul 28 17:53:59 2021]
Finished job 2.
4 of 81 steps (5%) done
Select jobs to execute...

[Wed Jul 28 17:53:59 2021]
rule count_clean_fastq_read_pairs:
    input: /data/taoyuhuan/RNAseq/test_RNAseq/output/cutadapt/CRC-2276341_test_neg_1.fastq.gz
    output: /data/taoyuhuan/RNAseq/test_RNAseq/output/log/CRC-2276341_test_neg/read_pair/cutadapt.txt
    jobid: 39
    wildcards: output_dir=/data/taoyuhuan/RNAseq/test_RNAseq/output, sample_id=CRC-2276341_test_neg, clean_level=cutadapt
    resources: tmpdir=/tmp

Submitted job 39 with external jobid 'Submitted batch job 83892'.
[Wed Jul 28 17:54:09 2021]
Finished job 3.
5 of 81 steps (6%) done
Select jobs to execute...
Waiting at most 60 seconds for missing files.
[Wed Jul 28 17:54:16 2021]
Finished job 39.
6 of 81 steps (7%) done

[Wed Jul 28 17:54:16 2021]
rule count_clean_fastq_read_pairs:
    input: /data/taoyuhuan/RNAseq/test_RNAseq/output/trimGC/CRC-2418488_test_neg_1.fastq.gz
    output: /data/taoyuhuan/RNAseq/test_RNAseq/output/log/CRC-2418488_test_neg/read_pair/trimGC.txt
    jobid: 38
    wildcards: output_dir=/data/taoyuhuan/RNAseq/test_RNAseq/output, sample_id=CRC-2418488_test_neg, clean_level=trimGC
    resources: tmpdir=/tmp

Submitted job 38 with external jobid 'Submitted batch job 83893'.
Select jobs to execute...

[Wed Jul 28 17:54:16 2021]
rule map_spikein_long:
    input: /data/taoyuhuan/RNAseq/test_RNAseq/output/trimGC/CRC-2418488_test_neg_1.fastq.gz, /data/taoyuhuan/RNAseq/test_RNAseq/output/trimGC/CRC-2418488_test_neg_2.fastq.gz
    output: /data/taoyuhuan/RNAseq/test_RNAseq/output/bam/CRC-2418488_test_neg/spikein_long.bam, /data/taoyuhuan/RNAseq/test_RNAseq/output/unmapped/CRC-2418488_test_neg/spikein_long_1.fastq.gz, /data/taoyuhuan/RNAseq/test_RNAseq/output/unmapped/CRC-2418488_test_neg/spikein_long_2.fastq.gz
    log: /data/taoyuhuan/RNAseq/test_RNAseq/output/log/CRC-2418488_test_neg/mapping_star/spikein_long/mapping.log
    jobid: 5
    wildcards: output_dir=/data/taoyuhuan/RNAseq/test_RNAseq/output, sample_id=CRC-2418488_test_neg
    resources: tmpdir=/tmp

Submitted job 5 with external jobid 'Submitted batch job 83894'.
Waiting at most 60 seconds for missing files.
[Wed Jul 28 17:55:16 2021]
Finished job 38.
7 of 81 steps (9%) done
Select jobs to execute...
[Wed Jul 28 17:55:16 2021]
Finished job 5.
8 of 81 steps (10%) done

[Wed Jul 28 17:55:16 2021]
rule trimGC:
    input: /data/taoyuhuan/RNAseq/test_RNAseq/output/cutadapt/CRC-2276341_test_neg_1.fastq.gz, /data/taoyuhuan/RNAseq/test_RNAseq/output/cutadapt/CRC-2276341_test_neg_2.fastq.gz
    output: /data/taoyuhuan/RNAseq/test_RNAseq/output/trimGC/CRC-2276341_test_neg_1.fastq.gz, /data/taoyuhuan/RNAseq/test_RNAseq/output/trimGC/CRC-2276341_test_neg_2.fastq.gz
    log: /data/taoyuhuan/RNAseq/test_RNAseq/output/log/CRC-2276341_test_neg/trimGC.log
    jobid: 4
    wildcards: output_dir=/data/taoyuhuan/RNAseq/test_RNAseq/output, sample_id=CRC-2276341_test_neg
    resources: tmpdir=/tmp

Submitted job 4 with external jobid 'Submitted batch job 83895'.
Select jobs to execute...

[Wed Jul 28 17:55:16 2021]
rule map_univec:
    input: /data/taoyuhuan/RNAseq/test_RNAseq/output/unmapped/CRC-2418488_test_neg/spikein_long_1.fastq.gz, /data/taoyuhuan/RNAseq/test_RNAseq/output/unmapped/CRC-2418488_test_neg/spikein_long_2.fastq.gz
    output: /data/taoyuhuan/RNAseq/test_RNAseq/output/bam/CRC-2418488_test_neg/univec.bam, /data/taoyuhuan/RNAseq/test_RNAseq/output/unmapped/CRC-2418488_test_neg/univec_1.fastq.gz, /data/taoyuhuan/RNAseq/test_RNAseq/output/unmapped/CRC-2418488_test_neg/univec_2.fastq.gz
    log: /data/taoyuhuan/RNAseq/test_RNAseq/output/log/CRC-2418488_test_neg/mapping_star/univec/mapping.log
    jobid: 6
    wildcards: output_dir=/data/taoyuhuan/RNAseq/test_RNAseq/output, sample_id=CRC-2418488_test_neg
    resources: tmpdir=/tmp

Submitted job 6 with external jobid 'Submitted batch job 83896'.
[Wed Jul 28 17:56:16 2021]
Finished job 4.
9 of 81 steps (11%) done
Select jobs to execute...
[Wed Jul 28 17:56:16 2021]
Finished job 6.
10 of 81 steps (12%) done

[Wed Jul 28 17:56:16 2021]
rule map_spikein_long:
    input: /data/taoyuhuan/RNAseq/test_RNAseq/output/trimGC/CRC-2276341_test_neg_1.fastq.gz, /data/taoyuhuan/RNAseq/test_RNAseq/output/trimGC/CRC-2276341_test_neg_2.fastq.gz
    output: /data/taoyuhuan/RNAseq/test_RNAseq/output/bam/CRC-2276341_test_neg/spikein_long.bam, /data/taoyuhuan/RNAseq/test_RNAseq/output/unmapped/CRC-2276341_test_neg/spikein_long_1.fastq.gz, /data/taoyuhuan/RNAseq/test_RNAseq/output/unmapped/CRC-2276341_test_neg/spikein_long_2.fastq.gz
    log: /data/taoyuhuan/RNAseq/test_RNAseq/output/log/CRC-2276341_test_neg/mapping_star/spikein_long/mapping.log
    jobid: 10
    wildcards: output_dir=/data/taoyuhuan/RNAseq/test_RNAseq/output, sample_id=CRC-2276341_test_neg
    resources: tmpdir=/tmp

Submitted job 10 with external jobid 'Submitted batch job 83897'.
Select jobs to execute...

[Wed Jul 28 17:56:17 2021]
rule count_clean_fastq_read_pairs:
    input: /data/taoyuhuan/RNAseq/test_RNAseq/output/trimGC/CRC-2276341_test_neg_1.fastq.gz
    output: /data/taoyuhuan/RNAseq/test_RNAseq/output/log/CRC-2276341_test_neg/read_pair/trimGC.txt
    jobid: 40
    wildcards: output_dir=/data/taoyuhuan/RNAseq/test_RNAseq/output, sample_id=CRC-2276341_test_neg, clean_level=trimGC
    resources: tmpdir=/tmp

Submitted job 40 with external jobid 'Submitted batch job 83898'.
Waiting at most 60 seconds for missing files.
[Wed Jul 28 17:56:33 2021]
Finished job 40.
11 of 81 steps (14%) done
Select jobs to execute...

[Wed Jul 28 17:56:33 2021]
rule samtools_stats:
    input: /data/taoyuhuan/RNAseq/test_RNAseq/output/bam/CRC-2418488_test_neg/univec.bam
    output: /data/taoyuhuan/RNAseq/test_RNAseq/output/log/CRC-2418488_test_neg/samtool_stats/univec.txt
    jobid: 44
    wildcards: output_dir=/data/taoyuhuan/RNAseq/test_RNAseq/output, sample_id=CRC-2418488_test_neg, map_step=univec
    resources: tmpdir=/tmp

Submitted job 44 with external jobid 'Submitted batch job 83899'.
Waiting at most 60 seconds for missing files.
[Wed Jul 28 17:57:33 2021]
Finished job 44.
12 of 81 steps (15%) done
Select jobs to execute...

[Wed Jul 28 17:57:33 2021]
rule map_rRNA:
    input: /data/taoyuhuan/RNAseq/test_RNAseq/output/unmapped/CRC-2418488_test_neg/univec_1.fastq.gz, /data/taoyuhuan/RNAseq/test_RNAseq/output/unmapped/CRC-2418488_test_neg/univec_2.fastq.gz
    output: /data/taoyuhuan/RNAseq/test_RNAseq/output/bam/CRC-2418488_test_neg/rRNA.bam, /data/taoyuhuan/RNAseq/test_RNAseq/output/unmapped/CRC-2418488_test_neg/rRNA_1.fastq.gz, /data/taoyuhuan/RNAseq/test_RNAseq/output/unmapped/CRC-2418488_test_neg/rRNA_2.fastq.gz
    log: /data/taoyuhuan/RNAseq/test_RNAseq/output/log/CRC-2418488_test_neg/mapping_star/rRNA/mapping.out
    jobid: 7
    wildcards: output_dir=/data/taoyuhuan/RNAseq/test_RNAseq/output, sample_id=CRC-2418488_test_neg
    resources: tmpdir=/tmp

Submitted job 7 with external jobid 'Submitted batch job 83900'.
[Wed Jul 28 17:57:43 2021]
Finished job 10.
13 of 81 steps (16%) done
Select jobs to execute...

[Wed Jul 28 17:57:43 2021]
rule samtools_stats:
    input: /data/taoyuhuan/RNAseq/test_RNAseq/output/bam/CRC-2276341_test_neg/spikein_long.bam
    output: /data/taoyuhuan/RNAseq/test_RNAseq/output/log/CRC-2276341_test_neg/samtool_stats/spikein_long.txt
    jobid: 48
    wildcards: output_dir=/data/taoyuhuan/RNAseq/test_RNAseq/output, sample_id=CRC-2276341_test_neg, map_step=spikein_long
    resources: tmpdir=/tmp

Submitted job 48 with external jobid 'Submitted batch job 83901'.
Waiting at most 60 seconds for missing files.
[Wed Jul 28 17:58:43 2021]
Finished job 48.
14 of 81 steps (17%) done
Select jobs to execute...

[Wed Jul 28 17:58:43 2021]
rule count_bam_read_pairs:
    input: /data/taoyuhuan/RNAseq/test_RNAseq/output/log/CRC-2276341_test_neg/samtool_stats/spikein_long.txt
    output: /data/taoyuhuan/RNAseq/test_RNAseq/output/log/CRC-2276341_test_neg/read_pair/spikein_long.txt
    jobid: 66
    wildcards: output_dir=/data/taoyuhuan/RNAseq/test_RNAseq/output, sample_id=CRC-2276341_test_neg, map_step=spikein_long
    resources: tmpdir=/tmp

Submitted job 66 with external jobid 'Submitted batch job 83902'.
[Wed Jul 28 17:58:53 2021]
Finished job 7.
15 of 81 steps (19%) done
Select jobs to execute...
Waiting at most 60 seconds for missing files.
[Wed Jul 28 17:59:43 2021]
Finished job 66.
16 of 81 steps (20%) done

[Wed Jul 28 17:59:43 2021]
rule map_hg38_long:
    input: /data/taoyuhuan/RNAseq/test_RNAseq/output/unmapped/CRC-2418488_test_neg/rRNA_1.fastq.gz, /data/taoyuhuan/RNAseq/test_RNAseq/output/unmapped/CRC-2418488_test_neg/rRNA_2.fastq.gz
    output: /data/taoyuhuan/RNAseq/test_RNAseq/output/bam/CRC-2418488_test_neg/hg38_long.bam, /data/taoyuhuan/RNAseq/test_RNAseq/output/unmapped/CRC-2418488_test_neg/hg38_long_1.fastq.gz, /data/taoyuhuan/RNAseq/test_RNAseq/output/unmapped/CRC-2418488_test_neg/hg38_long_2.fastq.gz
    log: /data/taoyuhuan/RNAseq/test_RNAseq/output/log/CRC-2418488_test_neg/mapping_star/hg38_long/mapping.log
    jobid: 8
    wildcards: output_dir=/data/taoyuhuan/RNAseq/test_RNAseq/output, sample_id=CRC-2418488_test_neg
    resources: tmpdir=/tmp

Submitted job 8 with external jobid 'Submitted batch job 83903'.
Select jobs to execute...

[Wed Jul 28 17:59:43 2021]
rule count_raw_fastq_read_pairs:
    input: /data/taoyuhuan/RNAseq/test_RNAseq/fastq/CRC-2276341_test_neg_1.fastq.gz
    output: /data/taoyuhuan/RNAseq/test_RNAseq/output/log/CRC-2276341_test_neg/read_pair/raw.txt
    jobid: 42
    wildcards: output_dir=/data/taoyuhuan/RNAseq/test_RNAseq/output, sample_id=CRC-2276341_test_neg
    resources: tmpdir=/tmp

Submitted job 42 with external jobid 'Submitted batch job 83904'.
Waiting at most 60 seconds for missing files.
[Wed Jul 28 18:00:13 2021]
Finished job 42.
17 of 81 steps (21%) done
Select jobs to execute...

[Wed Jul 28 18:00:13 2021]
rule samtools_stats:
    input: /data/taoyuhuan/RNAseq/test_RNAseq/output/bam/CRC-2418488_test_neg/rRNA.bam
    output: /data/taoyuhuan/RNAseq/test_RNAseq/output/log/CRC-2418488_test_neg/samtool_stats/rRNA.txt
    jobid: 45
    wildcards: output_dir=/data/taoyuhuan/RNAseq/test_RNAseq/output, sample_id=CRC-2418488_test_neg, map_step=rRNA
    resources: tmpdir=/tmp

Submitted job 45 with external jobid 'Submitted batch job 83905'.
Waiting at most 60 seconds for missing files.
[Wed Jul 28 18:01:13 2021]
Finished job 45.
18 of 81 steps (22%) done
Select jobs to execute...

[Wed Jul 28 18:01:13 2021]
rule count_bam_read_pairs:
    input: /data/taoyuhuan/RNAseq/test_RNAseq/output/log/CRC-2418488_test_neg/samtool_stats/rRNA.txt
    output: /data/taoyuhuan/RNAseq/test_RNAseq/output/log/CRC-2418488_test_neg/read_pair/rRNA.txt
    jobid: 63
    wildcards: output_dir=/data/taoyuhuan/RNAseq/test_RNAseq/output, sample_id=CRC-2418488_test_neg, map_step=rRNA
    resources: tmpdir=/tmp

Submitted job 63 with external jobid 'Submitted batch job 83906'.
[Wed Jul 28 18:01:23 2021]
Finished job 8.
19 of 81 steps (23%) done
Select jobs to execute...
Waiting at most 60 seconds for missing files.
[Wed Jul 28 18:02:13 2021]
Finished job 63.
20 of 81 steps (25%) done

[Wed Jul 28 18:02:13 2021]
rule samtools_stats:
    input: /data/taoyuhuan/RNAseq/test_RNAseq/output/bam/CRC-2418488_test_neg/hg38_long.bam
    output: /data/taoyuhuan/RNAseq/test_RNAseq/output/log/CRC-2418488_test_neg/samtool_stats/hg38_long.txt
    jobid: 46
    wildcards: output_dir=/data/taoyuhuan/RNAseq/test_RNAseq/output, sample_id=CRC-2418488_test_neg, map_step=hg38_long
    resources: tmpdir=/tmp

Submitted job 46 with external jobid 'Submitted batch job 83907'.
Select jobs to execute...

[Wed Jul 28 18:02:13 2021]
rule sort_bam_by_name:
    input: /data/taoyuhuan/RNAseq/test_RNAseq/output/bam/CRC-2418488_test_neg/hg38_long.bam
    output: /data/taoyuhuan/RNAseq/test_RNAseq/output/bam/CRC-2418488_test_neg/hg38_long_sortbyName.bam
    jobid: 16
    wildcards: output_dir=/data/taoyuhuan/RNAseq/test_RNAseq/output, sample_id=CRC-2418488_test_neg, map_step_sortbyName=hg38_long
    resources: tmpdir=/tmp

Submitted job 16 with external jobid 'Submitted batch job 83908'.
Waiting at most 60 seconds for missing files.
[Wed Jul 28 18:03:13 2021]
Finished job 46.
21 of 81 steps (26%) done
Select jobs to execute...
[Wed Jul 28 18:03:13 2021]
Finished job 16.
22 of 81 steps (27%) done

[Wed Jul 28 18:03:13 2021]
rule count_bam_read_pairs:
    input: /data/taoyuhuan/RNAseq/test_RNAseq/output/log/CRC-2418488_test_neg/samtool_stats/hg38_long.txt
    output: /data/taoyuhuan/RNAseq/test_RNAseq/output/log/CRC-2418488_test_neg/read_pair/hg38_long.txt
    jobid: 64
    wildcards: output_dir=/data/taoyuhuan/RNAseq/test_RNAseq/output, sample_id=CRC-2418488_test_neg, map_step=hg38_long
    resources: tmpdir=/tmp

Submitted job 64 with external jobid 'Submitted batch job 83909'.
Select jobs to execute...

[Wed Jul 28 18:03:13 2021]
rule featurecounts:
    input: /data/taoyuhuan/RNAseq/test_RNAseq/output/bam/CRC-2418488_test_neg/hg38_long_sortbyName.bam, /data/taoyuhuan/RNAseq/reference/gtf/long_RNA.gtf
    output: /data/taoyuhuan/RNAseq/test_RNAseq/output/counts/featurecounts/CRC-2418488_test_neg/hg38_long, /data/taoyuhuan/RNAseq/test_RNAseq/output/counts/featurecounts/CRC-2418488_test_neg/hg38_long.summary
    log: /data/taoyuhuan/RNAseq/test_RNAseq/output/log/CRC-2418488_test_neg/featurecount/hg38_long.log
    jobid: 31
    wildcards: output_dir=/data/taoyuhuan/RNAseq/test_RNAseq/output, sample_id=CRC-2418488_test_neg
    resources: tmpdir=/tmp

Submitted job 31 with external jobid 'Submitted batch job 83910'.
Waiting at most 60 seconds for missing files.
[Wed Jul 28 18:03:43 2021]
Finished job 64.
23 of 81 steps (28%) done
Select jobs to execute...
Waiting at most 60 seconds for missing files.
[Wed Jul 28 18:04:13 2021]
Finished job 31.
24 of 81 steps (30%) done

[Wed Jul 28 18:04:13 2021]
rule remove_duplicates:
    input: /data/taoyuhuan/RNAseq/test_RNAseq/output/bam/CRC-2418488_test_neg/hg38_long_sortbyName.bam
    output: /data/taoyuhuan/RNAseq/test_RNAseq/output/bam/CRC-2418488_test_neg/hg38_long_rmdup.bam, /data/taoyuhuan/RNAseq/test_RNAseq/output/log/CRC-2418488_test_neg/remove_duplicate/hg38_long_rmdup
    log: /data/taoyuhuan/RNAseq/test_RNAseq/output/log/CRC-2418488_test_neg/picard_rmdup/hg38_long_remove_duplicates.log
    jobid: 22
    wildcards: output_dir=/data/taoyuhuan/RNAseq/test_RNAseq/output, sample_id=CRC-2418488_test_neg, map_step_sortbyName=hg38_long
    resources: tmpdir=/tmp

Submitted job 22 with external jobid 'Submitted batch job 83911'.
Select jobs to execute...

[Wed Jul 28 18:04:13 2021]
rule genomic_region:
    input: /data/taoyuhuan/RNAseq/test_RNAseq/output/bam/CRC-2418488_test_neg/hg38_long.bam
    output: /data/taoyuhuan/RNAseq/test_RNAseq/output/log/CRC-2418488_test_neg/genomic_region
    log: /data/taoyuhuan/RNAseq/test_RNAseq/output/log/CRC-2418488_test_neg/genomic_region/genomic_region.log
    jobid: 79
    wildcards: output_dir=/data/taoyuhuan/RNAseq/test_RNAseq/output, sample_id=CRC-2418488_test_neg
    resources: tmpdir=/tmp

Submitted job 79 with external jobid 'Submitted batch job 83912'.
Waiting at most 60 seconds for missing files.
[Wed Jul 28 18:05:13 2021]
Finished job 22.
25 of 81 steps (31%) done
Select jobs to execute...

[Wed Jul 28 18:05:13 2021]
rule featurecounts_rmdup:
    input: /data/taoyuhuan/RNAseq/test_RNAseq/output/bam/CRC-2418488_test_neg/hg38_long_rmdup.bam, /data/taoyuhuan/RNAseq/reference/gtf/long_RNA.gtf
    output: /data/taoyuhuan/RNAseq/test_RNAseq/output/counts/featurecounts/CRC-2418488_test_neg/hg38_long_rmdup, /data/taoyuhuan/RNAseq/test_RNAseq/output/counts/featurecounts/CRC-2418488_test_neg/hg38_long_rmdup.summary
    log: /data/taoyuhuan/RNAseq/test_RNAseq/output/log/CRC-2418488_test_neg/featurecount/hg38_long_rmdup.log
    jobid: 33
    wildcards: output_dir=/data/taoyuhuan/RNAseq/test_RNAseq/output, sample_id=CRC-2418488_test_neg
    resources: tmpdir=/tmp

Submitted job 33 with external jobid 'Submitted batch job 83913'.
[Wed Jul 28 18:05:53 2021]
Finished job 79.
26 of 81 steps (32%) done
Select jobs to execute...
Waiting at most 60 seconds for missing files.
[Wed Jul 28 18:06:13 2021]
Finished job 33.
27 of 81 steps (33%) done

[Wed Jul 28 18:06:13 2021]
rule add_ReadGroup:
    input: /data/taoyuhuan/RNAseq/test_RNAseq/output/bam/CRC-2418488_test_neg/hg38_long_rmdup.bam
    output: /data/taoyuhuan/RNAseq/test_RNAseq/output/bam/CRC-2418488_test_neg/hg38_long_rmdup_RG.bam
    log: /data/taoyuhuan/RNAseq/test_RNAseq/output/log/CRC-2418488_test_neg/gatk/add_readgroup.log
    jobid: 27
    wildcards: output_dir=/data/taoyuhuan/RNAseq/test_RNAseq/output, sample_id=CRC-2418488_test_neg
    resources: tmpdir=/tmp

Submitted job 27 with external jobid 'Submitted batch job 83914'.
Select jobs to execute...

[Wed Jul 28 18:06:13 2021]
rule samtools_stats_rmdup:
    input: /data/taoyuhuan/RNAseq/test_RNAseq/output/bam/CRC-2418488_test_neg/hg38_long_rmdup.bam
    output: /data/taoyuhuan/RNAseq/test_RNAseq/output/log/CRC-2418488_test_neg/samtool_stats/hg38_long_rmdup.txt
    jobid: 54
    wildcards: output_dir=/data/taoyuhuan/RNAseq/test_RNAseq/output, sample_id=CRC-2418488_test_neg, map_step_rmdup=hg38_long
    resources: tmpdir=/tmp

Submitted job 54 with external jobid 'Submitted batch job 83915'.
Waiting at most 60 seconds for missing files.
[Wed Jul 28 18:07:13 2021]
Finished job 27.
28 of 81 steps (35%) done
Select jobs to execute...
[Wed Jul 28 18:07:13 2021]
Finished job 54.
29 of 81 steps (36%) done

[Wed Jul 28 18:07:13 2021]
rule get_Intron_spanning:
    input: /data/taoyuhuan/RNAseq/test_RNAseq/output/bam/CRC-2418488_test_neg/hg38_long_rmdup_RG.bam
    output: /data/taoyuhuan/RNAseq/test_RNAseq/output/bam/CRC-2418488_test_neg/hg38_long_intron_spanning.bam
    log: /data/taoyuhuan/RNAseq/test_RNAseq/output/log/CRC-2418488_test_neg/gatk/get_intron_spanning.log
    jobid: 29
    wildcards: output_dir=/data/taoyuhuan/RNAseq/test_RNAseq/output, sample_id=CRC-2418488_test_neg
    resources: tmpdir=/tmp

Submitted job 29 with external jobid 'Submitted batch job 83916'.
Select jobs to execute...

[Wed Jul 28 18:07:14 2021]
rule count_bam_rmdup_read_pairs:
    input: /data/taoyuhuan/RNAseq/test_RNAseq/output/log/CRC-2418488_test_neg/samtool_stats/hg38_long_rmdup.txt
    output: /data/taoyuhuan/RNAseq/test_RNAseq/output/log/CRC-2418488_test_neg/read_pair/hg38_long_rmdup.txt
    jobid: 72
    wildcards: output_dir=/data/taoyuhuan/RNAseq/test_RNAseq/output, sample_id=CRC-2418488_test_neg, map_step_rmdup=hg38_long
    resources: tmpdir=/tmp

Submitted job 72 with external jobid 'Submitted batch job 83917'.
Waiting at most 60 seconds for missing files.
[Wed Jul 28 18:08:14 2021]
Finished job 72.
30 of 81 steps (37%) done
Select jobs to execute...

[Wed Jul 28 18:08:14 2021]
rule map_circRNA:
    input: /data/taoyuhuan/RNAseq/test_RNAseq/output/unmapped/CRC-2418488_test_neg/hg38_long_1.fastq.gz, /data/taoyuhuan/RNAseq/test_RNAseq/output/unmapped/CRC-2418488_test_neg/hg38_long_2.fastq.gz
    output: /data/taoyuhuan/RNAseq/test_RNAseq/output/bam/CRC-2418488_test_neg/circRNA.bam, /data/taoyuhuan/RNAseq/test_RNAseq/output/unmapped/CRC-2418488_test_neg/circRNA_1.fastq.gz, /data/taoyuhuan/RNAseq/test_RNAseq/output/unmapped/CRC-2418488_test_neg/circRNA_2.fastq.gz
    log: /data/taoyuhuan/RNAseq/test_RNAseq/output/log/CRC-2418488_test_neg/mapping_star/circRNA/mapping.log
    jobid: 9
    wildcards: output_dir=/data/taoyuhuan/RNAseq/test_RNAseq/output, sample_id=CRC-2418488_test_neg
    resources: tmpdir=/tmp

Submitted job 9 with external jobid 'Submitted batch job 83918'.
Waiting at most 60 seconds for missing files.
[Wed Jul 28 18:09:14 2021]
Finished job 9.
31 of 81 steps (38%) done
Select jobs to execute...

[Wed Jul 28 18:09:14 2021]
rule samtools_stats:
    input: /data/taoyuhuan/RNAseq/test_RNAseq/output/bam/CRC-2418488_test_neg/circRNA.bam
    output: /data/taoyuhuan/RNAseq/test_RNAseq/output/log/CRC-2418488_test_neg/samtool_stats/circRNA.txt
    jobid: 47
    wildcards: output_dir=/data/taoyuhuan/RNAseq/test_RNAseq/output, sample_id=CRC-2418488_test_neg, map_step=circRNA
    resources: tmpdir=/tmp

Submitted job 47 with external jobid 'Submitted batch job 83919'.
[Wed Jul 28 18:09:24 2021]
Finished job 29.
32 of 81 steps (40%) done
Select jobs to execute...
Waiting at most 60 seconds for missing files.
[Wed Jul 28 18:10:14 2021]
Finished job 47.
33 of 81 steps (41%) done

[Wed Jul 28 18:10:14 2021]
rule samtools_stats_intron_spanning:
    input: /data/taoyuhuan/RNAseq/test_RNAseq/output/bam/CRC-2418488_test_neg/hg38_long_intron_spanning.bam
    output: /data/taoyuhuan/RNAseq/test_RNAseq/output/log/CRC-2418488_test_neg/samtool_stats/hg38_long_intron_spanning.txt
    jobid: 59
    wildcards: output_dir=/data/taoyuhuan/RNAseq/test_RNAseq/output, sample_id=CRC-2418488_test_neg
    resources: tmpdir=/tmp

Submitted job 59 with external jobid 'Submitted batch job 83920'.
Select jobs to execute...

[Wed Jul 28 18:10:14 2021]
rule count_bam_read_pairs:
    input: /data/taoyuhuan/RNAseq/test_RNAseq/output/log/CRC-2418488_test_neg/samtool_stats/circRNA.txt
    output: /data/taoyuhuan/RNAseq/test_RNAseq/output/log/CRC-2418488_test_neg/read_pair/circRNA.txt
    jobid: 65
    wildcards: output_dir=/data/taoyuhuan/RNAseq/test_RNAseq/output, sample_id=CRC-2418488_test_neg, map_step=circRNA
    resources: tmpdir=/tmp

Submitted job 65 with external jobid 'Submitted batch job 83921'.
Waiting at most 60 seconds for missing files.
[Wed Jul 28 18:10:44 2021]
Finished job 59.
34 of 81 steps (42%) done
Select jobs to execute...
Waiting at most 60 seconds for missing files.
[Wed Jul 28 18:11:14 2021]
Finished job 65.
35 of 81 steps (43%) done

[Wed Jul 28 18:11:14 2021]
rule count_bam_intron_spanning_read_pairs:
    input: /data/taoyuhuan/RNAseq/test_RNAseq/output/log/CRC-2418488_test_neg/samtool_stats/hg38_long_intron_spanning.txt
    output: /data/taoyuhuan/RNAseq/test_RNAseq/output/log/CRC-2418488_test_neg/read_pair/hg38_long_intron_spanning.txt
    jobid: 77
    wildcards: output_dir=/data/taoyuhuan/RNAseq/test_RNAseq/output, sample_id=CRC-2418488_test_neg
    resources: tmpdir=/tmp

Submitted job 77 with external jobid 'Submitted batch job 83922'.
Select jobs to execute...

[Wed Jul 28 18:11:14 2021]
rule featurecounts_intron_spanning:
    input: /data/taoyuhuan/RNAseq/test_RNAseq/output/bam/CRC-2418488_test_neg/hg38_long_intron_spanning.bam, /data/taoyuhuan/RNAseq/reference/gtf/long_RNA.gtf
    output: /data/taoyuhuan/RNAseq/test_RNAseq/output/counts/featurecounts/CRC-2418488_test_neg/hg38_long_intron_spanning, /data/taoyuhuan/RNAseq/test_RNAseq/output/counts/featurecounts/CRC-2418488_test_neg/hg38_long_intron_spanning.summary
    log: /data/taoyuhuan/RNAseq/test_RNAseq/output/log/CRC-2418488_test_neg/featurecount/hg38_long_intron_spanning.log
    jobid: 35
    wildcards: output_dir=/data/taoyuhuan/RNAseq/test_RNAseq/output, sample_id=CRC-2418488_test_neg
    resources: tmpdir=/tmp

Submitted job 35 with external jobid 'Submitted batch job 83923'.
Waiting at most 60 seconds for missing files.
[Wed Jul 28 18:11:44 2021]
Finished job 77.
36 of 81 steps (44%) done
Select jobs to execute...
Waiting at most 60 seconds for missing files.
[Wed Jul 28 18:12:14 2021]
Finished job 35.
37 of 81 steps (46%) done

[Wed Jul 28 18:12:14 2021]
rule samtools_stats:
    input: /data/taoyuhuan/RNAseq/test_RNAseq/output/bam/CRC-2418488_test_neg/spikein_long.bam
    output: /data/taoyuhuan/RNAseq/test_RNAseq/output/log/CRC-2418488_test_neg/samtool_stats/spikein_long.txt
    jobid: 43
    wildcards: output_dir=/data/taoyuhuan/RNAseq/test_RNAseq/output, sample_id=CRC-2418488_test_neg, map_step=spikein_long
    resources: tmpdir=/tmp

Submitted job 43 with external jobid 'Submitted batch job 83924'.
Select jobs to execute...

[Wed Jul 28 18:12:14 2021]
rule count_bam_read_pairs:
    input: /data/taoyuhuan/RNAseq/test_RNAseq/output/log/CRC-2418488_test_neg/samtool_stats/univec.txt
    output: /data/taoyuhuan/RNAseq/test_RNAseq/output/log/CRC-2418488_test_neg/read_pair/univec.txt
    jobid: 62
    wildcards: output_dir=/data/taoyuhuan/RNAseq/test_RNAseq/output, sample_id=CRC-2418488_test_neg, map_step=univec
    resources: tmpdir=/tmp

Submitted job 62 with external jobid 'Submitted batch job 83925'.
Waiting at most 60 seconds for missing files.
[Wed Jul 28 18:13:14 2021]
Finished job 43.
38 of 81 steps (47%) done
Select jobs to execute...
[Wed Jul 28 18:13:14 2021]
Finished job 62.
39 of 81 steps (48%) done

[Wed Jul 28 18:13:14 2021]
rule count_bam_read_pairs:
    input: /data/taoyuhuan/RNAseq/test_RNAseq/output/log/CRC-2418488_test_neg/samtool_stats/spikein_long.txt
    output: /data/taoyuhuan/RNAseq/test_RNAseq/output/log/CRC-2418488_test_neg/read_pair/spikein_long.txt
    jobid: 61
    wildcards: output_dir=/data/taoyuhuan/RNAseq/test_RNAseq/output, sample_id=CRC-2418488_test_neg, map_step=spikein_long
    resources: tmpdir=/tmp

Submitted job 61 with external jobid 'Submitted batch job 83926'.
Select jobs to execute...

[Wed Jul 28 18:13:14 2021]
rule map_univec:
    input: /data/taoyuhuan/RNAseq/test_RNAseq/output/unmapped/CRC-2276341_test_neg/spikein_long_1.fastq.gz, /data/taoyuhuan/RNAseq/test_RNAseq/output/unmapped/CRC-2276341_test_neg/spikein_long_2.fastq.gz
    output: /data/taoyuhuan/RNAseq/test_RNAseq/output/bam/CRC-2276341_test_neg/univec.bam, /data/taoyuhuan/RNAseq/test_RNAseq/output/unmapped/CRC-2276341_test_neg/univec_1.fastq.gz, /data/taoyuhuan/RNAseq/test_RNAseq/output/unmapped/CRC-2276341_test_neg/univec_2.fastq.gz
    log: /data/taoyuhuan/RNAseq/test_RNAseq/output/log/CRC-2276341_test_neg/mapping_star/univec/mapping.log
    jobid: 11
    wildcards: output_dir=/data/taoyuhuan/RNAseq/test_RNAseq/output, sample_id=CRC-2276341_test_neg
    resources: tmpdir=/tmp

Submitted job 11 with external jobid 'Submitted batch job 83927'.
Waiting at most 60 seconds for missing files.
[Wed Jul 28 18:13:44 2021]
Finished job 61.
40 of 81 steps (49%) done
Select jobs to execute...

[Wed Jul 28 18:13:44 2021]
rule sort_bam_by_name:
    input: /data/taoyuhuan/RNAseq/test_RNAseq/output/bam/CRC-2418488_test_neg/circRNA.bam
    output: /data/taoyuhuan/RNAseq/test_RNAseq/output/bam/CRC-2418488_test_neg/circRNA_sortbyName.bam
    jobid: 17
    wildcards: output_dir=/data/taoyuhuan/RNAseq/test_RNAseq/output, sample_id=CRC-2418488_test_neg, map_step_sortbyName=circRNA
    resources: tmpdir=/tmp

Submitted job 17 with external jobid 'Submitted batch job 83928'.
Waiting at most 60 seconds for missing files.
[Wed Jul 28 18:14:44 2021]
Finished job 17.
41 of 81 steps (51%) done
Select jobs to execute...

[Wed Jul 28 18:14:44 2021]
rule sort_bam_by_name:
    input: /data/taoyuhuan/RNAseq/test_RNAseq/output/bam/CRC-2418488_test_neg/rRNA.bam
    output: /data/taoyuhuan/RNAseq/test_RNAseq/output/bam/CRC-2418488_test_neg/rRNA_sortbyName.bam
    jobid: 15
    wildcards: output_dir=/data/taoyuhuan/RNAseq/test_RNAseq/output, sample_id=CRC-2418488_test_neg, map_step_sortbyName=rRNA
    resources: tmpdir=/tmp

Submitted job 15 with external jobid 'Submitted batch job 83929'.
[Wed Jul 28 18:14:54 2021]
Finished job 11.
42 of 81 steps (52%) done
Select jobs to execute...
Waiting at most 60 seconds for missing files.
[Wed Jul 28 18:15:14 2021]
Finished job 15.
43 of 81 steps (53%) done

[Wed Jul 28 18:15:14 2021]
rule samtools_stats:
    input: /data/taoyuhuan/RNAseq/test_RNAseq/output/bam/CRC-2276341_test_neg/univec.bam
    output: /data/taoyuhuan/RNAseq/test_RNAseq/output/log/CRC-2276341_test_neg/samtool_stats/univec.txt
    jobid: 49
    wildcards: output_dir=/data/taoyuhuan/RNAseq/test_RNAseq/output, sample_id=CRC-2276341_test_neg, map_step=univec
    resources: tmpdir=/tmp

Submitted job 49 with external jobid 'Submitted batch job 83930'.
Select jobs to execute...

[Wed Jul 28 18:15:14 2021]
rule remove_duplicates:
    input: /data/taoyuhuan/RNAseq/test_RNAseq/output/bam/CRC-2418488_test_neg/rRNA_sortbyName.bam
    output: /data/taoyuhuan/RNAseq/test_RNAseq/output/bam/CRC-2418488_test_neg/rRNA_rmdup.bam, /data/taoyuhuan/RNAseq/test_RNAseq/output/log/CRC-2418488_test_neg/remove_duplicate/rRNA_rmdup
    log: /data/taoyuhuan/RNAseq/test_RNAseq/output/log/CRC-2418488_test_neg/picard_rmdup/rRNA_remove_duplicates.log
    jobid: 21
    wildcards: output_dir=/data/taoyuhuan/RNAseq/test_RNAseq/output, sample_id=CRC-2418488_test_neg, map_step_sortbyName=rRNA
    resources: tmpdir=/tmp

Submitted job 21 with external jobid 'Submitted batch job 83931'.
Waiting at most 60 seconds for missing files.
[Wed Jul 28 18:16:14 2021]
Finished job 49.
44 of 81 steps (54%) done
Select jobs to execute...
[Wed Jul 28 18:16:14 2021]
Finished job 21.
45 of 81 steps (56%) done

[Wed Jul 28 18:16:14 2021]
rule count_bam_read_pairs:
    input: /data/taoyuhuan/RNAseq/test_RNAseq/output/log/CRC-2276341_test_neg/samtool_stats/univec.txt
    output: /data/taoyuhuan/RNAseq/test_RNAseq/output/log/CRC-2276341_test_neg/read_pair/univec.txt
    jobid: 67
    wildcards: output_dir=/data/taoyuhuan/RNAseq/test_RNAseq/output, sample_id=CRC-2276341_test_neg, map_step=univec
    resources: tmpdir=/tmp

Submitted job 67 with external jobid 'Submitted batch job 83932'.
Select jobs to execute...

[Wed Jul 28 18:16:14 2021]
rule samtools_stats_rmdup:
    input: /data/taoyuhuan/RNAseq/test_RNAseq/output/bam/CRC-2418488_test_neg/rRNA_rmdup.bam
    output: /data/taoyuhuan/RNAseq/test_RNAseq/output/log/CRC-2418488_test_neg/samtool_stats/rRNA_rmdup.txt
    jobid: 53
    wildcards: output_dir=/data/taoyuhuan/RNAseq/test_RNAseq/output, sample_id=CRC-2418488_test_neg, map_step_rmdup=rRNA
    resources: tmpdir=/tmp

Submitted job 53 with external jobid 'Submitted batch job 83933'.
Waiting at most 60 seconds for missing files.
[Wed Jul 28 18:17:14 2021]
Finished job 67.
46 of 81 steps (57%) done
Select jobs to execute...
[Wed Jul 28 18:17:14 2021]
Finished job 53.
47 of 81 steps (58%) done

[Wed Jul 28 18:17:14 2021]
rule map_rRNA:
    input: /data/taoyuhuan/RNAseq/test_RNAseq/output/unmapped/CRC-2276341_test_neg/univec_1.fastq.gz, /data/taoyuhuan/RNAseq/test_RNAseq/output/unmapped/CRC-2276341_test_neg/univec_2.fastq.gz
    output: /data/taoyuhuan/RNAseq/test_RNAseq/output/bam/CRC-2276341_test_neg/rRNA.bam, /data/taoyuhuan/RNAseq/test_RNAseq/output/unmapped/CRC-2276341_test_neg/rRNA_1.fastq.gz, /data/taoyuhuan/RNAseq/test_RNAseq/output/unmapped/CRC-2276341_test_neg/rRNA_2.fastq.gz
    log: /data/taoyuhuan/RNAseq/test_RNAseq/output/log/CRC-2276341_test_neg/mapping_star/rRNA/mapping.out
    jobid: 12
    wildcards: output_dir=/data/taoyuhuan/RNAseq/test_RNAseq/output, sample_id=CRC-2276341_test_neg
    resources: tmpdir=/tmp

Submitted job 12 with external jobid 'Submitted batch job 83934'.
Select jobs to execute...

[Wed Jul 28 18:17:14 2021]
rule count_bam_rmdup_read_pairs:
    input: /data/taoyuhuan/RNAseq/test_RNAseq/output/log/CRC-2418488_test_neg/samtool_stats/rRNA_rmdup.txt
    output: /data/taoyuhuan/RNAseq/test_RNAseq/output/log/CRC-2418488_test_neg/read_pair/rRNA_rmdup.txt
    jobid: 71
    wildcards: output_dir=/data/taoyuhuan/RNAseq/test_RNAseq/output, sample_id=CRC-2418488_test_neg, map_step_rmdup=rRNA
    resources: tmpdir=/tmp

Submitted job 71 with external jobid 'Submitted batch job 83935'.
Waiting at most 60 seconds for missing files.
[Wed Jul 28 18:18:15 2021]
Finished job 71.
48 of 81 steps (59%) done
Select jobs to execute...

[Wed Jul 28 18:18:15 2021]
rule remove_duplicates:
    input: /data/taoyuhuan/RNAseq/test_RNAseq/output/bam/CRC-2418488_test_neg/circRNA_sortbyName.bam
    output: /data/taoyuhuan/RNAseq/test_RNAseq/output/bam/CRC-2418488_test_neg/circRNA_rmdup.bam, /data/taoyuhuan/RNAseq/test_RNAseq/output/log/CRC-2418488_test_neg/remove_duplicate/circRNA_rmdup
    log: /data/taoyuhuan/RNAseq/test_RNAseq/output/log/CRC-2418488_test_neg/picard_rmdup/circRNA_remove_duplicates.log
    jobid: 23
    wildcards: output_dir=/data/taoyuhuan/RNAseq/test_RNAseq/output, sample_id=CRC-2418488_test_neg, map_step_sortbyName=circRNA
    resources: tmpdir=/tmp

Submitted job 23 with external jobid 'Submitted batch job 83936'.
[Wed Jul 28 18:18:25 2021]
Finished job 12.
49 of 81 steps (60%) done
Select jobs to execute...
Waiting at most 60 seconds for missing files.
[Wed Jul 28 18:19:16 2021]
Finished job 23.
50 of 81 steps (62%) done

[Wed Jul 28 18:19:16 2021]
rule samtools_stats:
    input: /data/taoyuhuan/RNAseq/test_RNAseq/output/bam/CRC-2276341_test_neg/rRNA.bam
    output: /data/taoyuhuan/RNAseq/test_RNAseq/output/log/CRC-2276341_test_neg/samtool_stats/rRNA.txt
    jobid: 50
    wildcards: output_dir=/data/taoyuhuan/RNAseq/test_RNAseq/output, sample_id=CRC-2276341_test_neg, map_step=rRNA
    resources: tmpdir=/tmp

Submitted job 50 with external jobid 'Submitted batch job 83937'.
Select jobs to execute...

[Wed Jul 28 18:19:16 2021]
rule samtools_stats_rmdup:
    input: /data/taoyuhuan/RNAseq/test_RNAseq/output/bam/CRC-2418488_test_neg/circRNA_rmdup.bam
    output: /data/taoyuhuan/RNAseq/test_RNAseq/output/log/CRC-2418488_test_neg/samtool_stats/circRNA_rmdup.txt
    jobid: 55
    wildcards: output_dir=/data/taoyuhuan/RNAseq/test_RNAseq/output, sample_id=CRC-2418488_test_neg, map_step_rmdup=circRNA
    resources: tmpdir=/tmp

Submitted job 55 with external jobid 'Submitted batch job 83938'.
Waiting at most 60 seconds for missing files.
[Wed Jul 28 18:20:16 2021]
Finished job 50.
51 of 81 steps (63%) done
Select jobs to execute...
[Wed Jul 28 18:20:16 2021]
Finished job 55.
52 of 81 steps (64%) done

[Wed Jul 28 18:20:16 2021]
rule count_bam_read_pairs:
    input: /data/taoyuhuan/RNAseq/test_RNAseq/output/log/CRC-2276341_test_neg/samtool_stats/rRNA.txt
    output: /data/taoyuhuan/RNAseq/test_RNAseq/output/log/CRC-2276341_test_neg/read_pair/rRNA.txt
    jobid: 68
    wildcards: output_dir=/data/taoyuhuan/RNAseq/test_RNAseq/output, sample_id=CRC-2276341_test_neg, map_step=rRNA
    resources: tmpdir=/tmp

Submitted job 68 with external jobid 'Submitted batch job 83939'.
Select jobs to execute...

[Wed Jul 28 18:20:16 2021]
rule sort_bam_by_name:
    input: /data/taoyuhuan/RNAseq/test_RNAseq/output/bam/CRC-2276341_test_neg/rRNA.bam
    output: /data/taoyuhuan/RNAseq/test_RNAseq/output/bam/CRC-2276341_test_neg/rRNA_sortbyName.bam
    jobid: 18
    wildcards: output_dir=/data/taoyuhuan/RNAseq/test_RNAseq/output, sample_id=CRC-2276341_test_neg, map_step_sortbyName=rRNA
    resources: tmpdir=/tmp

Submitted job 18 with external jobid 'Submitted batch job 83940'.
Waiting at most 60 seconds for missing files.
[Wed Jul 28 18:21:16 2021]
Finished job 68.
53 of 81 steps (65%) done
Select jobs to execute...
[Wed Jul 28 18:21:16 2021]
Finished job 18.
54 of 81 steps (67%) done

[Wed Jul 28 18:21:16 2021]
rule count_bam_rmdup_read_pairs:
    input: /data/taoyuhuan/RNAseq/test_RNAseq/output/log/CRC-2418488_test_neg/samtool_stats/circRNA_rmdup.txt
    output: /data/taoyuhuan/RNAseq/test_RNAseq/output/log/CRC-2418488_test_neg/read_pair/circRNA_rmdup.txt
    jobid: 73
    wildcards: output_dir=/data/taoyuhuan/RNAseq/test_RNAseq/output, sample_id=CRC-2418488_test_neg, map_step_rmdup=circRNA
    resources: tmpdir=/tmp

Submitted job 73 with external jobid 'Submitted batch job 83941'.
Select jobs to execute...

[Wed Jul 28 18:21:16 2021]
rule map_hg38_long:
    input: /data/taoyuhuan/RNAseq/test_RNAseq/output/unmapped/CRC-2276341_test_neg/rRNA_1.fastq.gz, /data/taoyuhuan/RNAseq/test_RNAseq/output/unmapped/CRC-2276341_test_neg/rRNA_2.fastq.gz
    output: /data/taoyuhuan/RNAseq/test_RNAseq/output/bam/CRC-2276341_test_neg/hg38_long.bam, /data/taoyuhuan/RNAseq/test_RNAseq/output/unmapped/CRC-2276341_test_neg/hg38_long_1.fastq.gz, /data/taoyuhuan/RNAseq/test_RNAseq/output/unmapped/CRC-2276341_test_neg/hg38_long_2.fastq.gz
    log: /data/taoyuhuan/RNAseq/test_RNAseq/output/log/CRC-2276341_test_neg/mapping_star/hg38_long/mapping.log
    jobid: 13
    wildcards: output_dir=/data/taoyuhuan/RNAseq/test_RNAseq/output, sample_id=CRC-2276341_test_neg
    resources: tmpdir=/tmp

Submitted job 13 with external jobid 'Submitted batch job 83942'.
Waiting at most 60 seconds for missing files.
[Wed Jul 28 18:22:16 2021]
Finished job 73.
55 of 81 steps (68%) done
Select jobs to execute...

[Wed Jul 28 18:22:16 2021]
rule remove_duplicates:
    input: /data/taoyuhuan/RNAseq/test_RNAseq/output/bam/CRC-2276341_test_neg/rRNA_sortbyName.bam
    output: /data/taoyuhuan/RNAseq/test_RNAseq/output/bam/CRC-2276341_test_neg/rRNA_rmdup.bam, /data/taoyuhuan/RNAseq/test_RNAseq/output/log/CRC-2276341_test_neg/remove_duplicate/rRNA_rmdup
    log: /data/taoyuhuan/RNAseq/test_RNAseq/output/log/CRC-2276341_test_neg/picard_rmdup/rRNA_remove_duplicates.log
    jobid: 24
    wildcards: output_dir=/data/taoyuhuan/RNAseq/test_RNAseq/output, sample_id=CRC-2276341_test_neg, map_step_sortbyName=rRNA
    resources: tmpdir=/tmp

Submitted job 24 with external jobid 'Submitted batch job 83943'.
Waiting at most 60 seconds for missing files.
[Wed Jul 28 18:23:16 2021]
Finished job 24.
56 of 81 steps (69%) done
Select jobs to execute...

[Wed Jul 28 18:23:16 2021]
rule samtools_stats_rmdup:
    input: /data/taoyuhuan/RNAseq/test_RNAseq/output/bam/CRC-2276341_test_neg/rRNA_rmdup.bam
    output: /data/taoyuhuan/RNAseq/test_RNAseq/output/log/CRC-2276341_test_neg/samtool_stats/rRNA_rmdup.txt
    jobid: 56
    wildcards: output_dir=/data/taoyuhuan/RNAseq/test_RNAseq/output, sample_id=CRC-2276341_test_neg, map_step_rmdup=rRNA
    resources: tmpdir=/tmp

Submitted job 56 with external jobid 'Submitted batch job 83944'.
[Wed Jul 28 18:23:26 2021]
Finished job 13.
57 of 81 steps (70%) done
Select jobs to execute...
Waiting at most 60 seconds for missing files.
[Wed Jul 28 18:24:16 2021]
Finished job 56.
58 of 81 steps (72%) done

[Wed Jul 28 18:24:16 2021]
rule sort_bam_by_name:
    input: /data/taoyuhuan/RNAseq/test_RNAseq/output/bam/CRC-2276341_test_neg/hg38_long.bam
    output: /data/taoyuhuan/RNAseq/test_RNAseq/output/bam/CRC-2276341_test_neg/hg38_long_sortbyName.bam
    jobid: 19
    wildcards: output_dir=/data/taoyuhuan/RNAseq/test_RNAseq/output, sample_id=CRC-2276341_test_neg, map_step_sortbyName=hg38_long
    resources: tmpdir=/tmp

Submitted job 19 with external jobid 'Submitted batch job 83945'.
Select jobs to execute...

[Wed Jul 28 18:24:16 2021]
rule map_circRNA:
    input: /data/taoyuhuan/RNAseq/test_RNAseq/output/unmapped/CRC-2276341_test_neg/hg38_long_1.fastq.gz, /data/taoyuhuan/RNAseq/test_RNAseq/output/unmapped/CRC-2276341_test_neg/hg38_long_2.fastq.gz
    output: /data/taoyuhuan/RNAseq/test_RNAseq/output/bam/CRC-2276341_test_neg/circRNA.bam, /data/taoyuhuan/RNAseq/test_RNAseq/output/unmapped/CRC-2276341_test_neg/circRNA_1.fastq.gz, /data/taoyuhuan/RNAseq/test_RNAseq/output/unmapped/CRC-2276341_test_neg/circRNA_2.fastq.gz
    log: /data/taoyuhuan/RNAseq/test_RNAseq/output/log/CRC-2276341_test_neg/mapping_star/circRNA/mapping.log
    jobid: 14
    wildcards: output_dir=/data/taoyuhuan/RNAseq/test_RNAseq/output, sample_id=CRC-2276341_test_neg
    resources: tmpdir=/tmp

Submitted job 14 with external jobid 'Submitted batch job 83946'.
Waiting at most 60 seconds for missing files.
[Wed Jul 28 18:25:16 2021]
Finished job 19.
59 of 81 steps (73%) done
Select jobs to execute...
[Wed Jul 28 18:25:16 2021]
Finished job 14.
60 of 81 steps (74%) done

[Wed Jul 28 18:25:16 2021]
rule remove_duplicates:
    input: /data/taoyuhuan/RNAseq/test_RNAseq/output/bam/CRC-2276341_test_neg/hg38_long_sortbyName.bam
    output: /data/taoyuhuan/RNAseq/test_RNAseq/output/bam/CRC-2276341_test_neg/hg38_long_rmdup.bam, /data/taoyuhuan/RNAseq/test_RNAseq/output/log/CRC-2276341_test_neg/remove_duplicate/hg38_long_rmdup
    log: /data/taoyuhuan/RNAseq/test_RNAseq/output/log/CRC-2276341_test_neg/picard_rmdup/hg38_long_remove_duplicates.log
    jobid: 25
    wildcards: output_dir=/data/taoyuhuan/RNAseq/test_RNAseq/output, sample_id=CRC-2276341_test_neg, map_step_sortbyName=hg38_long
    resources: tmpdir=/tmp

Submitted job 25 with external jobid 'Submitted batch job 83947'.
Select jobs to execute...

[Wed Jul 28 18:25:16 2021]
rule samtools_stats:
    input: /data/taoyuhuan/RNAseq/test_RNAseq/output/bam/CRC-2276341_test_neg/hg38_long.bam
    output: /data/taoyuhuan/RNAseq/test_RNAseq/output/log/CRC-2276341_test_neg/samtool_stats/hg38_long.txt
    jobid: 51
    wildcards: output_dir=/data/taoyuhuan/RNAseq/test_RNAseq/output, sample_id=CRC-2276341_test_neg, map_step=hg38_long
    resources: tmpdir=/tmp

Submitted job 51 with external jobid 'Submitted batch job 83948'.
Waiting at most 60 seconds for missing files.
[Wed Jul 28 18:26:16 2021]
Finished job 51.
61 of 81 steps (75%) done
Select jobs to execute...

[Wed Jul 28 18:26:16 2021]
rule count_bam_rmdup_read_pairs:
    input: /data/taoyuhuan/RNAseq/test_RNAseq/output/log/CRC-2276341_test_neg/samtool_stats/rRNA_rmdup.txt
    output: /data/taoyuhuan/RNAseq/test_RNAseq/output/log/CRC-2276341_test_neg/read_pair/rRNA_rmdup.txt
    jobid: 74
    wildcards: output_dir=/data/taoyuhuan/RNAseq/test_RNAseq/output, sample_id=CRC-2276341_test_neg, map_step_rmdup=rRNA
    resources: tmpdir=/tmp

Submitted job 74 with external jobid 'Submitted batch job 83949'.
[Wed Jul 28 18:26:26 2021]
Finished job 25.
62 of 81 steps (77%) done
Select jobs to execute...
Waiting at most 60 seconds for missing files.
[Wed Jul 28 18:27:16 2021]
Finished job 74.
63 of 81 steps (78%) done

[Wed Jul 28 18:27:16 2021]
rule samtools_stats_rmdup:
    input: /data/taoyuhuan/RNAseq/test_RNAseq/output/bam/CRC-2276341_test_neg/hg38_long_rmdup.bam
    output: /data/taoyuhuan/RNAseq/test_RNAseq/output/log/CRC-2276341_test_neg/samtool_stats/hg38_long_rmdup.txt
    jobid: 57
    wildcards: output_dir=/data/taoyuhuan/RNAseq/test_RNAseq/output, sample_id=CRC-2276341_test_neg, map_step_rmdup=hg38_long
    resources: tmpdir=/tmp

Submitted job 57 with external jobid 'Submitted batch job 83950'.
Select jobs to execute...

[Wed Jul 28 18:27:16 2021]
rule featurecounts_rmdup:
    input: /data/taoyuhuan/RNAseq/test_RNAseq/output/bam/CRC-2276341_test_neg/hg38_long_rmdup.bam, /data/taoyuhuan/RNAseq/reference/gtf/long_RNA.gtf
    output: /data/taoyuhuan/RNAseq/test_RNAseq/output/counts/featurecounts/CRC-2276341_test_neg/hg38_long_rmdup, /data/taoyuhuan/RNAseq/test_RNAseq/output/counts/featurecounts/CRC-2276341_test_neg/hg38_long_rmdup.summary
    log: /data/taoyuhuan/RNAseq/test_RNAseq/output/log/CRC-2276341_test_neg/featurecount/hg38_long_rmdup.log
    jobid: 34
    wildcards: output_dir=/data/taoyuhuan/RNAseq/test_RNAseq/output, sample_id=CRC-2276341_test_neg
    resources: tmpdir=/tmp

Submitted job 34 with external jobid 'Submitted batch job 83951'.
Waiting at most 60 seconds for missing files.
[Wed Jul 28 18:28:16 2021]
Finished job 57.
64 of 81 steps (79%) done
Select jobs to execute...
[Wed Jul 28 18:28:16 2021]
Finished job 34.
65 of 81 steps (80%) done

[Wed Jul 28 18:28:16 2021]
rule count_bam_rmdup_read_pairs:
    input: /data/taoyuhuan/RNAseq/test_RNAseq/output/log/CRC-2276341_test_neg/samtool_stats/hg38_long_rmdup.txt
    output: /data/taoyuhuan/RNAseq/test_RNAseq/output/log/CRC-2276341_test_neg/read_pair/hg38_long_rmdup.txt
    jobid: 75
    wildcards: output_dir=/data/taoyuhuan/RNAseq/test_RNAseq/output, sample_id=CRC-2276341_test_neg, map_step_rmdup=hg38_long
    resources: tmpdir=/tmp

Submitted job 75 with external jobid 'Submitted batch job 83952'.
Select jobs to execute...

[Wed Jul 28 18:28:16 2021]
rule add_ReadGroup:
    input: /data/taoyuhuan/RNAseq/test_RNAseq/output/bam/CRC-2276341_test_neg/hg38_long_rmdup.bam
    output: /data/taoyuhuan/RNAseq/test_RNAseq/output/bam/CRC-2276341_test_neg/hg38_long_rmdup_RG.bam
    log: /data/taoyuhuan/RNAseq/test_RNAseq/output/log/CRC-2276341_test_neg/gatk/add_readgroup.log
    jobid: 28
    wildcards: output_dir=/data/taoyuhuan/RNAseq/test_RNAseq/output, sample_id=CRC-2276341_test_neg
    resources: tmpdir=/tmp

Submitted job 28 with external jobid 'Submitted batch job 83953'.
Waiting at most 60 seconds for missing files.
[Wed Jul 28 18:28:46 2021]
Finished job 75.
66 of 81 steps (81%) done
Select jobs to execute...
Waiting at most 60 seconds for missing files.
[Wed Jul 28 18:29:16 2021]
Finished job 28.
67 of 81 steps (83%) done

[Wed Jul 28 18:29:16 2021]
rule count_bam_read_pairs:
    input: /data/taoyuhuan/RNAseq/test_RNAseq/output/log/CRC-2276341_test_neg/samtool_stats/hg38_long.txt
    output: /data/taoyuhuan/RNAseq/test_RNAseq/output/log/CRC-2276341_test_neg/read_pair/hg38_long.txt
    jobid: 69
    wildcards: output_dir=/data/taoyuhuan/RNAseq/test_RNAseq/output, sample_id=CRC-2276341_test_neg, map_step=hg38_long
    resources: tmpdir=/tmp

Submitted job 69 with external jobid 'Submitted batch job 83954'.
Select jobs to execute...

[Wed Jul 28 18:29:16 2021]
rule samtools_stats:
    input: /data/taoyuhuan/RNAseq/test_RNAseq/output/bam/CRC-2276341_test_neg/circRNA.bam
    output: /data/taoyuhuan/RNAseq/test_RNAseq/output/log/CRC-2276341_test_neg/samtool_stats/circRNA.txt
    jobid: 52
    wildcards: output_dir=/data/taoyuhuan/RNAseq/test_RNAseq/output, sample_id=CRC-2276341_test_neg, map_step=circRNA
    resources: tmpdir=/tmp

Submitted job 52 with external jobid 'Submitted batch job 83955'.
Waiting at most 60 seconds for missing files.
[Wed Jul 28 18:30:16 2021]
Finished job 69.
68 of 81 steps (84%) done
Select jobs to execute...
[Wed Jul 28 18:30:16 2021]
Finished job 52.
69 of 81 steps (85%) done

[Wed Jul 28 18:30:17 2021]
rule sort_bam_by_name:
    input: /data/taoyuhuan/RNAseq/test_RNAseq/output/bam/CRC-2276341_test_neg/circRNA.bam
    output: /data/taoyuhuan/RNAseq/test_RNAseq/output/bam/CRC-2276341_test_neg/circRNA_sortbyName.bam
    jobid: 20
    wildcards: output_dir=/data/taoyuhuan/RNAseq/test_RNAseq/output, sample_id=CRC-2276341_test_neg, map_step_sortbyName=circRNA
    resources: tmpdir=/tmp

Submitted job 20 with external jobid 'Submitted batch job 83956'.
Select jobs to execute...

[Wed Jul 28 18:30:17 2021]
rule count_bam_read_pairs:
    input: /data/taoyuhuan/RNAseq/test_RNAseq/output/log/CRC-2276341_test_neg/samtool_stats/circRNA.txt
    output: /data/taoyuhuan/RNAseq/test_RNAseq/output/log/CRC-2276341_test_neg/read_pair/circRNA.txt
    jobid: 70
    wildcards: output_dir=/data/taoyuhuan/RNAseq/test_RNAseq/output, sample_id=CRC-2276341_test_neg, map_step=circRNA
    resources: tmpdir=/tmp

Submitted job 70 with external jobid 'Submitted batch job 83957'.
Waiting at most 60 seconds for missing files.
[Wed Jul 28 18:31:17 2021]
Finished job 20.
70 of 81 steps (86%) done
Select jobs to execute...
[Wed Jul 28 18:31:17 2021]
Finished job 70.
71 of 81 steps (88%) done

[Wed Jul 28 18:31:17 2021]
rule genomic_region:
    input: /data/taoyuhuan/RNAseq/test_RNAseq/output/bam/CRC-2276341_test_neg/hg38_long.bam
    output: /data/taoyuhuan/RNAseq/test_RNAseq/output/log/CRC-2276341_test_neg/genomic_region
    log: /data/taoyuhuan/RNAseq/test_RNAseq/output/log/CRC-2276341_test_neg/genomic_region/genomic_region.log
    jobid: 80
    wildcards: output_dir=/data/taoyuhuan/RNAseq/test_RNAseq/output, sample_id=CRC-2276341_test_neg
    resources: tmpdir=/tmp

Submitted job 80 with external jobid 'Submitted batch job 83958'.
Select jobs to execute...

[Wed Jul 28 18:31:17 2021]
rule featurecounts:
    input: /data/taoyuhuan/RNAseq/test_RNAseq/output/bam/CRC-2276341_test_neg/hg38_long_sortbyName.bam, /data/taoyuhuan/RNAseq/reference/gtf/long_RNA.gtf
    output: /data/taoyuhuan/RNAseq/test_RNAseq/output/counts/featurecounts/CRC-2276341_test_neg/hg38_long, /data/taoyuhuan/RNAseq/test_RNAseq/output/counts/featurecounts/CRC-2276341_test_neg/hg38_long.summary
    log: /data/taoyuhuan/RNAseq/test_RNAseq/output/log/CRC-2276341_test_neg/featurecount/hg38_long.log
    jobid: 32
    wildcards: output_dir=/data/taoyuhuan/RNAseq/test_RNAseq/output, sample_id=CRC-2276341_test_neg
    resources: tmpdir=/tmp

Submitted job 32 with external jobid 'Submitted batch job 83959'.
Waiting at most 60 seconds for missing files.
[Wed Jul 28 18:32:18 2021]
Finished job 32.
72 of 81 steps (89%) done
Select jobs to execute...

[Wed Jul 28 18:32:18 2021]
rule remove_duplicates:
    input: /data/taoyuhuan/RNAseq/test_RNAseq/output/bam/CRC-2276341_test_neg/circRNA_sortbyName.bam
    output: /data/taoyuhuan/RNAseq/test_RNAseq/output/bam/CRC-2276341_test_neg/circRNA_rmdup.bam, /data/taoyuhuan/RNAseq/test_RNAseq/output/log/CRC-2276341_test_neg/remove_duplicate/circRNA_rmdup
    log: /data/taoyuhuan/RNAseq/test_RNAseq/output/log/CRC-2276341_test_neg/picard_rmdup/circRNA_remove_duplicates.log
    jobid: 26
    wildcards: output_dir=/data/taoyuhuan/RNAseq/test_RNAseq/output, sample_id=CRC-2276341_test_neg, map_step_sortbyName=circRNA
    resources: tmpdir=/tmp

Submitted job 26 with external jobid 'Submitted batch job 83960'.
Waiting at most 60 seconds for missing files.
[Wed Jul 28 18:33:18 2021]
Finished job 26.
73 of 81 steps (90%) done
Select jobs to execute...

[Wed Jul 28 18:33:18 2021]
rule samtools_stats_rmdup:
    input: /data/taoyuhuan/RNAseq/test_RNAseq/output/bam/CRC-2276341_test_neg/circRNA_rmdup.bam
    output: /data/taoyuhuan/RNAseq/test_RNAseq/output/log/CRC-2276341_test_neg/samtool_stats/circRNA_rmdup.txt
    jobid: 58
    wildcards: output_dir=/data/taoyuhuan/RNAseq/test_RNAseq/output, sample_id=CRC-2276341_test_neg, map_step_rmdup=circRNA
    resources: tmpdir=/tmp

Submitted job 58 with external jobid 'Submitted batch job 83961'.
[Wed Jul 28 18:33:28 2021]
Finished job 80.
74 of 81 steps (91%) done
Select jobs to execute...
Waiting at most 60 seconds for missing files.
[Wed Jul 28 18:34:18 2021]
Finished job 58.
75 of 81 steps (93%) done

[Wed Jul 28 18:34:18 2021]
rule get_Intron_spanning:
    input: /data/taoyuhuan/RNAseq/test_RNAseq/output/bam/CRC-2276341_test_neg/hg38_long_rmdup_RG.bam
    output: /data/taoyuhuan/RNAseq/test_RNAseq/output/bam/CRC-2276341_test_neg/hg38_long_intron_spanning.bam
    log: /data/taoyuhuan/RNAseq/test_RNAseq/output/log/CRC-2276341_test_neg/gatk/get_intron_spanning.log
    jobid: 30
    wildcards: output_dir=/data/taoyuhuan/RNAseq/test_RNAseq/output, sample_id=CRC-2276341_test_neg
    resources: tmpdir=/tmp

Submitted job 30 with external jobid 'Submitted batch job 83962'.
Select jobs to execute...

[Wed Jul 28 18:34:18 2021]
rule count_bam_rmdup_read_pairs:
    input: /data/taoyuhuan/RNAseq/test_RNAseq/output/log/CRC-2276341_test_neg/samtool_stats/circRNA_rmdup.txt
    output: /data/taoyuhuan/RNAseq/test_RNAseq/output/log/CRC-2276341_test_neg/read_pair/circRNA_rmdup.txt
    jobid: 76
    wildcards: output_dir=/data/taoyuhuan/RNAseq/test_RNAseq/output, sample_id=CRC-2276341_test_neg, map_step_rmdup=circRNA
    resources: tmpdir=/tmp

Submitted job 76 with external jobid 'Submitted batch job 83963'.
Waiting at most 60 seconds for missing files.
[Wed Jul 28 18:35:18 2021]
Finished job 76.
76 of 81 steps (94%) done
[Wed Jul 28 18:37:28 2021]
Finished job 30.
77 of 81 steps (95%) done
Select jobs to execute...

[Wed Jul 28 18:37:28 2021]
rule samtools_stats_intron_spanning:
    input: /data/taoyuhuan/RNAseq/test_RNAseq/output/bam/CRC-2276341_test_neg/hg38_long_intron_spanning.bam
    output: /data/taoyuhuan/RNAseq/test_RNAseq/output/log/CRC-2276341_test_neg/samtool_stats/hg38_long_intron_spanning.txt
    jobid: 60
    wildcards: output_dir=/data/taoyuhuan/RNAseq/test_RNAseq/output, sample_id=CRC-2276341_test_neg
    resources: tmpdir=/tmp

Submitted job 60 with external jobid 'Submitted batch job 83964'.

[Wed Jul 28 18:37:28 2021]
rule featurecounts_intron_spanning:
    input: /data/taoyuhuan/RNAseq/test_RNAseq/output/bam/CRC-2276341_test_neg/hg38_long_intron_spanning.bam, /data/taoyuhuan/RNAseq/reference/gtf/long_RNA.gtf
    output: /data/taoyuhuan/RNAseq/test_RNAseq/output/counts/featurecounts/CRC-2276341_test_neg/hg38_long_intron_spanning, /data/taoyuhuan/RNAseq/test_RNAseq/output/counts/featurecounts/CRC-2276341_test_neg/hg38_long_intron_spanning.summary
    log: /data/taoyuhuan/RNAseq/test_RNAseq/output/log/CRC-2276341_test_neg/featurecount/hg38_long_intron_spanning.log
    jobid: 36
    wildcards: output_dir=/data/taoyuhuan/RNAseq/test_RNAseq/output, sample_id=CRC-2276341_test_neg
    resources: tmpdir=/tmp

Submitted job 36 with external jobid 'Submitted batch job 83965'.
Waiting at most 60 seconds for missing files.
[Wed Jul 28 18:38:28 2021]
Finished job 60.
78 of 81 steps (96%) done
Select jobs to execute...
[Wed Jul 28 18:38:28 2021]
Finished job 36.
79 of 81 steps (98%) done

[Wed Jul 28 18:38:28 2021]
rule count_bam_intron_spanning_read_pairs:
    input: /data/taoyuhuan/RNAseq/test_RNAseq/output/log/CRC-2276341_test_neg/samtool_stats/hg38_long_intron_spanning.txt
    output: /data/taoyuhuan/RNAseq/test_RNAseq/output/log/CRC-2276341_test_neg/read_pair/hg38_long_intron_spanning.txt
    jobid: 78
    wildcards: output_dir=/data/taoyuhuan/RNAseq/test_RNAseq/output, sample_id=CRC-2276341_test_neg
    resources: tmpdir=/tmp

Submitted job 78 with external jobid 'Submitted batch job 83966'.
Waiting at most 60 seconds for missing files.
[Wed Jul 28 18:39:28 2021]
Finished job 78.
80 of 81 steps (99%) done
Select jobs to execute...

[Wed Jul 28 18:39:28 2021]
localrule all:
    input: /data/taoyuhuan/RNAseq/test_RNAseq/output/cutadapt/CRC-2418488_test_neg_1.fastq.gz, /data/taoyuhuan/RNAseq/test_RNAseq/output/cutadapt/CRC-2418488_test_neg_2.fastq.gz, /data/taoyuhuan/RNAseq/test_RNAseq/output/cutadapt/CRC-2276341_test_neg_1.fastq.gz, /data/taoyuhuan/RNAseq/test_RNAseq/output/cutadapt/CRC-2276341_test_neg_2.fastq.gz, /data/taoyuhuan/RNAseq/test_RNAseq/output/trimGC/CRC-2418488_test_neg_1.fastq.gz, /data/taoyuhuan/RNAseq/test_RNAseq/output/trimGC/CRC-2418488_test_neg_2.fastq.gz, /data/taoyuhuan/RNAseq/test_RNAseq/output/trimGC/CRC-2276341_test_neg_1.fastq.gz, /data/taoyuhuan/RNAseq/test_RNAseq/output/trimGC/CRC-2276341_test_neg_2.fastq.gz, /data/taoyuhuan/RNAseq/test_RNAseq/output/bam/CRC-2418488_test_neg/spikein_long.bam, /data/taoyuhuan/RNAseq/test_RNAseq/output/bam/CRC-2418488_test_neg/univec.bam, /data/taoyuhuan/RNAseq/test_RNAseq/output/bam/CRC-2418488_test_neg/rRNA.bam, /data/taoyuhuan/RNAseq/test_RNAseq/output/bam/CRC-2418488_test_neg/hg38_long.bam, /data/taoyuhuan/RNAseq/test_RNAseq/output/bam/CRC-2418488_test_neg/circRNA.bam, /data/taoyuhuan/RNAseq/test_RNAseq/output/bam/CRC-2276341_test_neg/spikein_long.bam, /data/taoyuhuan/RNAseq/test_RNAseq/output/bam/CRC-2276341_test_neg/univec.bam, /data/taoyuhuan/RNAseq/test_RNAseq/output/bam/CRC-2276341_test_neg/rRNA.bam, /data/taoyuhuan/RNAseq/test_RNAseq/output/bam/CRC-2276341_test_neg/hg38_long.bam, /data/taoyuhuan/RNAseq/test_RNAseq/output/bam/CRC-2276341_test_neg/circRNA.bam, /data/taoyuhuan/RNAseq/test_RNAseq/output/bam/CRC-2418488_test_neg/rRNA_sortbyName.bam, /data/taoyuhuan/RNAseq/test_RNAseq/output/bam/CRC-2418488_test_neg/hg38_long_sortbyName.bam, /data/taoyuhuan/RNAseq/test_RNAseq/output/bam/CRC-2418488_test_neg/circRNA_sortbyName.bam, /data/taoyuhuan/RNAseq/test_RNAseq/output/bam/CRC-2276341_test_neg/rRNA_sortbyName.bam, /data/taoyuhuan/RNAseq/test_RNAseq/output/bam/CRC-2276341_test_neg/hg38_long_sortbyName.bam, /data/taoyuhuan/RNAseq/test_RNAseq/output/bam/CRC-2276341_test_neg/circRNA_sortbyName.bam, /data/taoyuhuan/RNAseq/test_RNAseq/output/bam/CRC-2418488_test_neg/rRNA_rmdup.bam, /data/taoyuhuan/RNAseq/test_RNAseq/output/bam/CRC-2418488_test_neg/hg38_long_rmdup.bam, /data/taoyuhuan/RNAseq/test_RNAseq/output/bam/CRC-2418488_test_neg/circRNA_rmdup.bam, /data/taoyuhuan/RNAseq/test_RNAseq/output/bam/CRC-2276341_test_neg/rRNA_rmdup.bam, /data/taoyuhuan/RNAseq/test_RNAseq/output/bam/CRC-2276341_test_neg/hg38_long_rmdup.bam, /data/taoyuhuan/RNAseq/test_RNAseq/output/bam/CRC-2276341_test_neg/circRNA_rmdup.bam, /data/taoyuhuan/RNAseq/test_RNAseq/output/bam/CRC-2418488_test_neg/hg38_long_rmdup_RG.bam, /data/taoyuhuan/RNAseq/test_RNAseq/output/bam/CRC-2276341_test_neg/hg38_long_rmdup_RG.bam, /data/taoyuhuan/RNAseq/test_RNAseq/output/bam/CRC-2418488_test_neg/hg38_long_intron_spanning.bam, /data/taoyuhuan/RNAseq/test_RNAseq/output/bam/CRC-2276341_test_neg/hg38_long_intron_spanning.bam, /data/taoyuhuan/RNAseq/test_RNAseq/output/unmapped/CRC-2418488_test_neg/spikein_long_1.fastq.gz, /data/taoyuhuan/RNAseq/test_RNAseq/output/unmapped/CRC-2418488_test_neg/spikein_long_2.fastq.gz, /data/taoyuhuan/RNAseq/test_RNAseq/output/unmapped/CRC-2418488_test_neg/univec_1.fastq.gz, /data/taoyuhuan/RNAseq/test_RNAseq/output/unmapped/CRC-2418488_test_neg/univec_2.fastq.gz, /data/taoyuhuan/RNAseq/test_RNAseq/output/unmapped/CRC-2418488_test_neg/rRNA_1.fastq.gz, /data/taoyuhuan/RNAseq/test_RNAseq/output/unmapped/CRC-2418488_test_neg/rRNA_2.fastq.gz, /data/taoyuhuan/RNAseq/test_RNAseq/output/unmapped/CRC-2418488_test_neg/hg38_long_1.fastq.gz, /data/taoyuhuan/RNAseq/test_RNAseq/output/unmapped/CRC-2418488_test_neg/hg38_long_2.fastq.gz, /data/taoyuhuan/RNAseq/test_RNAseq/output/unmapped/CRC-2418488_test_neg/circRNA_1.fastq.gz, /data/taoyuhuan/RNAseq/test_RNAseq/output/unmapped/CRC-2418488_test_neg/circRNA_2.fastq.gz, /data/taoyuhuan/RNAseq/test_RNAseq/output/unmapped/CRC-2276341_test_neg/spikein_long_1.fastq.gz, /data/taoyuhuan/RNAseq/test_RNAseq/output/unmapped/CRC-2276341_test_neg/spikein_long_2.fastq.gz, /data/taoyuhuan/RNAseq/test_RNAseq/output/unmapped/CRC-2276341_test_neg/univec_1.fastq.gz, /data/taoyuhuan/RNAseq/test_RNAseq/output/unmapped/CRC-2276341_test_neg/univec_2.fastq.gz, /data/taoyuhuan/RNAseq/test_RNAseq/output/unmapped/CRC-2276341_test_neg/rRNA_1.fastq.gz, /data/taoyuhuan/RNAseq/test_RNAseq/output/unmapped/CRC-2276341_test_neg/rRNA_2.fastq.gz, /data/taoyuhuan/RNAseq/test_RNAseq/output/unmapped/CRC-2276341_test_neg/hg38_long_1.fastq.gz, /data/taoyuhuan/RNAseq/test_RNAseq/output/unmapped/CRC-2276341_test_neg/hg38_long_2.fastq.gz, /data/taoyuhuan/RNAseq/test_RNAseq/output/unmapped/CRC-2276341_test_neg/circRNA_1.fastq.gz, /data/taoyuhuan/RNAseq/test_RNAseq/output/unmapped/CRC-2276341_test_neg/circRNA_2.fastq.gz, /data/taoyuhuan/RNAseq/test_RNAseq/output/counts/featurecounts/CRC-2418488_test_neg/hg38_long, /data/taoyuhuan/RNAseq/test_RNAseq/output/counts/featurecounts/CRC-2276341_test_neg/hg38_long, /data/taoyuhuan/RNAseq/test_RNAseq/output/counts/featurecounts/CRC-2418488_test_neg/hg38_long_rmdup, /data/taoyuhuan/RNAseq/test_RNAseq/output/counts/featurecounts/CRC-2276341_test_neg/hg38_long_rmdup, /data/taoyuhuan/RNAseq/test_RNAseq/output/counts/featurecounts/CRC-2418488_test_neg/hg38_long_intron_spanning, /data/taoyuhuan/RNAseq/test_RNAseq/output/counts/featurecounts/CRC-2276341_test_neg/hg38_long_intron_spanning, /data/taoyuhuan/RNAseq/test_RNAseq/output/counts/featurecounts/CRC-2418488_test_neg/hg38_long.summary, /data/taoyuhuan/RNAseq/test_RNAseq/output/counts/featurecounts/CRC-2276341_test_neg/hg38_long.summary, /data/taoyuhuan/RNAseq/test_RNAseq/output/counts/featurecounts/CRC-2418488_test_neg/hg38_long_rmdup.summary, /data/taoyuhuan/RNAseq/test_RNAseq/output/counts/featurecounts/CRC-2276341_test_neg/hg38_long_rmdup.summary, /data/taoyuhuan/RNAseq/test_RNAseq/output/counts/featurecounts/CRC-2418488_test_neg/hg38_long_intron_spanning.summary, /data/taoyuhuan/RNAseq/test_RNAseq/output/counts/featurecounts/CRC-2276341_test_neg/hg38_long_intron_spanning.summary, /data/taoyuhuan/RNAseq/test_RNAseq/output/log/CRC-2418488_test_neg/read_pair/cutadapt.txt, /data/taoyuhuan/RNAseq/test_RNAseq/output/log/CRC-2418488_test_neg/read_pair/trimGC.txt, /data/taoyuhuan/RNAseq/test_RNAseq/output/log/CRC-2276341_test_neg/read_pair/cutadapt.txt, /data/taoyuhuan/RNAseq/test_RNAseq/output/log/CRC-2276341_test_neg/read_pair/trimGC.txt, /data/taoyuhuan/RNAseq/test_RNAseq/output/log/CRC-2418488_test_neg/read_pair/raw.txt, /data/taoyuhuan/RNAseq/test_RNAseq/output/log/CRC-2276341_test_neg/read_pair/raw.txt, /data/taoyuhuan/RNAseq/test_RNAseq/output/log/CRC-2418488_test_neg/samtool_stats/spikein_long.txt, /data/taoyuhuan/RNAseq/test_RNAseq/output/log/CRC-2418488_test_neg/samtool_stats/univec.txt, /data/taoyuhuan/RNAseq/test_RNAseq/output/log/CRC-2418488_test_neg/samtool_stats/rRNA.txt, /data/taoyuhuan/RNAseq/test_RNAseq/output/log/CRC-2418488_test_neg/samtool_stats/hg38_long.txt, /data/taoyuhuan/RNAseq/test_RNAseq/output/log/CRC-2418488_test_neg/samtool_stats/circRNA.txt, /data/taoyuhuan/RNAseq/test_RNAseq/output/log/CRC-2276341_test_neg/samtool_stats/spikein_long.txt, /data/taoyuhuan/RNAseq/test_RNAseq/output/log/CRC-2276341_test_neg/samtool_stats/univec.txt, /data/taoyuhuan/RNAseq/test_RNAseq/output/log/CRC-2276341_test_neg/samtool_stats/rRNA.txt, /data/taoyuhuan/RNAseq/test_RNAseq/output/log/CRC-2276341_test_neg/samtool_stats/hg38_long.txt, /data/taoyuhuan/RNAseq/test_RNAseq/output/log/CRC-2276341_test_neg/samtool_stats/circRNA.txt, /data/taoyuhuan/RNAseq/test_RNAseq/output/log/CRC-2418488_test_neg/samtool_stats/rRNA_rmdup.txt, /data/taoyuhuan/RNAseq/test_RNAseq/output/log/CRC-2418488_test_neg/samtool_stats/hg38_long_rmdup.txt, /data/taoyuhuan/RNAseq/test_RNAseq/output/log/CRC-2418488_test_neg/samtool_stats/circRNA_rmdup.txt, /data/taoyuhuan/RNAseq/test_RNAseq/output/log/CRC-2276341_test_neg/samtool_stats/rRNA_rmdup.txt, /data/taoyuhuan/RNAseq/test_RNAseq/output/log/CRC-2276341_test_neg/samtool_stats/hg38_long_rmdup.txt, /data/taoyuhuan/RNAseq/test_RNAseq/output/log/CRC-2276341_test_neg/samtool_stats/circRNA_rmdup.txt, /data/taoyuhuan/RNAseq/test_RNAseq/output/log/CRC-2418488_test_neg/samtool_stats/hg38_long_intron_spanning.txt, /data/taoyuhuan/RNAseq/test_RNAseq/output/log/CRC-2276341_test_neg/samtool_stats/hg38_long_intron_spanning.txt, /data/taoyuhuan/RNAseq/test_RNAseq/output/log/CRC-2418488_test_neg/read_pair/spikein_long.txt, /data/taoyuhuan/RNAseq/test_RNAseq/output/log/CRC-2418488_test_neg/read_pair/univec.txt, /data/taoyuhuan/RNAseq/test_RNAseq/output/log/CRC-2418488_test_neg/read_pair/rRNA.txt, /data/taoyuhuan/RNAseq/test_RNAseq/output/log/CRC-2418488_test_neg/read_pair/hg38_long.txt, /data/taoyuhuan/RNAseq/test_RNAseq/output/log/CRC-2418488_test_neg/read_pair/circRNA.txt, /data/taoyuhuan/RNAseq/test_RNAseq/output/log/CRC-2276341_test_neg/read_pair/spikein_long.txt, /data/taoyuhuan/RNAseq/test_RNAseq/output/log/CRC-2276341_test_neg/read_pair/univec.txt, /data/taoyuhuan/RNAseq/test_RNAseq/output/log/CRC-2276341_test_neg/read_pair/rRNA.txt, /data/taoyuhuan/RNAseq/test_RNAseq/output/log/CRC-2276341_test_neg/read_pair/hg38_long.txt, /data/taoyuhuan/RNAseq/test_RNAseq/output/log/CRC-2276341_test_neg/read_pair/circRNA.txt, /data/taoyuhuan/RNAseq/test_RNAseq/output/log/CRC-2418488_test_neg/read_pair/rRNA_rmdup.txt, /data/taoyuhuan/RNAseq/test_RNAseq/output/log/CRC-2418488_test_neg/read_pair/hg38_long_rmdup.txt, /data/taoyuhuan/RNAseq/test_RNAseq/output/log/CRC-2418488_test_neg/read_pair/circRNA_rmdup.txt, /data/taoyuhuan/RNAseq/test_RNAseq/output/log/CRC-2276341_test_neg/read_pair/rRNA_rmdup.txt, /data/taoyuhuan/RNAseq/test_RNAseq/output/log/CRC-2276341_test_neg/read_pair/hg38_long_rmdup.txt, /data/taoyuhuan/RNAseq/test_RNAseq/output/log/CRC-2276341_test_neg/read_pair/circRNA_rmdup.txt, /data/taoyuhuan/RNAseq/test_RNAseq/output/log/CRC-2418488_test_neg/read_pair/hg38_long_intron_spanning.txt, /data/taoyuhuan/RNAseq/test_RNAseq/output/log/CRC-2276341_test_neg/read_pair/hg38_long_intron_spanning.txt, /data/taoyuhuan/RNAseq/test_RNAseq/output/log/CRC-2418488_test_neg/genomic_region, /data/taoyuhuan/RNAseq/test_RNAseq/output/log/CRC-2276341_test_neg/genomic_region
    jobid: 0
    resources: tmpdir=/tmp

[Wed Jul 28 18:39:28 2021]
Finished job 0.
81 of 81 steps (100%) done
Complete log: /data/taoyuhuan/RNAseq/test_RNAseq/.snakemake/log/2021-07-28T175245.928142.snakemake.log
